2026-05-18T01:23:07.6878177Z Current runner version: '2.334.0'
2026-05-18T01:23:07.6905570Z ##[group]Runner Image Provisioner
2026-05-18T01:23:07.6906650Z Hosted Compute Agent
2026-05-18T01:23:07.6907475Z Version: 20260213.493
2026-05-18T01:23:07.6908130Z Commit: 5c115507f6dd24b8de37d8bbe0bb4509d0cc0fa3
2026-05-18T01:23:07.6908933Z Build Date: 2026-02-13T00:28:41Z
2026-05-18T01:23:07.6909899Z Worker ID: {75ce63bc-13ee-43b1-ae4f-a7e929036871}
2026-05-18T01:23:07.6910633Z Azure Region: eastus2
2026-05-18T01:23:07.6911246Z ##[endgroup]
2026-05-18T01:23:07.6912692Z ##[group]Operating System
2026-05-18T01:23:07.6913313Z Ubuntu
2026-05-18T01:23:07.6913773Z 24.04.4
2026-05-18T01:23:07.6914352Z LTS
2026-05-18T01:23:07.6914787Z ##[endgroup]
2026-05-18T01:23:07.6915285Z ##[group]Runner Image
2026-05-18T01:23:07.6915906Z Image: ubuntu-24.04
2026-05-18T01:23:07.6916382Z Version: 20260513.135.3
2026-05-18T01:23:07.6917630Z Included Software: https://github.com/actions/runner-images/blob/ubuntu24/20260513.135/images/ubuntu/Ubuntu2404-Readme.md
2026-05-18T01:23:07.6919057Z Image Release: https://github.com/actions/runner-images/releases/tag/ubuntu24%2F20260513.135
2026-05-18T01:23:07.6920128Z ##[endgroup]
2026-05-18T01:23:07.6921492Z ##[group]GITHUB_TOKEN Permissions
2026-05-18T01:23:07.6923837Z Actions: write
2026-05-18T01:23:07.6924478Z Contents: write
2026-05-18T01:23:07.6924960Z Metadata: read
2026-05-18T01:23:07.6925490Z PullRequests: write
2026-05-18T01:23:07.6926342Z Statuses: write
2026-05-18T01:23:07.6926884Z ##[endgroup]
2026-05-18T01:23:07.6929761Z Secret source: Actions
2026-05-18T01:23:07.6930764Z Prepare workflow directory
2026-05-18T01:23:07.7268226Z Prepare all required actions
2026-05-18T01:23:07.7306640Z Getting action download info
2026-05-18T01:23:08.0262775Z Download action repository 'actions/checkout@v6' (SHA:de0fac2e4500dabe0009e67214ff5f5447ce83dd)
2026-05-18T01:23:08.1838606Z Download action repository 'actions/upload-artifact@v5' (SHA:330a01c490aca151604b8cf639adc76d48f6c5d4)
2026-05-18T01:23:08.4420101Z Complete job name: Smoke test: stock R
2026-05-18T01:23:08.5193417Z ##[group]Run actions/checkout@v6
2026-05-18T01:23:08.5194201Z with:
2026-05-18T01:23:08.5194601Z   ref: 632b00c2a659656b38f2430af5b533412a88add2
2026-05-18T01:23:08.5195156Z   repository: krlmlr/duckdb-r
2026-05-18T01:23:08.5195795Z   token: ***
2026-05-18T01:23:08.5196171Z   ssh-strict: true
2026-05-18T01:23:08.5196543Z   ssh-user: git
2026-05-18T01:23:08.5196929Z   persist-credentials: true
2026-05-18T01:23:08.5197343Z   clean: true
2026-05-18T01:23:08.5197711Z   sparse-checkout-cone-mode: true
2026-05-18T01:23:08.5198170Z   fetch-depth: 1
2026-05-18T01:23:08.5198527Z   fetch-tags: false
2026-05-18T01:23:08.5198905Z   show-progress: true
2026-05-18T01:23:08.5199271Z   lfs: false
2026-05-18T01:23:08.5199798Z   submodules: false
2026-05-18T01:23:08.5200179Z   set-safe-directory: true
2026-05-18T01:23:08.5200780Z ##[endgroup]
2026-05-18T01:23:08.6233769Z Syncing repository: krlmlr/duckdb-r
2026-05-18T01:23:08.6235728Z ##[group]Getting Git version info
2026-05-18T01:23:08.6236510Z Working directory is '/home/runner/work/duckdb-r/duckdb-r'
2026-05-18T01:23:08.6237468Z [command]/usr/bin/git version
2026-05-18T01:23:08.6284922Z git version 2.54.0
2026-05-18T01:23:08.6307274Z ##[endgroup]
2026-05-18T01:23:08.6323939Z Temporarily overriding HOME='/home/runner/work/_temp/1f13da3d-de44-4fdb-8899-dbb69cc22520' before making global git config changes
2026-05-18T01:23:08.6326053Z Adding repository directory to the temporary git global config as a safe directory
2026-05-18T01:23:08.6330428Z [command]/usr/bin/git config --global --add safe.directory /home/runner/work/duckdb-r/duckdb-r
2026-05-18T01:23:08.6384070Z Deleting the contents of '/home/runner/work/duckdb-r/duckdb-r'
2026-05-18T01:23:08.6388933Z ##[group]Initializing the repository
2026-05-18T01:23:08.6394492Z [command]/usr/bin/git init /home/runner/work/duckdb-r/duckdb-r
2026-05-18T01:23:08.6497949Z hint: Using 'master' as the name for the initial branch. This default branch name
2026-05-18T01:23:08.6499841Z hint: will change to "main" in Git 3.0. To configure the initial branch name
2026-05-18T01:23:08.6501534Z hint: to use in all of your new repositories, which will suppress this warning,
2026-05-18T01:23:08.6502903Z hint: call:
2026-05-18T01:23:08.6503385Z hint:
2026-05-18T01:23:08.6503867Z hint: 	git config --global init.defaultBranch <name>
2026-05-18T01:23:08.6504437Z hint:
2026-05-18T01:23:08.6504971Z hint: Names commonly chosen instead of 'master' are 'main', 'trunk' and
2026-05-18T01:23:08.6505823Z hint: 'development'. The just-created branch can be renamed via this command:
2026-05-18T01:23:08.6506481Z hint:
2026-05-18T01:23:08.6506851Z hint: 	git branch -m <name>
2026-05-18T01:23:08.6507265Z hint:
2026-05-18T01:23:08.6508098Z hint: Disable this message with "git config set advice.defaultBranchName false"
2026-05-18T01:23:08.6509341Z Initialized empty Git repository in /home/runner/work/duckdb-r/duckdb-r/.git/
2026-05-18T01:23:08.6513857Z [command]/usr/bin/git remote add origin https://github.com/krlmlr/duckdb-r
2026-05-18T01:23:08.6559937Z ##[endgroup]
2026-05-18T01:23:08.6560646Z ##[group]Disabling automatic garbage collection
2026-05-18T01:23:08.6563613Z [command]/usr/bin/git config --local gc.auto 0
2026-05-18T01:23:08.6600846Z ##[endgroup]
2026-05-18T01:23:08.6602125Z ##[group]Setting up auth
2026-05-18T01:23:08.6602848Z Removing SSH command configuration
2026-05-18T01:23:08.6609266Z [command]/usr/bin/git config --local --name-only --get-regexp core\.sshCommand
2026-05-18T01:23:08.6651741Z [command]/usr/bin/git submodule foreach --recursive sh -c "git config --local --name-only --get-regexp 'core\.sshCommand' && git config --local --unset-all 'core.sshCommand' || :"
2026-05-18T01:23:08.7015863Z Removing HTTP extra header
2026-05-18T01:23:08.7022493Z [command]/usr/bin/git config --local --name-only --get-regexp http\.https\:\/\/github\.com\/\.extraheader
2026-05-18T01:23:08.7059394Z [command]/usr/bin/git submodule foreach --recursive sh -c "git config --local --name-only --get-regexp 'http\.https\:\/\/github\.com\/\.extraheader' && git config --local --unset-all 'http.https://github.com/.extraheader' || :"
2026-05-18T01:23:08.7314252Z Removing includeIf entries pointing to credentials config files
2026-05-18T01:23:08.7319178Z [command]/usr/bin/git config --local --name-only --get-regexp ^includeIf\.gitdir:
2026-05-18T01:23:08.7361685Z [command]/usr/bin/git submodule foreach --recursive git config --local --show-origin --name-only --get-regexp remote.origin.url
2026-05-18T01:23:08.7634223Z [command]/usr/bin/git config --file /home/runner/work/_temp/git-credentials-a03e250e-cb8a-41e2-9d71-1dc3f8bd428c.config http.https://github.com/.extraheader AUTHORIZATION: basic ***
2026-05-18T01:23:08.7681469Z [command]/usr/bin/git config --local includeIf.gitdir:/home/runner/work/duckdb-r/duckdb-r/.git.path /home/runner/work/_temp/git-credentials-a03e250e-cb8a-41e2-9d71-1dc3f8bd428c.config
2026-05-18T01:23:08.7716270Z [command]/usr/bin/git config --local includeIf.gitdir:/home/runner/work/duckdb-r/duckdb-r/.git/worktrees/*.path /home/runner/work/_temp/git-credentials-a03e250e-cb8a-41e2-9d71-1dc3f8bd428c.config
2026-05-18T01:23:08.7751376Z [command]/usr/bin/git config --local includeIf.gitdir:/github/workspace/.git.path /github/runner_temp/git-credentials-a03e250e-cb8a-41e2-9d71-1dc3f8bd428c.config
2026-05-18T01:23:08.7783864Z [command]/usr/bin/git config --local includeIf.gitdir:/github/workspace/.git/worktrees/*.path /github/runner_temp/git-credentials-a03e250e-cb8a-41e2-9d71-1dc3f8bd428c.config
2026-05-18T01:23:08.7811539Z ##[endgroup]
2026-05-18T01:23:08.7812724Z ##[group]Fetching the repository
2026-05-18T01:23:08.7821873Z [command]/usr/bin/git -c protocol.version=2 fetch --no-tags --prune --no-recurse-submodules --depth=1 origin 632b00c2a659656b38f2430af5b533412a88add2
2026-05-18T01:23:10.0820287Z From https://github.com/krlmlr/duckdb-r
2026-05-18T01:23:10.0821828Z  * branch            632b00c2a659656b38f2430af5b533412a88add2 -> FETCH_HEAD
2026-05-18T01:23:10.0864891Z [command]/usr/bin/git rev-parse --verify --quiet 632b00c2a659656b38f2430af5b533412a88add2^{object}
2026-05-18T01:23:10.0893071Z 632b00c2a659656b38f2430af5b533412a88add2
2026-05-18T01:23:10.0898160Z ##[endgroup]
2026-05-18T01:23:10.0905703Z ##[group]Determining the checkout info
2026-05-18T01:23:10.0906873Z ##[endgroup]
2026-05-18T01:23:10.0951508Z [command]/usr/bin/git sparse-checkout disable
2026-05-18T01:23:10.0957314Z [command]/usr/bin/git config --local --unset-all extensions.worktreeConfig
2026-05-18T01:23:10.0989079Z ##[group]Checking out the ref
2026-05-18T01:23:10.0993959Z [command]/usr/bin/git checkout --progress --force 632b00c2a659656b38f2430af5b533412a88add2
2026-05-18T01:23:10.3588311Z Note: switching to '632b00c2a659656b38f2430af5b533412a88add2'.
2026-05-18T01:23:10.3589328Z 
2026-05-18T01:23:10.3590454Z You are in 'detached HEAD' state. You can look around, make experimental
2026-05-18T01:23:10.3591728Z changes and commit them, and you can discard any commits you make in this
2026-05-18T01:23:10.3592823Z state without impacting any branches by switching back to a branch.
2026-05-18T01:23:10.3593584Z 
2026-05-18T01:23:10.3594131Z If you want to create a new branch to retain commits you create, you may
2026-05-18T01:23:10.3595822Z do so (now or later) by using -c with the switch command. Example:
2026-05-18T01:23:10.3596864Z 
2026-05-18T01:23:10.3597310Z   git switch -c <new-branch-name>
2026-05-18T01:23:10.3598081Z 
2026-05-18T01:23:10.3598480Z Or undo this operation with:
2026-05-18T01:23:10.3599069Z 
2026-05-18T01:23:10.3599462Z   git switch -
2026-05-18T01:23:10.3600168Z 
2026-05-18T01:23:10.3601015Z Turn off this advice by setting config variable advice.detachedHead to false
2026-05-18T01:23:10.3602288Z 
2026-05-18T01:23:10.3603576Z HEAD is now at 632b00c vendor: Update vendored sources to duckdb/duckdb@407ba676d9182701a02fe85efb3f1e33b6cbc3be
2026-05-18T01:23:10.3608100Z ##[endgroup]
2026-05-18T01:23:10.3647710Z [command]/usr/bin/git log -1 --format=%H
2026-05-18T01:23:10.3673589Z 632b00c2a659656b38f2430af5b533412a88add2
2026-05-18T01:23:10.3967781Z ##[group]Run echo "Actor: github-actions[bot]"
2026-05-18T01:23:10.3969218Z [36;1mecho "Actor: github-actions[bot]"[0m
2026-05-18T01:23:10.3970540Z [36;1m[0m
2026-05-18T01:23:10.3971376Z [36;1m# Check status of this workflow[0m
2026-05-18T01:23:10.3972483Z [36;1mstate="pending"[0m
2026-05-18T01:23:10.3973622Z [36;1msha=632b00c2a659656b38f2430af5b533412a88add2[0m
2026-05-18T01:23:10.3974843Z [36;1mif [ -z "${sha}" ]; then[0m
2026-05-18T01:23:10.3976025Z [36;1m  sha=e57a48e059ccc9b06d3e702a9b76b2fc5440d91c[0m
2026-05-18T01:23:10.3977230Z [36;1mfi[0m
2026-05-18T01:23:10.3978086Z [36;1msha=$(git rev-parse ${sha})[0m
2026-05-18T01:23:10.3979116Z [36;1m[0m
2026-05-18T01:23:10.3980033Z [36;1mhtml_url=$(gh api \[0m
2026-05-18T01:23:10.3981168Z [36;1m  -H "Accept: application/vnd.github+json" \[0m
2026-05-18T01:23:10.3982489Z [36;1m  -H "X-GitHub-Api-Version: 2022-11-28" \[0m
2026-05-18T01:23:10.3984077Z [36;1m  repos/krlmlr/duckdb-r/actions/runs/26005700499 | jq -r .html_url)[0m
2026-05-18T01:23:10.3985527Z [36;1m[0m
2026-05-18T01:23:10.3986366Z [36;1mdescription="rcc / rcc-smoke"[0m
2026-05-18T01:23:10.3987401Z [36;1m[0m
2026-05-18T01:23:10.3988164Z [36;1mgh api \[0m
2026-05-18T01:23:10.3989023Z [36;1m  --method POST \[0m
2026-05-18T01:23:10.3990226Z [36;1m  -H "Accept: application/vnd.github+json" \[0m
2026-05-18T01:23:10.3991546Z [36;1m  -H "X-GitHub-Api-Version: 2022-11-28" \[0m
2026-05-18T01:23:10.3992852Z [36;1m  repos/krlmlr/duckdb-r/statuses/${sha} \[0m
2026-05-18T01:23:10.3994682Z [36;1m  -f "state=${state}" -f "target_url=${html_url}" -f "description=${description}" -f "context=rcc"[0m
2026-05-18T01:23:10.4038297Z shell: /usr/bin/bash --noprofile --norc -e -o pipefail {0}
2026-05-18T01:23:10.4039834Z env:
2026-05-18T01:23:10.4041111Z   GH_TOKEN: ***
2026-05-18T01:23:10.4041945Z ##[endgroup]
2026-05-18T01:23:10.4131777Z Actor: github-actions[bot]
2026-05-18T01:23:11.1945234Z {"url":"https://api.github.com/repos/krlmlr/duckdb-r/statuses/632b00c2a659656b38f2430af5b533412a88add2","avatar_url":"https://avatars.githubusercontent.com/in/15368?v=4","id":47533375610,"node_id":"SC_kwDOKNSgSc8AAAALETXAeg","state":"pending","description":"rcc / rcc-smoke","target_url":"https://github.com/krlmlr/duckdb-r/actions/runs/26005700499","context":"rcc","created_at":"2026-05-18T01:23:10Z","updated_at":"2026-05-18T01:23:10Z","creator":{"login":"github-actions[bot]","id":41898282,"node_id":"MDM6Qm90NDE4OTgyODI=","avatar_url":"https://avatars.githubusercontent.com/in/15368?v=4","gravatar_id":"","url":"https://api.github.com/users/github-actions%5Bbot%5D","html_url":"https://github.com/apps/github-actions","followers_url":"https://api.github.com/users/github-actions%5Bbot%5D/followers","following_url":"https://api.github.com/users/github-actions%5Bbot%5D/following{/other_user}","gists_url":"https://api.github.com/users/github-actions%5Bbot%5D/gists{/gist_id}","starred_url":"https://api.github.com/users/github-actions%5Bbot%5D/starred{/owner}{/repo}","subscriptions_url":"https://api.github.com/users/github-actions%5Bbot%5D/subscriptions","organizations_url":"https://api.github.com/users/github-actions%5Bbot%5D/orgs","repos_url":"https://api.github.com/users/github-actions%5Bbot%5D/repos","events_url":"https://api.github.com/users/github-actions%5Bbot%5D/events{/privacy}","received_events_url":"https://api.github.com/users/github-actions%5Bbot%5D/received_events","type":"Bot","user_view_type":"public","site_admin":false}}
2026-05-18T01:23:11.2138168Z Prepare all required actions
2026-05-18T01:23:11.2176673Z ##[group]Run ./.github/workflows/rate-limit
2026-05-18T01:23:11.2176978Z with:
2026-05-18T01:23:11.2177314Z   token: ***
2026-05-18T01:23:11.2177511Z ##[endgroup]
2026-05-18T01:23:11.2262876Z ##[group]Run curl -s --header "authorization: ***" https://api.github.com/rate_limit
2026-05-18T01:23:11.2263706Z [36;1mcurl -s --header "authorization: ***" https://api.github.com/rate_limit[0m
2026-05-18T01:23:11.2301683Z shell: /usr/bin/bash --noprofile --norc -e -o pipefail {0}
2026-05-18T01:23:11.2302048Z ##[endgroup]
2026-05-18T01:23:11.3920157Z {
2026-05-18T01:23:11.3920645Z   "resources": {
2026-05-18T01:23:11.3920957Z     "core": {
2026-05-18T01:23:11.3921220Z       "limit": 5000,
2026-05-18T01:23:11.3921486Z       "used": 55,
2026-05-18T01:23:11.3921715Z       "remaining": 4945,
2026-05-18T01:23:11.3921932Z       "reset": 1779070762
2026-05-18T01:23:11.3922139Z     },
2026-05-18T01:23:11.3922312Z     "search": {
2026-05-18T01:23:11.3922618Z       "limit": 30,
2026-05-18T01:23:11.3922799Z       "used": 0,
2026-05-18T01:23:11.3922999Z       "remaining": 30,
2026-05-18T01:23:11.3923203Z       "reset": 1779067451
2026-05-18T01:23:11.3923404Z     },
2026-05-18T01:23:11.3923570Z     "graphql": {
2026-05-18T01:23:11.3923764Z       "limit": 5000,
2026-05-18T01:23:11.3923967Z       "used": 21,
2026-05-18T01:23:11.3924161Z       "remaining": 4979,
2026-05-18T01:23:11.3924366Z       "reset": 1779070817
2026-05-18T01:23:11.3924598Z     },
2026-05-18T01:23:11.3924825Z     "integration_manifest": {
2026-05-18T01:23:11.3925071Z       "limit": 5000,
2026-05-18T01:23:11.3925262Z       "used": 0,
2026-05-18T01:23:11.3925446Z       "remaining": 5000,
2026-05-18T01:23:11.3925661Z       "reset": 1779070991
2026-05-18T01:23:11.3925853Z     },
2026-05-18T01:23:11.3926025Z     "source_import": {
2026-05-18T01:23:11.3926218Z       "limit": 100,
2026-05-18T01:23:11.3926436Z       "used": 0,
2026-05-18T01:23:11.3926682Z       "remaining": 100,
2026-05-18T01:23:11.3926888Z       "reset": 1779067451
2026-05-18T01:23:11.3927086Z     },
2026-05-18T01:23:11.3927262Z     "code_scanning_upload": {
2026-05-18T01:23:11.3927487Z       "limit": 5000,
2026-05-18T01:23:11.3927677Z       "used": 55,
2026-05-18T01:23:11.3927873Z       "remaining": 4945,
2026-05-18T01:23:11.3928076Z       "reset": 1779070762
2026-05-18T01:23:11.3928274Z     },
2026-05-18T01:23:11.3928454Z     "code_scanning_autofix": {
2026-05-18T01:23:11.3928673Z       "limit": 10,
2026-05-18T01:23:11.3928870Z       "used": 0,
2026-05-18T01:23:11.3929051Z       "remaining": 10,
2026-05-18T01:23:11.3929783Z       "reset": 1779067451
2026-05-18T01:23:11.3929971Z     },
2026-05-18T01:23:11.3930160Z     "actions_runner_registration": {
2026-05-18T01:23:11.3930404Z       "limit": 10000,
2026-05-18T01:23:11.3930600Z       "used": 0,
2026-05-18T01:23:11.3930776Z       "remaining": 10000,
2026-05-18T01:23:11.3930982Z       "reset": 1779070991
2026-05-18T01:23:11.3931167Z     },
2026-05-18T01:23:11.3931336Z     "scim": {
2026-05-18T01:23:11.3931522Z       "limit": 15000,
2026-05-18T01:23:11.3931699Z       "used": 0,
2026-05-18T01:23:11.3931880Z       "remaining": 15000,
2026-05-18T01:23:11.3932075Z       "reset": 1779070991
2026-05-18T01:23:11.3932299Z     },
2026-05-18T01:23:11.3932600Z     "dependency_snapshots": {
2026-05-18T01:23:11.3932838Z       "limit": 100,
2026-05-18T01:23:11.3933033Z       "used": 0,
2026-05-18T01:23:11.3933219Z       "remaining": 100,
2026-05-18T01:23:11.3933431Z       "reset": 1779067451
2026-05-18T01:23:11.3933622Z     },
2026-05-18T01:23:11.3933801Z     "dependency_sbom": {
2026-05-18T01:23:11.3934013Z       "limit": 100,
2026-05-18T01:23:11.3934192Z       "used": 0,
2026-05-18T01:23:11.3934369Z       "remaining": 100,
2026-05-18T01:23:11.3934562Z       "reset": 1779067451
2026-05-18T01:23:11.3934744Z     },
2026-05-18T01:23:11.3934917Z     "audit_log": {
2026-05-18T01:23:11.3935103Z       "limit": 1750,
2026-05-18T01:23:11.3935312Z       "used": 0,
2026-05-18T01:23:11.3935783Z       "remaining": 1750,
2026-05-18T01:23:11.3935991Z       "reset": 1779070991
2026-05-18T01:23:11.3936197Z     },
2026-05-18T01:23:11.3936373Z     "audit_log_streaming": {
2026-05-18T01:23:11.3936591Z       "limit": 15,
2026-05-18T01:23:11.3936768Z       "used": 0,
2026-05-18T01:23:11.3936952Z       "remaining": 15,
2026-05-18T01:23:11.3937171Z       "reset": 1779070991
2026-05-18T01:23:11.3937365Z     },
2026-05-18T01:23:11.3937525Z     "code_search": {
2026-05-18T01:23:11.3937717Z       "limit": 10,
2026-05-18T01:23:11.3937897Z       "used": 0,
2026-05-18T01:23:11.3938075Z       "remaining": 10,
2026-05-18T01:23:11.3938285Z       "reset": 1779067451
2026-05-18T01:23:11.3938473Z     }
2026-05-18T01:23:11.3938636Z   },
2026-05-18T01:23:11.3938791Z   "rate": {
2026-05-18T01:23:11.3938973Z     "limit": 5000,
2026-05-18T01:23:11.3939158Z     "used": 55,
2026-05-18T01:23:11.3939351Z     "remaining": 4945,
2026-05-18T01:23:11.3939656Z     "reset": 1779070762
2026-05-18T01:23:11.3939854Z   }
2026-05-18T01:23:11.3940010Z }
2026-05-18T01:23:11.3995013Z Prepare all required actions
2026-05-18T01:23:11.4020961Z ##[group]Run ./.github/workflows/git-identity
2026-05-18T01:23:11.4021259Z ##[endgroup]
2026-05-18T01:23:11.4038120Z ##[group]Run env | sort
2026-05-18T01:23:11.4038387Z [36;1menv | sort[0m
2026-05-18T01:23:11.4038637Z [36;1mgit config --local user.name "$GITHUB_ACTOR"[0m
2026-05-18T01:23:11.4039054Z [36;1mgit config --local user.email "$GITHUB_ACTOR@users.noreply.github.com"[0m
2026-05-18T01:23:11.4076890Z shell: /usr/bin/bash --noprofile --norc -e -o pipefail {0}
2026-05-18T01:23:11.4077225Z ##[endgroup]
2026-05-18T01:23:11.4150992Z ACCEPT_EULA=Y
2026-05-18T01:23:11.4151529Z ACTIONS_ORCHESTRATION_ID=4f96ba4c-be6b-4910-9b99-7ae425cabe30.rcc-smoke.__default
2026-05-18T01:23:11.4152032Z ACTIONS_RUNNER_ACTION_ARCHIVE_CACHE=/opt/actionarchivecache
2026-05-18T01:23:11.4152381Z AGENT_TOOLSDIRECTORY=/opt/hostedtoolcache
2026-05-18T01:23:11.4152665Z ANDROID_HOME=/usr/local/lib/android/sdk
2026-05-18T01:23:11.4153032Z ANDROID_NDK=/usr/local/lib/android/sdk/ndk/27.3.13750724
2026-05-18T01:23:11.4153391Z ANDROID_NDK_HOME=/usr/local/lib/android/sdk/ndk/27.3.13750724
2026-05-18T01:23:11.4153806Z ANDROID_NDK_LATEST_HOME=/usr/local/lib/android/sdk/ndk/29.0.14206865
2026-05-18T01:23:11.4154187Z ANDROID_NDK_ROOT=/usr/local/lib/android/sdk/ndk/27.3.13750724
2026-05-18T01:23:11.4154505Z ANDROID_SDK_ROOT=/usr/local/lib/android/sdk
2026-05-18T01:23:11.4154767Z ANT_HOME=/usr/share/ant
2026-05-18T01:23:11.4154998Z AZURE_EXTENSION_DIR=/opt/az/azcliextensions
2026-05-18T01:23:11.4155286Z BOOTSTRAP_HASKELL_NONINTERACTIVE=1
2026-05-18T01:23:11.4155834Z CHROMEWEBDRIVER=/usr/local/share/chromedriver-linux64
2026-05-18T01:23:11.4156148Z CHROME_BIN=/usr/bin/google-chrome
2026-05-18T01:23:11.4156373Z CI=true
2026-05-18T01:23:11.4156555Z CONDA=/usr/share/miniconda
2026-05-18T01:23:11.4156776Z DEBIAN_FRONTEND=noninteractive
2026-05-18T01:23:11.4157020Z DOTNET_MULTILEVEL_LOOKUP=0
2026-05-18T01:23:11.4157239Z DOTNET_NOLOGO=1
2026-05-18T01:23:11.4157462Z DOTNET_SKIP_FIRST_TIME_EXPERIENCE=1
2026-05-18T01:23:11.4157742Z EDGEWEBDRIVER=/usr/local/share/edge_driver
2026-05-18T01:23:11.4158005Z ENABLE_RUNNER_TRACING=true
2026-05-18T01:23:11.4158260Z GECKOWEBDRIVER=/usr/local/share/gecko_driver
2026-05-18T01:23:11.4158531Z GHCUP_INSTALL_BASE_PREFIX=/usr/local
2026-05-18T01:23:11.4158782Z GITHUB_ACTION=__self_2
2026-05-18T01:23:11.4158980Z GITHUB_ACTIONS=true
2026-05-18T01:23:11.4159347Z GITHUB_ACTION_PATH=/home/runner/work/duckdb-r/duckdb-r/./.github/workflows/git-identity
2026-05-18T01:23:11.4160055Z GITHUB_ACTION_REF=
2026-05-18T01:23:11.4160278Z GITHUB_ACTION_REPOSITORY=
2026-05-18T01:23:11.4160536Z GITHUB_ACTOR=github-actions[bot]
2026-05-18T01:23:11.4160771Z GITHUB_ACTOR_ID=41898282
2026-05-18T01:23:11.4161032Z GITHUB_API_URL=https://api.github.com
2026-05-18T01:23:11.4161279Z GITHUB_BASE_REF=
2026-05-18T01:23:11.4161740Z GITHUB_ENV=/home/runner/work/_temp/_runner_file_commands/set_env_d9170f42-9a1b-43e4-abb6-f81d10a5d953
2026-05-18T01:23:11.4162214Z GITHUB_EVENT_NAME=workflow_dispatch
2026-05-18T01:23:11.4162549Z GITHUB_EVENT_PATH=/home/runner/work/_temp/_github_workflow/event.json
2026-05-18T01:23:11.4162935Z GITHUB_GRAPHQL_URL=https://api.github.com/graphql
2026-05-18T01:23:11.4163216Z GITHUB_HEAD_REF=
2026-05-18T01:23:11.4163411Z GITHUB_JOB=rcc-smoke
2026-05-18T01:23:11.4163825Z GITHUB_OUTPUT=/home/runner/work/_temp/_runner_file_commands/set_output_d9170f42-9a1b-43e4-abb6-f81d10a5d953
2026-05-18T01:23:11.4164471Z GITHUB_PATH=/home/runner/work/_temp/_runner_file_commands/add_path_d9170f42-9a1b-43e4-abb6-f81d10a5d953
2026-05-18T01:23:11.4165032Z GITHUB_REF=refs/heads/broken-8ed27dac053c20b1012b1f614efa1c213bb20699-dev
2026-05-18T01:23:11.4165487Z GITHUB_REF_NAME=broken-8ed27dac053c20b1012b1f614efa1c213bb20699-dev
2026-05-18T01:23:11.4165847Z GITHUB_REF_PROTECTED=false
2026-05-18T01:23:11.4166071Z GITHUB_REF_TYPE=branch
2026-05-18T01:23:11.4166300Z GITHUB_REPOSITORY=krlmlr/duckdb-r
2026-05-18T01:23:11.4166546Z GITHUB_REPOSITORY_ID=685023305
2026-05-18T01:23:11.4166987Z GITHUB_REPOSITORY_OWNER=krlmlr
2026-05-18T01:23:11.4167216Z GITHUB_REPOSITORY_OWNER_ID=1741643
2026-05-18T01:23:11.4167465Z GITHUB_RETENTION_DAYS=90
2026-05-18T01:23:11.4167673Z GITHUB_RUN_ATTEMPT=1
2026-05-18T01:23:11.4167872Z GITHUB_RUN_ID=26005700499
2026-05-18T01:23:11.4168087Z GITHUB_RUN_NUMBER=6670
2026-05-18T01:23:11.4168305Z GITHUB_SERVER_URL=https://github.com
2026-05-18T01:23:11.4168606Z GITHUB_SHA=e57a48e059ccc9b06d3e702a9b76b2fc5440d91c
2026-05-18T01:23:11.4169095Z GITHUB_STATE=/home/runner/work/_temp/_runner_file_commands/save_state_d9170f42-9a1b-43e4-abb6-f81d10a5d953
2026-05-18T01:23:11.4170003Z GITHUB_STEP_SUMMARY=/home/runner/work/_temp/_runner_file_commands/step_summary_d9170f42-9a1b-43e4-abb6-f81d10a5d953
2026-05-18T01:23:11.4170524Z GITHUB_TRIGGERING_ACTOR=github-actions[bot]
2026-05-18T01:23:11.4170791Z GITHUB_WORKFLOW=rcc
2026-05-18T01:23:11.4171319Z GITHUB_WORKFLOW_REF=krlmlr/duckdb-r/.github/workflows/R-CMD-check.yaml@refs/heads/broken-8ed27dac053c20b1012b1f614efa1c213bb20699-dev
2026-05-18T01:23:11.4171974Z GITHUB_WORKFLOW_SHA=e57a48e059ccc9b06d3e702a9b76b2fc5440d91c
2026-05-18T01:23:11.4172329Z GITHUB_WORKSPACE=/home/runner/work/duckdb-r/duckdb-r
2026-05-18T01:23:11.4172650Z GOROOT_1_22_X64=/opt/hostedtoolcache/go/1.22.12/x64
2026-05-18T01:23:11.4172947Z GOROOT_1_23_X64=/opt/hostedtoolcache/go/1.23.12/x64
2026-05-18T01:23:11.4173246Z GOROOT_1_24_X64=/opt/hostedtoolcache/go/1.24.13/x64
2026-05-18T01:23:11.4173552Z GOROOT_1_25_X64=/opt/hostedtoolcache/go/1.25.10/x64
2026-05-18T01:23:11.4173837Z GRADLE_HOME=/usr/share/gradle-9.5.1
2026-05-18T01:23:11.4174071Z HOME=/home/runner
2026-05-18T01:23:11.4174435Z HOMEBREW_CLEANUP_PERIODIC_FULL_DAYS=3650
2026-05-18T01:23:11.4174712Z HOMEBREW_NO_AUTO_UPDATE=1
2026-05-18T01:23:11.4174959Z INVOCATION_ID=58f1233a582d4dae8875061efd828d4e
2026-05-18T01:23:11.4175226Z ImageOS=ubuntu24
2026-05-18T01:23:11.4175416Z ImageVersion=20260513.135.3
2026-05-18T01:23:11.4175726Z JAVA_HOME=/usr/lib/jvm/temurin-17-jdk-amd64
2026-05-18T01:23:11.4176022Z JAVA_HOME_11_X64=/usr/lib/jvm/temurin-11-jdk-amd64
2026-05-18T01:23:11.4176333Z JAVA_HOME_17_X64=/usr/lib/jvm/temurin-17-jdk-amd64
2026-05-18T01:23:11.4176621Z JAVA_HOME_21_X64=/usr/lib/jvm/temurin-21-jdk-amd64
2026-05-18T01:23:11.4176913Z JAVA_HOME_25_X64=/usr/lib/jvm/temurin-25-jdk-amd64
2026-05-18T01:23:11.4177204Z JAVA_HOME_8_X64=/usr/lib/jvm/temurin-8-jdk-amd64
2026-05-18T01:23:11.4177517Z JOURNAL_STREAM=9:17492
2026-05-18T01:23:11.4177724Z LANG=C.UTF-8
2026-05-18T01:23:11.4177909Z LOGNAME=runner
2026-05-18T01:23:11.4178295Z MEMORY_PRESSURE_WATCH=/sys/fs/cgroup/system.slice/hosted-compute-agent.service/memory.pressure
2026-05-18T01:23:11.4178797Z MEMORY_PRESSURE_WRITE=c29tZSAyMDAwMDAgMjAwMDAwMAA=
2026-05-18T01:23:11.4179080Z NVM_DIR=/home/runner/.nvm
2026-05-18T01:23:11.4180316Z PATH=/snap/bin:/home/runner/.local/bin:/opt/pipx_bin:/home/runner/.cargo/bin:/home/runner/.config/composer/vendor/bin:/usr/local/.ghcup/bin:/home/runner/.dotnet/tools:/usr/local/sbin:/usr/local/bin:/usr/sbin:/usr/bin:/sbin:/bin:/usr/games:/usr/local/games:/snap/bin
2026-05-18T01:23:11.4181294Z PIPX_BIN_DIR=/opt/pipx_bin
2026-05-18T01:23:11.4181520Z PIPX_HOME=/opt/pipx
2026-05-18T01:23:11.4181783Z POWERSHELL_DISTRIBUTION_CHANNEL=GitHub-Actions-Linux
2026-05-18T01:23:11.4182445Z PSModulePath=/root/.local/share/powershell/Modules:/usr/local/share/powershell/Modules:/opt/microsoft/powershell/7/Modules:/usr/share/az_14.6.0
2026-05-18T01:23:11.4183280Z ***
2026-05-18T01:23:11.4183455Z RUNNER_ARCH=X64
2026-05-18T01:23:11.4183673Z RUNNER_ENVIRONMENT=github-hosted
2026-05-18T01:23:11.4183937Z RUNNER_NAME=GitHub Actions 1000156188
2026-05-18T01:23:11.4184191Z RUNNER_OS=Linux
2026-05-18T01:23:11.4184393Z RUNNER_TEMP=/home/runner/work/_temp
2026-05-18T01:23:11.4184646Z RUNNER_TOOL_CACHE=/opt/hostedtoolcache
2026-05-18T01:23:11.4184983Z RUNNER_TRACKING_ID=github_a6db0e61-cbdf-42e0-abed-a15c187b222d
2026-05-18T01:23:11.4185327Z RUNNER_WORKSPACE=/home/runner/work/duckdb-r
2026-05-18T01:23:11.4185649Z SELENIUM_JAR_PATH=/usr/share/java/selenium-server.jar
2026-05-18T01:23:11.4186142Z SGX_AESM_ADDR=1
2026-05-18T01:23:11.4186334Z SHELL=/bin/bash
2026-05-18T01:23:11.4186550Z SHLVL=1
2026-05-18T01:23:11.4186735Z SWIFT_PATH=/usr/share/swift/usr/bin
2026-05-18T01:23:11.4186979Z SYSTEMD_EXEC_PID=2099
2026-05-18T01:23:11.4187173Z USER=runner
2026-05-18T01:23:11.4187364Z USE_BAZEL_FALLBACK_VERSION=silent:
2026-05-18T01:23:11.4187636Z VCPKG_INSTALLATION_ROOT=/usr/local/share/vcpkg
2026-05-18T01:23:11.4187925Z XDG_CONFIG_HOME=/home/runner/.config
2026-05-18T01:23:11.4188175Z XDG_RUNTIME_DIR=/run/user/1001
2026-05-18T01:23:11.4188397Z _=/usr/bin/env
2026-05-18T01:23:11.4789325Z Prepare all required actions
2026-05-18T01:23:11.4815571Z ##[group]Run ./.github/workflows/custom/before-install
2026-05-18T01:23:11.4815886Z ##[endgroup]
2026-05-18T01:23:11.4833675Z ##[group]Run echo '_R_CHECK_PKG_SIZES_=FALSE' | tee -a $GITHUB_ENV
2026-05-18T01:23:11.4834124Z [36;1mecho '_R_CHECK_PKG_SIZES_=FALSE' | tee -a $GITHUB_ENV[0m
2026-05-18T01:23:11.4871867Z shell: /usr/bin/bash --noprofile --norc -e -o pipefail {0}
2026-05-18T01:23:11.4872197Z ##[endgroup]
2026-05-18T01:23:11.4942029Z _R_CHECK_PKG_SIZES_=FALSE
2026-05-18T01:23:11.5104232Z Prepare all required actions
2026-05-18T01:23:11.5104600Z Getting action download info
2026-05-18T01:23:11.6624162Z Download action repository 'r-lib/actions@v2' (SHA:a51a8012b0aab7c32ef9d19bf54da93f3254335e)
2026-05-18T01:23:11.9378298Z Download action repository 'hendrikmuhs/ccache-action@v1' (SHA:5ebbd400eff9e74630f759d94ddd7b6c26299639)
2026-05-18T01:23:12.1267584Z Getting action download info
2026-05-18T01:23:12.2978418Z Download action repository 'actions/cache@27d5ce7f107fe9357f9df03efb73ab90386fccae' (SHA:27d5ce7f107fe9357f9df03efb73ab90386fccae)
2026-05-18T01:23:12.4635733Z Download action repository 'r-lib/actions@9f58233a78a2a9fd874714be10f8bba627233339' (SHA:9f58233a78a2a9fd874714be10f8bba627233339)
2026-05-18T01:23:12.7351839Z Download action repository 'quarto-dev/quarto-actions@9e48da27e184aa238fcb49f5db75469626d43adb' (SHA:9e48da27e184aa238fcb49f5db75469626d43adb)
2026-05-18T01:23:12.8929421Z ##[group]Run ./.github/workflows/install
2026-05-18T01:23:12.8929939Z with:
2026-05-18T01:23:12.8930346Z   token: ***
2026-05-18T01:23:12.8930550Z   cache-version: rcc-smoke-2
2026-05-18T01:23:12.8930784Z   needs: build, check, website
2026-05-18T01:23:12.8931147Z   extra-packages: any::rcmdcheck r-lib/roxygen2 any::decor r-lib/pkgdown deps::.
2026-05-18T01:23:12.8931532Z   r-version: release
2026-05-18T01:23:12.8931732Z   install-r: true
2026-05-18T01:23:12.8931932Z   packages: deps::., any::sessioninfo
2026-05-18T01:23:12.8932173Z env:
2026-05-18T01:23:12.8932359Z   _R_CHECK_PKG_SIZES_: FALSE
2026-05-18T01:23:12.8932576Z ##[endgroup]
2026-05-18T01:23:12.8955328Z ##[group]Run echo "R_REMOTES_NO_ERRORS_FROM_WARNINGS=true" | tee -a $GITHUB_ENV
2026-05-18T01:23:12.8955855Z [36;1mecho "R_REMOTES_NO_ERRORS_FROM_WARNINGS=true" | tee -a $GITHUB_ENV[0m
2026-05-18T01:23:12.8956280Z [36;1mecho "R_KEEP_PKG_SOURCE=yes" | tee -a $GITHUB_ENV[0m
2026-05-18T01:23:12.8956646Z [36;1mecho "_R_CHECK_SYSTEM_CLOCK_=false" | tee -a $GITHUB_ENV[0m
2026-05-18T01:23:12.8957075Z [36;1mecho "_R_CHECK_FUTURE_FILE_TIMESTAMPS_=false" | tee -a $GITHUB_ENV[0m
2026-05-18T01:23:12.8957507Z [36;1m# prevent rgl issues because no X11 display is available[0m
2026-05-18T01:23:12.8957859Z [36;1mecho "RGL_USE_NULL=true" | tee -a $GITHUB_ENV[0m
2026-05-18T01:23:12.8958398Z [36;1m# from https://github.com/r-devel/r-dev-web/blob/main/CRAN/QA/Kurt/lib/R/Scripts/check_CRAN_incoming.R[0m
2026-05-18T01:23:12.8959004Z [36;1mecho "_R_CHECK_CRAN_INCOMING_CHECK_FILE_URIS_=true" | tee -a $GITHUB_ENV[0m
2026-05-18T01:23:12.8959673Z [36;1mecho "_R_CHECK_CRAN_INCOMING_NOTE_GNU_MAKE_=true" | tee -a $GITHUB_ENV[0m
2026-05-18T01:23:12.8960208Z [36;1mecho "_R_CHECK_PACKAGE_DEPENDS_IGNORE_MISSING_ENHANCES_=true" | tee -a $GITHUB_ENV[0m
2026-05-18T01:23:12.8960688Z [36;1mecho "_R_CHECK_CODE_CLASS_IS_STRING_=true" | tee -a $GITHUB_ENV[0m
2026-05-18T01:23:12.8961117Z [36;1mecho "_R_CHECK_CODOC_VARIABLES_IN_USAGES_=true" | tee -a $GITHUB_ENV[0m
2026-05-18T01:23:12.8961549Z [36;1mecho "_R_CHECK_CONNECTIONS_LEFT_OPEN_=true" | tee -a $GITHUB_ENV[0m
2026-05-18T01:23:12.8961942Z [36;1mecho "_R_CHECK_DATALIST_=true" | tee -a $GITHUB_ENV[0m
2026-05-18T01:23:12.8962308Z [36;1mecho "_R_CHECK_NEWS_IN_PLAIN_TEXT_=true" | tee -a $GITHUB_ENV[0m
2026-05-18T01:23:12.8962755Z [36;1mecho "_R_CHECK_PACKAGES_USED_CRAN_INCOMING_NOTES_=true" | tee -a $GITHUB_ENV[0m
2026-05-18T01:23:12.8963211Z [36;1mecho "_R_CHECK_RD_CONTENTS_KEYWORDS_=true" | tee -a $GITHUB_ENV[0m
2026-05-18T01:23:12.8963583Z [36;1mecho "_R_CHECK_R_DEPENDS_=warn" | tee -a $GITHUB_ENV[0m
2026-05-18T01:23:12.8964005Z [36;1mecho "_R_CHECK_S3_METHODS_SHOW_POSSIBLE_ISSUES_=true" | tee -a $GITHUB_ENV[0m
2026-05-18T01:23:12.8964432Z [36;1mecho "_R_CHECK_THINGS_IN_TEMP_DIR_=true" | tee -a $GITHUB_ENV[0m
2026-05-18T01:23:12.8964830Z [36;1mecho "_R_CHECK_UNDOC_USE_ALL_NAMES_=true" | tee -a $GITHUB_ENV[0m
2026-05-18T01:23:12.8965223Z [36;1mecho "_R_CHECK_URLS_SHOW_301_STATUS_=true" | tee -a $GITHUB_ENV[0m
2026-05-18T01:23:12.8965792Z [36;1mecho "_R_CXX_USE_NO_REMAP_=true" | tee -a $GITHUB_ENV[0m
2026-05-18T01:23:12.8966260Z [36;1m# There is no way to disable recency and frequency checks when the incoming checks are run[0m
2026-05-18T01:23:12.8966752Z [36;1m# echo "_R_CHECK_CRAN_INCOMING_=true" | tee -a $GITHUB_ENV[0m
2026-05-18T01:23:12.8967207Z [36;1mecho "_R_CHECK_CRAN_INCOMING_SKIP_LARGE_VERSION_=true" | tee -a $GITHUB_ENV[0m
2026-05-18T01:23:12.8967668Z [36;1mecho "_R_CHECK_FORCE_SUGGESTS_=false" | tee -a $GITHUB_ENV[0m
2026-05-18T01:23:12.9003838Z shell: /usr/bin/bash --noprofile --norc -e -o pipefail {0}
2026-05-18T01:23:12.9004153Z env:
2026-05-18T01:23:12.9004341Z   _R_CHECK_PKG_SIZES_: FALSE
2026-05-18T01:23:12.9004560Z ##[endgroup]
2026-05-18T01:23:12.9105520Z R_REMOTES_NO_ERRORS_FROM_WARNINGS=true
2026-05-18T01:23:12.9118682Z R_KEEP_PKG_SOURCE=yes
2026-05-18T01:23:12.9131966Z _R_CHECK_SYSTEM_CLOCK_=false
2026-05-18T01:23:12.9144913Z _R_CHECK_FUTURE_FILE_TIMESTAMPS_=false
2026-05-18T01:23:12.9157790Z RGL_USE_NULL=true
2026-05-18T01:23:12.9171742Z _R_CHECK_CRAN_INCOMING_CHECK_FILE_URIS_=true
2026-05-18T01:23:12.9184372Z _R_CHECK_CRAN_INCOMING_NOTE_GNU_MAKE_=true
2026-05-18T01:23:12.9197187Z _R_CHECK_PACKAGE_DEPENDS_IGNORE_MISSING_ENHANCES_=true
2026-05-18T01:23:12.9210479Z _R_CHECK_CODE_CLASS_IS_STRING_=true
2026-05-18T01:23:12.9223363Z _R_CHECK_CODOC_VARIABLES_IN_USAGES_=true
2026-05-18T01:23:12.9236009Z _R_CHECK_CONNECTIONS_LEFT_OPEN_=true
2026-05-18T01:23:12.9248899Z _R_CHECK_DATALIST_=true
2026-05-18T01:23:12.9262857Z _R_CHECK_NEWS_IN_PLAIN_TEXT_=true
2026-05-18T01:23:12.9275839Z _R_CHECK_PACKAGES_USED_CRAN_INCOMING_NOTES_=true
2026-05-18T01:23:12.9288630Z _R_CHECK_RD_CONTENTS_KEYWORDS_=true
2026-05-18T01:23:12.9301599Z _R_CHECK_R_DEPENDS_=warn
2026-05-18T01:23:12.9314690Z _R_CHECK_S3_METHODS_SHOW_POSSIBLE_ISSUES_=true
2026-05-18T01:23:12.9327339Z _R_CHECK_THINGS_IN_TEMP_DIR_=true
2026-05-18T01:23:12.9340471Z _R_CHECK_UNDOC_USE_ALL_NAMES_=true
2026-05-18T01:23:12.9353923Z _R_CHECK_URLS_SHOW_301_STATUS_=true
2026-05-18T01:23:12.9367879Z _R_CXX_USE_NO_REMAP_=true
2026-05-18T01:23:12.9381079Z _R_CHECK_CRAN_INCOMING_SKIP_LARGE_VERSION_=true
2026-05-18T01:23:12.9394068Z _R_CHECK_FORCE_SUGGESTS_=false
2026-05-18T01:23:12.9423080Z ##[group]Run echo "_R_CHECK_THINGS_IN_OTHER_DIRS_=true" | tee -a $GITHUB_ENV
2026-05-18T01:23:12.9423563Z [36;1mecho "_R_CHECK_THINGS_IN_OTHER_DIRS_=true" | tee -a $GITHUB_ENV[0m
2026-05-18T01:23:12.9460025Z shell: /usr/bin/bash --noprofile --norc -e -o pipefail {0}
2026-05-18T01:23:12.9460350Z env:
2026-05-18T01:23:12.9460551Z   _R_CHECK_PKG_SIZES_: FALSE
2026-05-18T01:23:12.9460809Z   R_REMOTES_NO_ERRORS_FROM_WARNINGS: true
2026-05-18T01:23:12.9461077Z   R_KEEP_PKG_SOURCE: yes
2026-05-18T01:23:12.9461289Z   _R_CHECK_SYSTEM_CLOCK_: false
2026-05-18T01:23:12.9461533Z   _R_CHECK_FUTURE_FILE_TIMESTAMPS_: false
2026-05-18T01:23:12.9461774Z   RGL_USE_NULL: true
2026-05-18T01:23:12.9462005Z   _R_CHECK_CRAN_INCOMING_CHECK_FILE_URIS_: true
2026-05-18T01:23:12.9462294Z   _R_CHECK_CRAN_INCOMING_NOTE_GNU_MAKE_: true
2026-05-18T01:23:12.9462614Z   _R_CHECK_PACKAGE_DEPENDS_IGNORE_MISSING_ENHANCES_: true
2026-05-18T01:23:12.9462911Z   _R_CHECK_CODE_CLASS_IS_STRING_: true
2026-05-18T01:23:12.9463175Z   _R_CHECK_CODOC_VARIABLES_IN_USAGES_: true
2026-05-18T01:23:12.9463442Z   _R_CHECK_CONNECTIONS_LEFT_OPEN_: true
2026-05-18T01:23:12.9463689Z   _R_CHECK_DATALIST_: true
2026-05-18T01:23:12.9463909Z   _R_CHECK_NEWS_IN_PLAIN_TEXT_: true
2026-05-18T01:23:12.9464172Z   _R_CHECK_PACKAGES_USED_CRAN_INCOMING_NOTES_: true
2026-05-18T01:23:12.9464460Z   _R_CHECK_RD_CONTENTS_KEYWORDS_: true
2026-05-18T01:23:12.9464690Z   _R_CHECK_R_DEPENDS_: warn
2026-05-18T01:23:12.9464934Z   _R_CHECK_S3_METHODS_SHOW_POSSIBLE_ISSUES_: true
2026-05-18T01:23:12.9465213Z   _R_CHECK_THINGS_IN_TEMP_DIR_: true
2026-05-18T01:23:12.9465444Z   _R_CHECK_UNDOC_USE_ALL_NAMES_: true
2026-05-18T01:23:12.9465686Z   _R_CHECK_URLS_SHOW_301_STATUS_: true
2026-05-18T01:23:12.9465915Z   _R_CXX_USE_NO_REMAP_: true
2026-05-18T01:23:12.9466167Z   _R_CHECK_CRAN_INCOMING_SKIP_LARGE_VERSION_: true
2026-05-18T01:23:12.9466629Z   _R_CHECK_FORCE_SUGGESTS_: false
2026-05-18T01:23:12.9466866Z ##[endgroup]
2026-05-18T01:23:12.9531278Z _R_CHECK_THINGS_IN_OTHER_DIRS_=true
2026-05-18T01:23:12.9555127Z ##[group]Run echo "_R_CHECK_BASHISMS_=true" | tee -a $GITHUB_ENV
2026-05-18T01:23:12.9555530Z [36;1mecho "_R_CHECK_BASHISMS_=true" | tee -a $GITHUB_ENV[0m
2026-05-18T01:23:12.9588619Z shell: /usr/bin/bash --noprofile --norc -e -o pipefail {0}
2026-05-18T01:23:12.9588944Z env:
2026-05-18T01:23:12.9589293Z   _R_CHECK_PKG_SIZES_: FALSE
2026-05-18T01:23:12.9589724Z   R_REMOTES_NO_ERRORS_FROM_WARNINGS: true
2026-05-18T01:23:12.9589987Z   R_KEEP_PKG_SOURCE: yes
2026-05-18T01:23:12.9590211Z   _R_CHECK_SYSTEM_CLOCK_: false
2026-05-18T01:23:12.9590458Z   _R_CHECK_FUTURE_FILE_TIMESTAMPS_: false
2026-05-18T01:23:12.9590712Z   RGL_USE_NULL: true
2026-05-18T01:23:12.9590937Z   _R_CHECK_CRAN_INCOMING_CHECK_FILE_URIS_: true
2026-05-18T01:23:12.9591221Z   _R_CHECK_CRAN_INCOMING_NOTE_GNU_MAKE_: true
2026-05-18T01:23:12.9591544Z   _R_CHECK_PACKAGE_DEPENDS_IGNORE_MISSING_ENHANCES_: true
2026-05-18T01:23:12.9591844Z   _R_CHECK_CODE_CLASS_IS_STRING_: true
2026-05-18T01:23:12.9592110Z   _R_CHECK_CODOC_VARIABLES_IN_USAGES_: true
2026-05-18T01:23:12.9592367Z   _R_CHECK_CONNECTIONS_LEFT_OPEN_: true
2026-05-18T01:23:12.9592609Z   _R_CHECK_DATALIST_: true
2026-05-18T01:23:12.9592826Z   _R_CHECK_NEWS_IN_PLAIN_TEXT_: true
2026-05-18T01:23:12.9593088Z   _R_CHECK_PACKAGES_USED_CRAN_INCOMING_NOTES_: true
2026-05-18T01:23:12.9593378Z   _R_CHECK_RD_CONTENTS_KEYWORDS_: true
2026-05-18T01:23:12.9593607Z   _R_CHECK_R_DEPENDS_: warn
2026-05-18T01:23:12.9593856Z   _R_CHECK_S3_METHODS_SHOW_POSSIBLE_ISSUES_: true
2026-05-18T01:23:12.9594120Z   _R_CHECK_THINGS_IN_TEMP_DIR_: true
2026-05-18T01:23:12.9594358Z   _R_CHECK_UNDOC_USE_ALL_NAMES_: true
2026-05-18T01:23:12.9594589Z   _R_CHECK_URLS_SHOW_301_STATUS_: true
2026-05-18T01:23:12.9594825Z   _R_CXX_USE_NO_REMAP_: true
2026-05-18T01:23:12.9595076Z   _R_CHECK_CRAN_INCOMING_SKIP_LARGE_VERSION_: true
2026-05-18T01:23:12.9595355Z   _R_CHECK_FORCE_SUGGESTS_: false
2026-05-18T01:23:12.9595591Z   _R_CHECK_THINGS_IN_OTHER_DIRS_: true
2026-05-18T01:23:12.9595815Z ##[endgroup]
2026-05-18T01:23:12.9660083Z _R_CHECK_BASHISMS_=true
2026-05-18T01:23:12.9681888Z ##[group]Run set -x
2026-05-18T01:23:12.9682096Z [36;1mset -x[0m
2026-05-18T01:23:12.9682286Z [36;1menv | sort[0m
2026-05-18T01:23:12.9714410Z shell: /usr/bin/bash --noprofile --norc -e -o pipefail {0}
2026-05-18T01:23:12.9714728Z env:
2026-05-18T01:23:12.9714933Z   _R_CHECK_PKG_SIZES_: FALSE
2026-05-18T01:23:12.9715182Z   R_REMOTES_NO_ERRORS_FROM_WARNINGS: true
2026-05-18T01:23:12.9715448Z   R_KEEP_PKG_SOURCE: yes
2026-05-18T01:23:12.9715662Z   _R_CHECK_SYSTEM_CLOCK_: false
2026-05-18T01:23:12.9715900Z   _R_CHECK_FUTURE_FILE_TIMESTAMPS_: false
2026-05-18T01:23:12.9716134Z   RGL_USE_NULL: true
2026-05-18T01:23:12.9716364Z   _R_CHECK_CRAN_INCOMING_CHECK_FILE_URIS_: true
2026-05-18T01:23:12.9716657Z   _R_CHECK_CRAN_INCOMING_NOTE_GNU_MAKE_: true
2026-05-18T01:23:12.9716976Z   _R_CHECK_PACKAGE_DEPENDS_IGNORE_MISSING_ENHANCES_: true
2026-05-18T01:23:12.9717277Z   _R_CHECK_CODE_CLASS_IS_STRING_: true
2026-05-18T01:23:12.9717527Z   _R_CHECK_CODOC_VARIABLES_IN_USAGES_: true
2026-05-18T01:23:12.9717791Z   _R_CHECK_CONNECTIONS_LEFT_OPEN_: true
2026-05-18T01:23:12.9718030Z   _R_CHECK_DATALIST_: true
2026-05-18T01:23:12.9718246Z   _R_CHECK_NEWS_IN_PLAIN_TEXT_: true
2026-05-18T01:23:12.9718517Z   _R_CHECK_PACKAGES_USED_CRAN_INCOMING_NOTES_: true
2026-05-18T01:23:12.9718801Z   _R_CHECK_RD_CONTENTS_KEYWORDS_: true
2026-05-18T01:23:12.9719034Z   _R_CHECK_R_DEPENDS_: warn
2026-05-18T01:23:12.9719270Z   _R_CHECK_S3_METHODS_SHOW_POSSIBLE_ISSUES_: true
2026-05-18T01:23:12.9719738Z   _R_CHECK_THINGS_IN_TEMP_DIR_: true
2026-05-18T01:23:12.9719975Z   _R_CHECK_UNDOC_USE_ALL_NAMES_: true
2026-05-18T01:23:12.9720223Z   _R_CHECK_URLS_SHOW_301_STATUS_: true
2026-05-18T01:23:12.9720455Z   _R_CXX_USE_NO_REMAP_: true
2026-05-18T01:23:12.9720714Z   _R_CHECK_CRAN_INCOMING_SKIP_LARGE_VERSION_: true
2026-05-18T01:23:12.9721180Z   _R_CHECK_FORCE_SUGGESTS_: false
2026-05-18T01:23:12.9721424Z   _R_CHECK_THINGS_IN_OTHER_DIRS_: true
2026-05-18T01:23:12.9721674Z   _R_CHECK_BASHISMS_: true
2026-05-18T01:23:12.9721878Z ##[endgroup]
2026-05-18T01:23:12.9777666Z + env
2026-05-18T01:23:12.9778350Z + sort
2026-05-18T01:23:12.9795170Z ACCEPT_EULA=Y
2026-05-18T01:23:12.9795704Z ACTIONS_ORCHESTRATION_ID=4f96ba4c-be6b-4910-9b99-7ae425cabe30.rcc-smoke.__default
2026-05-18T01:23:12.9796370Z ACTIONS_RUNNER_ACTION_ARCHIVE_CACHE=/opt/actionarchivecache
2026-05-18T01:23:12.9797089Z AGENT_TOOLSDIRECTORY=/opt/hostedtoolcache
2026-05-18T01:23:12.9797479Z ANDROID_HOME=/usr/local/lib/android/sdk
2026-05-18T01:23:12.9797946Z ANDROID_NDK=/usr/local/lib/android/sdk/ndk/27.3.13750724
2026-05-18T01:23:12.9798492Z ANDROID_NDK_HOME=/usr/local/lib/android/sdk/ndk/27.3.13750724
2026-05-18T01:23:12.9799184Z ANDROID_NDK_LATEST_HOME=/usr/local/lib/android/sdk/ndk/29.0.14206865
2026-05-18T01:23:12.9800108Z ANDROID_NDK_ROOT=/usr/local/lib/android/sdk/ndk/27.3.13750724
2026-05-18T01:23:12.9800634Z ANDROID_SDK_ROOT=/usr/local/lib/android/sdk
2026-05-18T01:23:12.9801036Z ANT_HOME=/usr/share/ant
2026-05-18T01:23:12.9801374Z AZURE_EXTENSION_DIR=/opt/az/azcliextensions
2026-05-18T01:23:12.9801802Z BOOTSTRAP_HASKELL_NONINTERACTIVE=1
2026-05-18T01:23:12.9802252Z CHROMEWEBDRIVER=/usr/local/share/chromedriver-linux64
2026-05-18T01:23:12.9802725Z CHROME_BIN=/usr/bin/google-chrome
2026-05-18T01:23:12.9803055Z CI=true
2026-05-18T01:23:12.9803331Z CONDA=/usr/share/miniconda
2026-05-18T01:23:12.9803670Z DEBIAN_FRONTEND=noninteractive
2026-05-18T01:23:12.9804060Z DOTNET_MULTILEVEL_LOOKUP=0
2026-05-18T01:23:12.9804370Z DOTNET_NOLOGO=1
2026-05-18T01:23:12.9804711Z DOTNET_SKIP_FIRST_TIME_EXPERIENCE=1
2026-05-18T01:23:12.9805103Z EDGEWEBDRIVER=/usr/local/share/edge_driver
2026-05-18T01:23:12.9805494Z ENABLE_RUNNER_TRACING=true
2026-05-18T01:23:12.9805863Z GECKOWEBDRIVER=/usr/local/share/gecko_driver
2026-05-18T01:23:12.9806152Z GHCUP_INSTALL_BASE_PREFIX=/usr/local
2026-05-18T01:23:12.9806420Z GITHUB_ACTION=__self_4
2026-05-18T01:23:12.9806620Z GITHUB_ACTIONS=true
2026-05-18T01:23:12.9806988Z GITHUB_ACTION_PATH=/home/runner/work/duckdb-r/duckdb-r/./.github/workflows/install
2026-05-18T01:23:12.9807389Z GITHUB_ACTION_REF=
2026-05-18T01:23:12.9807584Z GITHUB_ACTION_REPOSITORY=
2026-05-18T01:23:12.9807817Z GITHUB_ACTOR=github-actions[bot]
2026-05-18T01:23:12.9808048Z GITHUB_ACTOR_ID=41898282
2026-05-18T01:23:12.9808303Z GITHUB_API_URL=https://api.github.com
2026-05-18T01:23:12.9808563Z GITHUB_BASE_REF=
2026-05-18T01:23:12.9808950Z GITHUB_ENV=/home/runner/work/_temp/_runner_file_commands/set_env_9dd823d3-5856-4d50-9ea0-b77077ab0193
2026-05-18T01:23:12.9809392Z GITHUB_EVENT_NAME=workflow_dispatch
2026-05-18T01:23:12.9810135Z GITHUB_EVENT_PATH=/home/runner/work/_temp/_github_workflow/event.json
2026-05-18T01:23:12.9810764Z GITHUB_GRAPHQL_URL=https://api.github.com/graphql
2026-05-18T01:23:12.9811052Z GITHUB_HEAD_REF=
2026-05-18T01:23:12.9811242Z GITHUB_JOB=rcc-smoke
2026-05-18T01:23:12.9811658Z GITHUB_OUTPUT=/home/runner/work/_temp/_runner_file_commands/set_output_9dd823d3-5856-4d50-9ea0-b77077ab0193
2026-05-18T01:23:12.9812297Z GITHUB_PATH=/home/runner/work/_temp/_runner_file_commands/add_path_9dd823d3-5856-4d50-9ea0-b77077ab0193
2026-05-18T01:23:12.9812844Z GITHUB_REF=refs/heads/broken-8ed27dac053c20b1012b1f614efa1c213bb20699-dev
2026-05-18T01:23:12.9813278Z GITHUB_REF_NAME=broken-8ed27dac053c20b1012b1f614efa1c213bb20699-dev
2026-05-18T01:23:12.9813619Z GITHUB_REF_PROTECTED=false
2026-05-18T01:23:12.9813834Z GITHUB_REF_TYPE=branch
2026-05-18T01:23:12.9814053Z GITHUB_REPOSITORY=krlmlr/duckdb-r
2026-05-18T01:23:12.9814287Z GITHUB_REPOSITORY_ID=685023305
2026-05-18T01:23:12.9814515Z GITHUB_REPOSITORY_OWNER=krlmlr
2026-05-18T01:23:12.9814732Z GITHUB_REPOSITORY_OWNER_ID=1741643
2026-05-18T01:23:12.9814973Z GITHUB_RETENTION_DAYS=90
2026-05-18T01:23:12.9815181Z GITHUB_RUN_ATTEMPT=1
2026-05-18T01:23:12.9815375Z GITHUB_RUN_ID=26005700499
2026-05-18T01:23:12.9815582Z GITHUB_RUN_NUMBER=6670
2026-05-18T01:23:12.9816024Z GITHUB_SERVER_URL=https://github.com
2026-05-18T01:23:12.9816329Z GITHUB_SHA=e57a48e059ccc9b06d3e702a9b76b2fc5440d91c
2026-05-18T01:23:12.9816802Z GITHUB_STATE=/home/runner/work/_temp/_runner_file_commands/save_state_9dd823d3-5856-4d50-9ea0-b77077ab0193
2026-05-18T01:23:12.9817478Z GITHUB_STEP_SUMMARY=/home/runner/work/_temp/_runner_file_commands/step_summary_9dd823d3-5856-4d50-9ea0-b77077ab0193
2026-05-18T01:23:12.9817979Z GITHUB_TRIGGERING_ACTOR=github-actions[bot]
2026-05-18T01:23:12.9818364Z GITHUB_WORKFLOW=rcc
2026-05-18T01:23:12.9818887Z GITHUB_WORKFLOW_REF=krlmlr/duckdb-r/.github/workflows/R-CMD-check.yaml@refs/heads/broken-8ed27dac053c20b1012b1f614efa1c213bb20699-dev
2026-05-18T01:23:12.9819682Z GITHUB_WORKFLOW_SHA=e57a48e059ccc9b06d3e702a9b76b2fc5440d91c
2026-05-18T01:23:12.9820044Z GITHUB_WORKSPACE=/home/runner/work/duckdb-r/duckdb-r
2026-05-18T01:23:12.9820350Z GOROOT_1_22_X64=/opt/hostedtoolcache/go/1.22.12/x64
2026-05-18T01:23:12.9820654Z GOROOT_1_23_X64=/opt/hostedtoolcache/go/1.23.12/x64
2026-05-18T01:23:12.9820944Z GOROOT_1_24_X64=/opt/hostedtoolcache/go/1.24.13/x64
2026-05-18T01:23:12.9821235Z GOROOT_1_25_X64=/opt/hostedtoolcache/go/1.25.10/x64
2026-05-18T01:23:12.9821511Z GRADLE_HOME=/usr/share/gradle-9.5.1
2026-05-18T01:23:12.9821737Z HOME=/home/runner
2026-05-18T01:23:12.9821945Z HOMEBREW_CLEANUP_PERIODIC_FULL_DAYS=3650
2026-05-18T01:23:12.9822196Z HOMEBREW_NO_AUTO_UPDATE=1
2026-05-18T01:23:12.9822443Z INVOCATION_ID=58f1233a582d4dae8875061efd828d4e
2026-05-18T01:23:12.9822703Z ImageOS=ubuntu24
2026-05-18T01:23:12.9822895Z ImageVersion=20260513.135.3
2026-05-18T01:23:12.9823127Z JAVA_HOME=/usr/lib/jvm/temurin-17-jdk-amd64
2026-05-18T01:23:12.9823416Z JAVA_HOME_11_X64=/usr/lib/jvm/temurin-11-jdk-amd64
2026-05-18T01:23:12.9823719Z JAVA_HOME_17_X64=/usr/lib/jvm/temurin-17-jdk-amd64
2026-05-18T01:23:12.9824004Z JAVA_HOME_21_X64=/usr/lib/jvm/temurin-21-jdk-amd64
2026-05-18T01:23:12.9824289Z JAVA_HOME_25_X64=/usr/lib/jvm/temurin-25-jdk-amd64
2026-05-18T01:23:12.9824577Z JAVA_HOME_8_X64=/usr/lib/jvm/temurin-8-jdk-amd64
2026-05-18T01:23:12.9824848Z JOURNAL_STREAM=9:17492
2026-05-18T01:23:12.9825033Z LANG=C.UTF-8
2026-05-18T01:23:12.9825208Z LOGNAME=runner
2026-05-18T01:23:12.9825574Z MEMORY_PRESSURE_WATCH=/sys/fs/cgroup/system.slice/hosted-compute-agent.service/memory.pressure
2026-05-18T01:23:12.9826048Z MEMORY_PRESSURE_WRITE=c29tZSAyMDAwMDAgMjAwMDAwMAA=
2026-05-18T01:23:12.9826324Z NVM_DIR=/home/runner/.nvm
2026-05-18T01:23:12.9827213Z PATH=/snap/bin:/home/runner/.local/bin:/opt/pipx_bin:/home/runner/.cargo/bin:/home/runner/.config/composer/vendor/bin:/usr/local/.ghcup/bin:/home/runner/.dotnet/tools:/usr/local/sbin:/usr/local/bin:/usr/sbin:/usr/bin:/sbin:/bin:/usr/games:/usr/local/games:/snap/bin
2026-05-18T01:23:12.9828154Z PIPX_BIN_DIR=/opt/pipx_bin
2026-05-18T01:23:12.9828369Z PIPX_HOME=/opt/pipx
2026-05-18T01:23:12.9828612Z POWERSHELL_DISTRIBUTION_CHANNEL=GitHub-Actions-Linux
2026-05-18T01:23:12.9829265Z PSModulePath=/root/.local/share/powershell/Modules:/usr/local/share/powershell/Modules:/opt/microsoft/powershell/7/Modules:/usr/share/az_14.6.0
2026-05-18T01:23:12.9830334Z ***
2026-05-18T01:23:12.9830507Z RGL_USE_NULL=true
2026-05-18T01:23:12.9830694Z RUNNER_ARCH=X64
2026-05-18T01:23:12.9830904Z RUNNER_ENVIRONMENT=github-hosted
2026-05-18T01:23:12.9831149Z RUNNER_NAME=GitHub Actions 1000156188
2026-05-18T01:23:12.9831390Z RUNNER_OS=Linux
2026-05-18T01:23:12.9831578Z RUNNER_TEMP=/home/runner/work/_temp
2026-05-18T01:23:12.9831836Z RUNNER_TOOL_CACHE=/opt/hostedtoolcache
2026-05-18T01:23:12.9832188Z RUNNER_TRACKING_ID=github_a6db0e61-cbdf-42e0-abed-a15c187b222d
2026-05-18T01:23:12.9832537Z RUNNER_WORKSPACE=/home/runner/work/duckdb-r
2026-05-18T01:23:12.9832786Z R_KEEP_PKG_SOURCE=yes
2026-05-18T01:23:12.9833001Z R_REMOTES_NO_ERRORS_FROM_WARNINGS=true
2026-05-18T01:23:12.9833284Z SELENIUM_JAR_PATH=/usr/share/java/selenium-server.jar
2026-05-18T01:23:12.9833562Z SGX_AESM_ADDR=1
2026-05-18T01:23:12.9833731Z SHELL=/bin/bash
2026-05-18T01:23:12.9833899Z SHLVL=1
2026-05-18T01:23:12.9834232Z SWIFT_PATH=/usr/share/swift/usr/bin
2026-05-18T01:23:12.9834476Z SYSTEMD_EXEC_PID=2099
2026-05-18T01:23:12.9834664Z USER=runner
2026-05-18T01:23:12.9834841Z USE_BAZEL_FALLBACK_VERSION=silent:
2026-05-18T01:23:12.9835109Z VCPKG_INSTALLATION_ROOT=/usr/local/share/vcpkg
2026-05-18T01:23:12.9835376Z XDG_CONFIG_HOME=/home/runner/.config
2026-05-18T01:23:12.9835620Z XDG_RUNTIME_DIR=/run/user/1001
2026-05-18T01:23:12.9835825Z _=/usr/bin/env
2026-05-18T01:23:12.9836006Z _R_CHECK_BASHISMS_=true
2026-05-18T01:23:12.9836330Z _R_CHECK_CODE_CLASS_IS_STRING_=true
2026-05-18T01:23:12.9836583Z _R_CHECK_CODOC_VARIABLES_IN_USAGES_=true
2026-05-18T01:23:12.9836833Z _R_CHECK_CONNECTIONS_LEFT_OPEN_=true
2026-05-18T01:23:12.9837093Z _R_CHECK_CRAN_INCOMING_CHECK_FILE_URIS_=true
2026-05-18T01:23:12.9837369Z _R_CHECK_CRAN_INCOMING_NOTE_GNU_MAKE_=true
2026-05-18T01:23:12.9837645Z _R_CHECK_CRAN_INCOMING_SKIP_LARGE_VERSION_=true
2026-05-18T01:23:12.9837909Z _R_CHECK_DATALIST_=true
2026-05-18T01:23:12.9838106Z _R_CHECK_FORCE_SUGGESTS_=false
2026-05-18T01:23:12.9838349Z _R_CHECK_FUTURE_FILE_TIMESTAMPS_=false
2026-05-18T01:23:12.9838597Z _R_CHECK_NEWS_IN_PLAIN_TEXT_=true
2026-05-18T01:23:12.9838861Z _R_CHECK_PACKAGES_USED_CRAN_INCOMING_NOTES_=true
2026-05-18T01:23:12.9839167Z _R_CHECK_PACKAGE_DEPENDS_IGNORE_MISSING_ENHANCES_=true
2026-05-18T01:23:12.9839458Z _R_CHECK_PKG_SIZES_=FALSE
2026-05-18T01:23:12.9839933Z _R_CHECK_RD_CONTENTS_KEYWORDS_=true
2026-05-18T01:23:12.9840178Z _R_CHECK_R_DEPENDS_=warn
2026-05-18T01:23:12.9840428Z _R_CHECK_S3_METHODS_SHOW_POSSIBLE_ISSUES_=true
2026-05-18T01:23:12.9840690Z _R_CHECK_SYSTEM_CLOCK_=false
2026-05-18T01:23:12.9840921Z _R_CHECK_THINGS_IN_OTHER_DIRS_=true
2026-05-18T01:23:12.9841150Z _R_CHECK_THINGS_IN_TEMP_DIR_=true
2026-05-18T01:23:12.9841390Z _R_CHECK_UNDOC_USE_ALL_NAMES_=true
2026-05-18T01:23:12.9841618Z _R_CHECK_URLS_SHOW_301_STATUS_=true
2026-05-18T01:23:12.9841850Z _R_CXX_USE_NO_REMAP_=true
2026-05-18T01:23:12.9867791Z ##[group]Run sudo apt-get update
2026-05-18T01:23:12.9868079Z [36;1msudo apt-get update[0m
2026-05-18T01:23:12.9868329Z [36;1msudo apt-get install -y aspell[0m
2026-05-18T01:23:12.9868681Z [36;1mecho "_R_CHECK_CRAN_INCOMING_USE_ASPELL_=true" | tee -a $GITHUB_ENV[0m
2026-05-18T01:23:12.9904977Z shell: /usr/bin/bash --noprofile --norc -e -o pipefail {0}
2026-05-18T01:23:12.9905304Z env:
2026-05-18T01:23:12.9905487Z   _R_CHECK_PKG_SIZES_: FALSE
2026-05-18T01:23:12.9905743Z   R_REMOTES_NO_ERRORS_FROM_WARNINGS: true
2026-05-18T01:23:12.9905995Z   R_KEEP_PKG_SOURCE: yes
2026-05-18T01:23:12.9906227Z   _R_CHECK_SYSTEM_CLOCK_: false
2026-05-18T01:23:12.9906469Z   _R_CHECK_FUTURE_FILE_TIMESTAMPS_: false
2026-05-18T01:23:12.9906704Z   RGL_USE_NULL: true
2026-05-18T01:23:12.9906931Z   _R_CHECK_CRAN_INCOMING_CHECK_FILE_URIS_: true
2026-05-18T01:23:12.9907210Z   _R_CHECK_CRAN_INCOMING_NOTE_GNU_MAKE_: true
2026-05-18T01:23:12.9907515Z   _R_CHECK_PACKAGE_DEPENDS_IGNORE_MISSING_ENHANCES_: true
2026-05-18T01:23:12.9907810Z   _R_CHECK_CODE_CLASS_IS_STRING_: true
2026-05-18T01:23:12.9908074Z   _R_CHECK_CODOC_VARIABLES_IN_USAGES_: true
2026-05-18T01:23:12.9908334Z   _R_CHECK_CONNECTIONS_LEFT_OPEN_: true
2026-05-18T01:23:12.9908571Z   _R_CHECK_DATALIST_: true
2026-05-18T01:23:12.9908784Z   _R_CHECK_NEWS_IN_PLAIN_TEXT_: true
2026-05-18T01:23:12.9909046Z   _R_CHECK_PACKAGES_USED_CRAN_INCOMING_NOTES_: true
2026-05-18T01:23:12.9909370Z   _R_CHECK_RD_CONTENTS_KEYWORDS_: true
2026-05-18T01:23:12.9909774Z   _R_CHECK_R_DEPENDS_: warn
2026-05-18T01:23:12.9910022Z   _R_CHECK_S3_METHODS_SHOW_POSSIBLE_ISSUES_: true
2026-05-18T01:23:12.9910293Z   _R_CHECK_THINGS_IN_TEMP_DIR_: true
2026-05-18T01:23:12.9910531Z   _R_CHECK_UNDOC_USE_ALL_NAMES_: true
2026-05-18T01:23:12.9910779Z   _R_CHECK_URLS_SHOW_301_STATUS_: true
2026-05-18T01:23:12.9911010Z   _R_CXX_USE_NO_REMAP_: true
2026-05-18T01:23:12.9911265Z   _R_CHECK_CRAN_INCOMING_SKIP_LARGE_VERSION_: true
2026-05-18T01:23:12.9911537Z   _R_CHECK_FORCE_SUGGESTS_: false
2026-05-18T01:23:12.9911768Z   _R_CHECK_THINGS_IN_OTHER_DIRS_: true
2026-05-18T01:23:12.9912176Z   _R_CHECK_BASHISMS_: true
2026-05-18T01:23:12.9912388Z ##[endgroup]
2026-05-18T01:23:13.0865573Z Get:1 file:/etc/apt/apt-mirrors.txt Mirrorlist [144 B]
2026-05-18T01:23:13.1216028Z Hit:2 http://azure.archive.ubuntu.com/ubuntu noble InRelease
2026-05-18T01:23:13.1236571Z Get:3 http://azure.archive.ubuntu.com/ubuntu noble-updates InRelease [126 kB]
2026-05-18T01:23:13.1320747Z Get:4 http://azure.archive.ubuntu.com/ubuntu noble-backports InRelease [126 kB]
2026-05-18T01:23:13.1347897Z Get:5 http://azure.archive.ubuntu.com/ubuntu noble-security InRelease [126 kB]
2026-05-18T01:23:13.1601399Z Get:6 https://dl.google.com/linux/chrome-stable/deb stable InRelease [1825 B]
2026-05-18T01:23:13.1748995Z Hit:7 https://packages.microsoft.com/repos/azure-cli noble InRelease
2026-05-18T01:23:13.1795703Z Get:8 https://packages.microsoft.com/ubuntu/24.04/prod noble InRelease [3600 B]
2026-05-18T01:23:13.2630361Z Get:9 http://azure.archive.ubuntu.com/ubuntu noble-updates/main amd64 Packages [2003 kB]
2026-05-18T01:23:13.2812258Z Get:10 http://azure.archive.ubuntu.com/ubuntu noble-updates/main Translation-en [354 kB]
2026-05-18T01:23:13.2839129Z Get:11 http://azure.archive.ubuntu.com/ubuntu noble-updates/main amd64 Components [177 kB]
2026-05-18T01:23:13.2855490Z Get:12 http://azure.archive.ubuntu.com/ubuntu noble-updates/universe amd64 Packages [1689 kB]
2026-05-18T01:23:13.2980807Z Get:13 http://azure.archive.ubuntu.com/ubuntu noble-updates/universe amd64 Components [386 kB]
2026-05-18T01:23:13.3030874Z Get:14 http://azure.archive.ubuntu.com/ubuntu noble-updates/restricted amd64 Packages [3187 kB]
2026-05-18T01:23:13.3251467Z Get:15 http://azure.archive.ubuntu.com/ubuntu noble-updates/restricted Translation-en [738 kB]
2026-05-18T01:23:13.3317345Z Get:16 http://azure.archive.ubuntu.com/ubuntu noble-updates/multiverse amd64 Components [940 B]
2026-05-18T01:23:13.3334303Z Get:17 http://azure.archive.ubuntu.com/ubuntu noble-backports/main amd64 Components [5760 B]
2026-05-18T01:23:13.3342081Z Get:18 http://azure.archive.ubuntu.com/ubuntu noble-backports/universe amd64 Components [10.5 kB]
2026-05-18T01:23:13.4327351Z Get:19 http://azure.archive.ubuntu.com/ubuntu noble-security/main amd64 Packages [1668 kB]
2026-05-18T01:23:13.4424884Z Get:20 http://azure.archive.ubuntu.com/ubuntu noble-security/main amd64 Components [21.9 kB]
2026-05-18T01:23:13.4432815Z Get:21 http://azure.archive.ubuntu.com/ubuntu noble-security/universe amd64 Packages [1187 kB]
2026-05-18T01:23:13.4500318Z Get:22 http://azure.archive.ubuntu.com/ubuntu noble-security/universe amd64 Components [74.1 kB]
2026-05-18T01:23:13.4572421Z Get:23 https://dl.google.com/linux/chrome-stable/deb stable/main amd64 Packages [1208 B]
2026-05-18T01:23:13.5742403Z Get:24 https://packages.microsoft.com/ubuntu/24.04/prod noble/main amd64 Packages [147 kB]
2026-05-18T01:23:13.5814332Z Get:25 https://packages.microsoft.com/ubuntu/24.04/prod noble/main arm64 Packages [120 kB]
2026-05-18T01:23:18.4751902Z Fetched 12.2 MB in 1s (8207 kB/s)
2026-05-18T01:23:19.3494494Z Reading package lists...
2026-05-18T01:23:19.3835910Z Reading package lists...
2026-05-18T01:23:19.6262405Z Building dependency tree...
2026-05-18T01:23:19.6270070Z Reading state information...
2026-05-18T01:23:19.8162279Z The following additional packages will be installed:
2026-05-18T01:23:19.8171081Z   aspell-en
2026-05-18T01:23:19.8177205Z Suggested packages:
2026-05-18T01:23:19.8177452Z   aspell-doc spellutils
2026-05-18T01:23:19.8368985Z The following NEW packages will be installed:
2026-05-18T01:23:19.8378568Z   aspell aspell-en
2026-05-18T01:23:19.8588954Z 0 upgraded, 2 newly installed, 0 to remove and 7 not upgraded.
2026-05-18T01:23:19.8589748Z Need to get 391 kB of archives.
2026-05-18T01:23:19.8590241Z After this operation, 783 kB of additional disk space will be used.
2026-05-18T01:23:19.8590859Z Get:1 file:/etc/apt/apt-mirrors.txt Mirrorlist [144 B]
2026-05-18T01:23:19.8875389Z Get:2 http://azure.archive.ubuntu.com/ubuntu noble/main amd64 aspell amd64 0.60.8.1-1build1 [88.1 kB]
2026-05-18T01:23:19.8934068Z Get:3 http://azure.archive.ubuntu.com/ubuntu noble/main amd64 aspell-en all 2020.12.07-0-1 [303 kB]
2026-05-18T01:23:20.3233783Z Fetched 391 kB in 0s (6696 kB/s)
2026-05-18T01:23:20.3497259Z Selecting previously unselected package aspell.
2026-05-18T01:23:20.3789372Z (Reading database ... 
2026-05-18T01:23:20.3789903Z (Reading database ... 5%
2026-05-18T01:23:20.3790146Z (Reading database ... 10%
2026-05-18T01:23:20.3790360Z (Reading database ... 15%
2026-05-18T01:23:20.3790566Z (Reading database ... 20%
2026-05-18T01:23:20.3791140Z (Reading database ... 25%
2026-05-18T01:23:20.3791339Z (Reading database ... 30%
2026-05-18T01:23:20.3791561Z (Reading database ... 35%
2026-05-18T01:23:20.3791747Z (Reading database ... 40%
2026-05-18T01:23:20.3791969Z (Reading database ... 45%
2026-05-18T01:23:20.3792159Z (Reading database ... 50%
2026-05-18T01:23:20.3848128Z (Reading database ... 55%
2026-05-18T01:23:20.5893443Z (Reading database ... 60%
2026-05-18T01:23:20.7780520Z (Reading database ... 65%
2026-05-18T01:23:20.9819453Z (Reading database ... 70%
2026-05-18T01:23:21.1417894Z (Reading database ... 75%
2026-05-18T01:23:21.3322240Z (Reading database ... 80%
2026-05-18T01:23:21.5791803Z (Reading database ... 85%
2026-05-18T01:23:21.7361688Z (Reading database ... 90%
2026-05-18T01:23:21.8848147Z (Reading database ... 95%
2026-05-18T01:23:21.8848473Z (Reading database ... 100%
2026-05-18T01:23:21.8848816Z (Reading database ... 202288 files and directories currently installed.)
2026-05-18T01:23:21.8900070Z Preparing to unpack .../aspell_0.60.8.1-1build1_amd64.deb ...
2026-05-18T01:23:21.8925044Z Unpacking aspell (0.60.8.1-1build1) ...
2026-05-18T01:23:21.9223718Z Selecting previously unselected package aspell-en.
2026-05-18T01:23:21.9358128Z Preparing to unpack .../aspell-en_2020.12.07-0-1_all.deb ...
2026-05-18T01:23:21.9367842Z Unpacking aspell-en (2020.12.07-0-1) ...
2026-05-18T01:23:21.9962507Z Setting up aspell (0.60.8.1-1build1) ...
2026-05-18T01:23:22.0694454Z Setting up aspell-en (2020.12.07-0-1) ...
2026-05-18T01:23:22.1322034Z Processing triggers for man-db (2.12.0-4build2) ...
2026-05-18T01:23:22.1345063Z Not building database; man-db/auto-update is not 'true'.
2026-05-18T01:23:22.1361897Z Processing triggers for dictionaries-common (1.29.7) ...
2026-05-18T01:23:22.2575701Z aspell-autobuildhash: processing: en [en-common].
2026-05-18T01:23:22.4382152Z aspell-autobuildhash: processing: en [en-variant_0].
2026-05-18T01:23:22.4443571Z aspell-autobuildhash: processing: en [en-variant_1].
2026-05-18T01:23:22.4517366Z aspell-autobuildhash: processing: en [en-variant_2].
2026-05-18T01:23:22.4595552Z aspell-autobuildhash: processing: en [en-w_accents-only].
2026-05-18T01:23:22.4700004Z aspell-autobuildhash: processing: en [en-wo_accents-only].
2026-05-18T01:23:22.4803959Z aspell-autobuildhash: processing: en [en_AU-variant_0].
2026-05-18T01:23:22.4857405Z aspell-autobuildhash: processing: en [en_AU-variant_1].
2026-05-18T01:23:22.4923736Z aspell-autobuildhash: processing: en [en_AU-w_accents-only].
2026-05-18T01:23:22.5000226Z aspell-autobuildhash: processing: en [en_AU-wo_accents-only].
2026-05-18T01:23:22.5074966Z aspell-autobuildhash: processing: en [en_CA-variant_0].
2026-05-18T01:23:22.5129858Z aspell-autobuildhash: processing: en [en_CA-variant_1].
2026-05-18T01:23:22.5196512Z aspell-autobuildhash: processing: en [en_CA-w_accents-only].
2026-05-18T01:23:22.5266779Z aspell-autobuildhash: processing: en [en_CA-wo_accents-only].
2026-05-18T01:23:22.5338092Z aspell-autobuildhash: processing: en [en_GB-ise-w_accents-only].
2026-05-18T01:23:22.5409121Z aspell-autobuildhash: processing: en [en_GB-ise-wo_accents-only].
2026-05-18T01:23:22.5480177Z aspell-autobuildhash: processing: en [en_GB-ize-w_accents-only].
2026-05-18T01:23:22.5549234Z aspell-autobuildhash: processing: en [en_GB-ize-wo_accents-only].
2026-05-18T01:23:22.5619308Z aspell-autobuildhash: processing: en [en_GB-variant_0].
2026-05-18T01:23:22.5670448Z aspell-autobuildhash: processing: en [en_GB-variant_1].
2026-05-18T01:23:22.5732505Z aspell-autobuildhash: processing: en [en_US-w_accents-only].
2026-05-18T01:23:22.5806018Z aspell-autobuildhash: processing: en [en_US-wo_accents-only].
2026-05-18T01:23:23.2291670Z 
2026-05-18T01:23:23.2292328Z Running kernel seems to be up-to-date.
2026-05-18T01:23:23.2292591Z 
2026-05-18T01:23:23.2292690Z No services need to be restarted.
2026-05-18T01:23:23.2292877Z 
2026-05-18T01:23:23.2292970Z No containers need to be restarted.
2026-05-18T01:23:23.2293136Z 
2026-05-18T01:23:23.2293256Z No user sessions are running outdated binaries.
2026-05-18T01:23:23.2293829Z 
2026-05-18T01:23:23.2294035Z No VM guests are running outdated hypervisor (qemu) binaries on this host.
2026-05-18T01:23:24.3455312Z _R_CHECK_CRAN_INCOMING_USE_ASPELL_=true
2026-05-18T01:23:24.3501381Z ##[group]Run r-lib/actions/setup-pandoc@v2
2026-05-18T01:23:24.3501644Z with:
2026-05-18T01:23:24.3501829Z   pandoc-version: 3.8.3
2026-05-18T01:23:24.3502025Z env:
2026-05-18T01:23:24.3502201Z   _R_CHECK_PKG_SIZES_: FALSE
2026-05-18T01:23:24.3502430Z   R_REMOTES_NO_ERRORS_FROM_WARNINGS: true
2026-05-18T01:23:24.3502715Z   R_KEEP_PKG_SOURCE: yes
2026-05-18T01:23:24.3502921Z   _R_CHECK_SYSTEM_CLOCK_: false
2026-05-18T01:23:24.3503164Z   _R_CHECK_FUTURE_FILE_TIMESTAMPS_: false
2026-05-18T01:23:24.3503411Z   RGL_USE_NULL: true
2026-05-18T01:23:24.3503639Z   _R_CHECK_CRAN_INCOMING_CHECK_FILE_URIS_: true
2026-05-18T01:23:24.3503931Z   _R_CHECK_CRAN_INCOMING_NOTE_GNU_MAKE_: true
2026-05-18T01:23:24.3504231Z   _R_CHECK_PACKAGE_DEPENDS_IGNORE_MISSING_ENHANCES_: true
2026-05-18T01:23:24.3504547Z   _R_CHECK_CODE_CLASS_IS_STRING_: true
2026-05-18T01:23:24.3504796Z   _R_CHECK_CODOC_VARIABLES_IN_USAGES_: true
2026-05-18T01:23:24.3505068Z   _R_CHECK_CONNECTIONS_LEFT_OPEN_: true
2026-05-18T01:23:24.3505307Z   _R_CHECK_DATALIST_: true
2026-05-18T01:23:24.3505530Z   _R_CHECK_NEWS_IN_PLAIN_TEXT_: true
2026-05-18T01:23:24.3505805Z   _R_CHECK_PACKAGES_USED_CRAN_INCOMING_NOTES_: true
2026-05-18T01:23:24.3506080Z   _R_CHECK_RD_CONTENTS_KEYWORDS_: true
2026-05-18T01:23:24.3506325Z   _R_CHECK_R_DEPENDS_: warn
2026-05-18T01:23:24.3506571Z   _R_CHECK_S3_METHODS_SHOW_POSSIBLE_ISSUES_: true
2026-05-18T01:23:24.3506845Z   _R_CHECK_THINGS_IN_TEMP_DIR_: true
2026-05-18T01:23:24.3507076Z   _R_CHECK_UNDOC_USE_ALL_NAMES_: true
2026-05-18T01:23:24.3507313Z   _R_CHECK_URLS_SHOW_301_STATUS_: true
2026-05-18T01:23:24.3507544Z   _R_CXX_USE_NO_REMAP_: true
2026-05-18T01:23:24.3507803Z   _R_CHECK_CRAN_INCOMING_SKIP_LARGE_VERSION_: true
2026-05-18T01:23:24.3508085Z   _R_CHECK_FORCE_SUGGESTS_: false
2026-05-18T01:23:24.3508341Z   _R_CHECK_THINGS_IN_OTHER_DIRS_: true
2026-05-18T01:23:24.3508583Z   _R_CHECK_BASHISMS_: true
2026-05-18T01:23:24.3508803Z   _R_CHECK_CRAN_INCOMING_USE_ASPELL_: true
2026-05-18T01:23:24.3509050Z ##[endgroup]
2026-05-18T01:23:24.4331633Z ##[group]Download pandoc
2026-05-18T01:23:24.8311717Z [command]/usr/bin/tar xz --warning=no-unknown-keyword --overwrite -C /home/runner/work/_temp/557ac149-8b50-40ac-a66b-f5f6dd10d47a -f /home/runner/work/_temp/ef06330e-c7ea-44b0-8245-a2f8313f485f
2026-05-18T01:23:25.8624443Z ##[group]Run r-lib/actions/setup-r@v2
2026-05-18T01:23:25.8624702Z with:
2026-05-18T01:23:25.8624876Z   r-version: release
2026-05-18T01:23:25.8625063Z   install-r: true
2026-05-18T01:23:25.8625264Z   use-public-rspm: true
2026-05-18T01:23:25.8625459Z   Ncpus: 1
2026-05-18T01:23:25.8625644Z   remove-openmp-macos: true
2026-05-18T01:23:25.8625875Z   windows-path-include-rtools: true
2026-05-18T01:23:25.8626141Z   windows-path-include-mingw: true
2026-05-18T01:23:25.8626372Z   update-rtools: false
2026-05-18T01:23:25.8626587Z   working-directory: .
2026-05-18T01:23:25.8626767Z env:
2026-05-18T01:23:25.8626939Z   _R_CHECK_PKG_SIZES_: FALSE
2026-05-18T01:23:25.8627173Z   R_REMOTES_NO_ERRORS_FROM_WARNINGS: true
2026-05-18T01:23:25.8627422Z   R_KEEP_PKG_SOURCE: yes
2026-05-18T01:23:25.8627638Z   _R_CHECK_SYSTEM_CLOCK_: false
2026-05-18T01:23:25.8627864Z   _R_CHECK_FUTURE_FILE_TIMESTAMPS_: false
2026-05-18T01:23:25.8628104Z   RGL_USE_NULL: true
2026-05-18T01:23:25.8628320Z   _R_CHECK_CRAN_INCOMING_CHECK_FILE_URIS_: true
2026-05-18T01:23:25.8628787Z   _R_CHECK_CRAN_INCOMING_NOTE_GNU_MAKE_: true
2026-05-18T01:23:25.8629096Z   _R_CHECK_PACKAGE_DEPENDS_IGNORE_MISSING_ENHANCES_: true
2026-05-18T01:23:25.8629395Z   _R_CHECK_CODE_CLASS_IS_STRING_: true
2026-05-18T01:23:25.8629922Z   _R_CHECK_CODOC_VARIABLES_IN_USAGES_: true
2026-05-18T01:23:25.8630178Z   _R_CHECK_CONNECTIONS_LEFT_OPEN_: true
2026-05-18T01:23:25.8630427Z   _R_CHECK_DATALIST_: true
2026-05-18T01:23:25.8630638Z   _R_CHECK_NEWS_IN_PLAIN_TEXT_: true
2026-05-18T01:23:25.8631066Z   _R_CHECK_PACKAGES_USED_CRAN_INCOMING_NOTES_: true
2026-05-18T01:23:25.8631342Z   _R_CHECK_RD_CONTENTS_KEYWORDS_: true
2026-05-18T01:23:25.8631579Z   _R_CHECK_R_DEPENDS_: warn
2026-05-18T01:23:25.8631821Z   _R_CHECK_S3_METHODS_SHOW_POSSIBLE_ISSUES_: true
2026-05-18T01:23:25.8632092Z   _R_CHECK_THINGS_IN_TEMP_DIR_: true
2026-05-18T01:23:25.8632335Z   _R_CHECK_UNDOC_USE_ALL_NAMES_: true
2026-05-18T01:23:25.8632566Z   _R_CHECK_URLS_SHOW_301_STATUS_: true
2026-05-18T01:23:25.8632805Z   _R_CXX_USE_NO_REMAP_: true
2026-05-18T01:23:25.8633055Z   _R_CHECK_CRAN_INCOMING_SKIP_LARGE_VERSION_: true
2026-05-18T01:23:25.8633329Z   _R_CHECK_FORCE_SUGGESTS_: false
2026-05-18T01:23:25.8633557Z   _R_CHECK_THINGS_IN_OTHER_DIRS_: true
2026-05-18T01:23:25.8633791Z   _R_CHECK_BASHISMS_: true
2026-05-18T01:23:25.8634013Z   _R_CHECK_CRAN_INCOMING_USE_ASPELL_: true
2026-05-18T01:23:25.8634253Z ##[endgroup]
2026-05-18T01:23:25.9652888Z (node:3057) [DEP0169] DeprecationWarning: `url.parse()` behavior is not standardized and prone to errors that have security implications. Use the WHATWG URL API instead. CVEs are not issued for `url.parse()` vulnerabilities.
2026-05-18T01:23:25.9654608Z (Use `node --trace-deprecation ...` to show where the warning was created)
2026-05-18T01:23:30.9707349Z ##[error]Error: Request timeout: /rversions/resolve/release/linux-ubuntu-24.04/x86_64
2026-05-18T01:23:35.0944424Z ##[group]Run # Check status of this workflow
2026-05-18T01:23:35.0944797Z [36;1m# Check status of this workflow[0m
2026-05-18T01:23:35.0945077Z [36;1mif [ "failure" == "success" ]; then[0m
2026-05-18T01:23:35.0945351Z [36;1m  state="success"[0m
2026-05-18T01:23:35.0945563Z [36;1melse[0m
2026-05-18T01:23:35.0945752Z [36;1m  state="failure"[0m
2026-05-18T01:23:35.0945949Z [36;1mfi[0m
2026-05-18T01:23:35.0946123Z [36;1m[0m
2026-05-18T01:23:35.0946281Z [36;1msha=[0m
2026-05-18T01:23:35.0946470Z [36;1mif [ -z "${sha}" ]; then[0m
2026-05-18T01:23:35.0946757Z [36;1m  sha=632b00c2a659656b38f2430af5b533412a88add2[0m
2026-05-18T01:23:35.0947079Z [36;1mfi[0m
2026-05-18T01:23:35.0947275Z [36;1mif [ -z "${sha}" ]; then[0m
2026-05-18T01:23:35.0947554Z [36;1m  sha=e57a48e059ccc9b06d3e702a9b76b2fc5440d91c[0m
2026-05-18T01:23:35.0947832Z [36;1mfi[0m
2026-05-18T01:23:35.0948019Z [36;1m  sha=$(git rev-parse ${sha})[0m
2026-05-18T01:23:35.0948269Z [36;1m[0m
2026-05-18T01:23:35.0948494Z [36;1mhtml_url=$(gh api \[0m
2026-05-18T01:23:35.0948774Z [36;1m  -H "Accept: application/vnd.github+json" \[0m
2026-05-18T01:23:35.0949110Z [36;1m  -H "X-GitHub-Api-Version: 2022-11-28" \[0m
2026-05-18T01:23:35.0949702Z [36;1m  repos/krlmlr/duckdb-r/actions/runs/26005700499 | jq -r .html_url)[0m
2026-05-18T01:23:35.0950098Z [36;1m[0m
2026-05-18T01:23:35.0950296Z [36;1mdescription="rcc / rcc-smoke"[0m
2026-05-18T01:23:35.0950529Z [36;1m[0m
2026-05-18T01:23:35.0950694Z [36;1mgh api \[0m
2026-05-18T01:23:35.0950886Z [36;1m  --method POST \[0m
2026-05-18T01:23:35.0951150Z [36;1m  -H "Accept: application/vnd.github+json" \[0m
2026-05-18T01:23:35.0951475Z [36;1m  -H "X-GitHub-Api-Version: 2022-11-28" \[0m
2026-05-18T01:23:35.0951778Z [36;1m  repos/krlmlr/duckdb-r/statuses/${sha} \[0m
2026-05-18T01:23:35.0952221Z [36;1m  -f "state=${state}" -f "target_url=${html_url}" -f "description=${description}" -f "context=rcc"[0m
2026-05-18T01:23:35.0988279Z shell: /usr/bin/bash --noprofile --norc -e -o pipefail {0}
2026-05-18T01:23:35.0988593Z env:
2026-05-18T01:23:35.0988779Z   _R_CHECK_PKG_SIZES_: FALSE
2026-05-18T01:23:35.0989019Z   R_REMOTES_NO_ERRORS_FROM_WARNINGS: true
2026-05-18T01:23:35.0989274Z   R_KEEP_PKG_SOURCE: yes
2026-05-18T01:23:35.0989682Z   _R_CHECK_SYSTEM_CLOCK_: false
2026-05-18T01:23:35.0989924Z   _R_CHECK_FUTURE_FILE_TIMESTAMPS_: false
2026-05-18T01:23:35.0990160Z   RGL_USE_NULL: true
2026-05-18T01:23:35.0990385Z   _R_CHECK_CRAN_INCOMING_CHECK_FILE_URIS_: true
2026-05-18T01:23:35.0990665Z   _R_CHECK_CRAN_INCOMING_NOTE_GNU_MAKE_: true
2026-05-18T01:23:35.0990971Z   _R_CHECK_PACKAGE_DEPENDS_IGNORE_MISSING_ENHANCES_: true
2026-05-18T01:23:35.0991501Z   _R_CHECK_CODE_CLASS_IS_STRING_: true
2026-05-18T01:23:35.0991756Z   _R_CHECK_CODOC_VARIABLES_IN_USAGES_: true
2026-05-18T01:23:35.0992022Z   _R_CHECK_CONNECTIONS_LEFT_OPEN_: true
2026-05-18T01:23:35.0992257Z   _R_CHECK_DATALIST_: true
2026-05-18T01:23:35.0992470Z   _R_CHECK_NEWS_IN_PLAIN_TEXT_: true
2026-05-18T01:23:35.0992738Z   _R_CHECK_PACKAGES_USED_CRAN_INCOMING_NOTES_: true
2026-05-18T01:23:35.0993019Z   _R_CHECK_RD_CONTENTS_KEYWORDS_: true
2026-05-18T01:23:35.0993252Z   _R_CHECK_R_DEPENDS_: warn
2026-05-18T01:23:35.0993491Z   _R_CHECK_S3_METHODS_SHOW_POSSIBLE_ISSUES_: true
2026-05-18T01:23:35.0993764Z   _R_CHECK_THINGS_IN_TEMP_DIR_: true
2026-05-18T01:23:35.0993993Z   _R_CHECK_UNDOC_USE_ALL_NAMES_: true
2026-05-18T01:23:35.0994233Z   _R_CHECK_URLS_SHOW_301_STATUS_: true
2026-05-18T01:23:35.0994459Z   _R_CXX_USE_NO_REMAP_: true
2026-05-18T01:23:35.0994713Z   _R_CHECK_CRAN_INCOMING_SKIP_LARGE_VERSION_: true
2026-05-18T01:23:35.0994983Z   _R_CHECK_FORCE_SUGGESTS_: false
2026-05-18T01:23:35.0995222Z   _R_CHECK_THINGS_IN_OTHER_DIRS_: true
2026-05-18T01:23:35.0995458Z   _R_CHECK_BASHISMS_: true
2026-05-18T01:23:35.0995674Z   _R_CHECK_CRAN_INCOMING_USE_ASPELL_: true
2026-05-18T01:23:35.0996452Z   GH_TOKEN: ***
2026-05-18T01:23:35.0996648Z ##[endgroup]
2026-05-18T01:23:35.6715036Z {"url":"https://api.github.com/repos/krlmlr/duckdb-r/statuses/632b00c2a659656b38f2430af5b533412a88add2","avatar_url":"https://avatars.githubusercontent.com/in/15368?v=4","id":47533383630,"node_id":"SC_kwDOKNSgSc8AAAALETXfzg","state":"failure","description":"rcc / rcc-smoke","target_url":"https://github.com/krlmlr/duckdb-r/actions/runs/26005700499","context":"rcc","created_at":"2026-05-18T01:23:35Z","updated_at":"2026-05-18T01:23:35Z","creator":{"login":"github-actions[bot]","id":41898282,"node_id":"MDM6Qm90NDE4OTgyODI=","avatar_url":"https://avatars.githubusercontent.com/in/15368?v=4","gravatar_id":"","url":"https://api.github.com/users/github-actions%5Bbot%5D","html_url":"https://github.com/apps/github-actions","followers_url":"https://api.github.com/users/github-actions%5Bbot%5D/followers","following_url":"https://api.github.com/users/github-actions%5Bbot%5D/following{/other_user}","gists_url":"https://api.github.com/users/github-actions%5Bbot%5D/gists{/gist_id}","starred_url":"https://api.github.com/users/github-actions%5Bbot%5D/starred{/owner}{/repo}","subscriptions_url":"https://api.github.com/users/github-actions%5Bbot%5D/subscriptions","organizations_url":"https://api.github.com/users/github-actions%5Bbot%5D/orgs","repos_url":"https://api.github.com/users/github-actions%5Bbot%5D/repos","events_url":"https://api.github.com/users/github-actions%5Bbot%5D/events{/privacy}","received_events_url":"https://api.github.com/users/github-actions%5Bbot%5D/received_events","type":"Bot","user_view_type":"public","site_admin":false}}
2026-05-18T01:23:35.6868384Z Post job cleanup.
2026-05-18T01:23:35.6923771Z Post job cleanup.
2026-05-18T01:23:35.7764359Z [command]/usr/bin/git version
2026-05-18T01:23:35.7834496Z git version 2.54.0
2026-05-18T01:23:35.7873836Z Temporarily overriding HOME='/home/runner/work/_temp/2c614001-0c55-413c-abf9-fcfba827f2c9' before making global git config changes
2026-05-18T01:23:35.7875058Z Adding repository directory to the temporary git global config as a safe directory
2026-05-18T01:23:35.7880205Z [command]/usr/bin/git config --global --add safe.directory /home/runner/work/duckdb-r/duckdb-r
2026-05-18T01:23:35.7913821Z Removing SSH command configuration
2026-05-18T01:23:35.7921356Z [command]/usr/bin/git config --local --name-only --get-regexp core\.sshCommand
2026-05-18T01:23:35.7956013Z [command]/usr/bin/git submodule foreach --recursive sh -c "git config --local --name-only --get-regexp 'core\.sshCommand' && git config --local --unset-all 'core.sshCommand' || :"
2026-05-18T01:23:35.8201992Z Removing HTTP extra header
2026-05-18T01:23:35.8207840Z [command]/usr/bin/git config --local --name-only --get-regexp http\.https\:\/\/github\.com\/\.extraheader
2026-05-18T01:23:35.8243413Z [command]/usr/bin/git submodule foreach --recursive sh -c "git config --local --name-only --get-regexp 'http\.https\:\/\/github\.com\/\.extraheader' && git config --local --unset-all 'http.https://github.com/.extraheader' || :"
2026-05-18T01:23:35.8485217Z Removing includeIf entries pointing to credentials config files
2026-05-18T01:23:35.8493507Z [command]/usr/bin/git config --local --name-only --get-regexp ^includeIf\.gitdir:
2026-05-18T01:23:35.8523213Z includeif.gitdir:/home/runner/work/duckdb-r/duckdb-r/.git.path
2026-05-18T01:23:35.8523967Z includeif.gitdir:/home/runner/work/duckdb-r/duckdb-r/.git/worktrees/*.path
2026-05-18T01:23:35.8524614Z includeif.gitdir:/github/workspace/.git.path
2026-05-18T01:23:35.8525146Z includeif.gitdir:/github/workspace/.git/worktrees/*.path
2026-05-18T01:23:35.8535945Z [command]/usr/bin/git config --local --get-all includeif.gitdir:/home/runner/work/duckdb-r/duckdb-r/.git.path
2026-05-18T01:23:35.8559907Z /home/runner/work/_temp/git-credentials-a03e250e-cb8a-41e2-9d71-1dc3f8bd428c.config
2026-05-18T01:23:35.8570778Z [command]/usr/bin/git config --local --unset includeif.gitdir:/home/runner/work/duckdb-r/duckdb-r/.git.path /home/runner/work/_temp/git-credentials-a03e250e-cb8a-41e2-9d71-1dc3f8bd428c.config
2026-05-18T01:23:35.8611433Z [command]/usr/bin/git config --local --get-all includeif.gitdir:/home/runner/work/duckdb-r/duckdb-r/.git/worktrees/*.path
2026-05-18T01:23:35.8635205Z /home/runner/work/_temp/git-credentials-a03e250e-cb8a-41e2-9d71-1dc3f8bd428c.config
2026-05-18T01:23:35.8645237Z [command]/usr/bin/git config --local --unset includeif.gitdir:/home/runner/work/duckdb-r/duckdb-r/.git/worktrees/*.path /home/runner/work/_temp/git-credentials-a03e250e-cb8a-41e2-9d71-1dc3f8bd428c.config
2026-05-18T01:23:35.8677676Z [command]/usr/bin/git config --local --get-all includeif.gitdir:/github/workspace/.git.path
2026-05-18T01:23:35.8701387Z /github/runner_temp/git-credentials-a03e250e-cb8a-41e2-9d71-1dc3f8bd428c.config
2026-05-18T01:23:35.8718442Z [command]/usr/bin/git config --local --unset includeif.gitdir:/github/workspace/.git.path /github/runner_temp/git-credentials-a03e250e-cb8a-41e2-9d71-1dc3f8bd428c.config
2026-05-18T01:23:35.8743698Z [command]/usr/bin/git config --local --get-all includeif.gitdir:/github/workspace/.git/worktrees/*.path
2026-05-18T01:23:35.8765930Z /github/runner_temp/git-credentials-a03e250e-cb8a-41e2-9d71-1dc3f8bd428c.config
2026-05-18T01:23:35.8775345Z [command]/usr/bin/git config --local --unset includeif.gitdir:/github/workspace/.git/worktrees/*.path /github/runner_temp/git-credentials-a03e250e-cb8a-41e2-9d71-1dc3f8bd428c.config
2026-05-18T01:23:35.8809070Z [command]/usr/bin/git submodule foreach --recursive git config --local --show-origin --name-only --get-regexp remote.origin.url
2026-05-18T01:23:35.9057368Z Removing credentials config '/home/runner/work/_temp/git-credentials-a03e250e-cb8a-41e2-9d71-1dc3f8bd428c.config'
2026-05-18T01:23:35.9205187Z Evaluate and set job outputs
2026-05-18T01:23:35.9211410Z Cleaning up orphan processes
2026-05-17T23:21:45.6990000Z Evaluating rcc-smoke.if
2026-05-17T23:21:45.6990000Z Evaluating: success()
2026-05-17T23:21:45.6990000Z Result: true
2026-05-17T23:21:45.7000000Z Requested labels: ubuntu-24.04
2026-05-17T23:21:45.7000000Z Job defined at: krlmlr/duckdb-r/.github/workflows/R-CMD-check.yaml@refs/heads/broken-8ed27dac053c20b1012b1f614efa1c213bb20699-dev
2026-05-17T23:21:45.7000000Z Waiting for a runner to pick up this job...
2026-05-18T01:23:05.2880000Z Job is about to start running on the hosted runner: GitHub Actions 1000156188
2026-05-18T01:23:05.2880000Z Job is waiting for a hosted runner to come online.