2026-05-18T01:17:55.0016071Z Current runner version: '2.334.0'
2026-05-18T01:17:55.0050211Z ##[group]Runner Image Provisioner
2026-05-18T01:17:55.0051353Z Hosted Compute Agent
2026-05-18T01:17:55.0052221Z Version: 20260213.493
2026-05-18T01:17:55.0053193Z Commit: 5c115507f6dd24b8de37d8bbe0bb4509d0cc0fa3
2026-05-18T01:17:55.0054285Z Build Date: 2026-02-13T00:28:41Z
2026-05-18T01:17:55.0055439Z Worker ID: {e70eb5de-0d77-40f4-b859-ac46359f3010}
2026-05-18T01:17:55.0056731Z Azure Region: eastus
2026-05-18T01:17:55.0057523Z ##[endgroup]
2026-05-18T01:17:55.0059624Z ##[group]Operating System
2026-05-18T01:17:55.0060491Z Ubuntu
2026-05-18T01:17:55.0061221Z 24.04.4
2026-05-18T01:17:55.0062092Z LTS
2026-05-18T01:17:55.0062801Z ##[endgroup]
2026-05-18T01:17:55.0063497Z ##[group]Runner Image
2026-05-18T01:17:55.0064464Z Image: ubuntu-24.04
2026-05-18T01:17:55.0065258Z Version: 20260513.135.3
2026-05-18T01:17:55.0068066Z Included Software: https://github.com/actions/runner-images/blob/ubuntu24/20260513.135/images/ubuntu/Ubuntu2404-Readme.md
2026-05-18T01:17:55.0070482Z Image Release: https://github.com/actions/runner-images/releases/tag/ubuntu24%2F20260513.135
2026-05-18T01:17:55.0072056Z ##[endgroup]
2026-05-18T01:17:55.0074064Z ##[group]GITHUB_TOKEN Permissions
2026-05-18T01:17:55.0077216Z Actions: write
2026-05-18T01:17:55.0078091Z Contents: write
2026-05-18T01:17:55.0078800Z Metadata: read
2026-05-18T01:17:55.0079661Z PullRequests: write
2026-05-18T01:17:55.0080397Z Statuses: write
2026-05-18T01:17:55.0081157Z ##[endgroup]
2026-05-18T01:17:55.0084499Z Secret source: Actions
2026-05-18T01:17:55.0085674Z Prepare workflow directory
2026-05-18T01:17:55.0552259Z Prepare all required actions
2026-05-18T01:17:55.0606415Z Getting action download info
2026-05-18T01:17:55.2696644Z Download action repository 'actions/checkout@v6' (SHA:de0fac2e4500dabe0009e67214ff5f5447ce83dd)
2026-05-18T01:17:55.3952802Z Download action repository 'actions/upload-artifact@v5' (SHA:330a01c490aca151604b8cf639adc76d48f6c5d4)
2026-05-18T01:17:55.6566498Z Complete job name: Smoke test: stock R
2026-05-18T01:17:55.7332811Z ##[group]Run actions/checkout@v6
2026-05-18T01:17:55.7333578Z with:
2026-05-18T01:17:55.7333998Z   ref: c20877c1cf0f4926aaf1a7cd4931050d048ddfe7
2026-05-18T01:17:55.7334542Z   repository: krlmlr/duckdb-r
2026-05-18T01:17:55.7335168Z   token: ***
2026-05-18T01:17:55.7335536Z   ssh-strict: true
2026-05-18T01:17:55.7336107Z   ssh-user: git
2026-05-18T01:17:55.7336499Z   persist-credentials: true
2026-05-18T01:17:55.7336926Z   clean: true
2026-05-18T01:17:55.7337369Z   sparse-checkout-cone-mode: true
2026-05-18T01:17:55.7337825Z   fetch-depth: 1
2026-05-18T01:17:55.7338192Z   fetch-tags: false
2026-05-18T01:17:55.7338565Z   show-progress: true
2026-05-18T01:17:55.7338942Z   lfs: false
2026-05-18T01:17:55.7339285Z   submodules: false
2026-05-18T01:17:55.7339673Z   set-safe-directory: true
2026-05-18T01:17:55.7340272Z ##[endgroup]
2026-05-18T01:17:55.8323270Z Syncing repository: krlmlr/duckdb-r
2026-05-18T01:17:55.8324975Z ##[group]Getting Git version info
2026-05-18T01:17:55.8325723Z Working directory is '/home/runner/work/duckdb-r/duckdb-r'
2026-05-18T01:17:55.8326901Z [command]/usr/bin/git version
2026-05-18T01:17:55.8368455Z git version 2.54.0
2026-05-18T01:17:55.8390704Z ##[endgroup]
2026-05-18T01:17:55.8406354Z Temporarily overriding HOME='/home/runner/work/_temp/63593fb0-4f17-4cb1-9480-96e28f365117' before making global git config changes
2026-05-18T01:17:55.8408519Z Adding repository directory to the temporary git global config as a safe directory
2026-05-18T01:17:55.8412846Z [command]/usr/bin/git config --global --add safe.directory /home/runner/work/duckdb-r/duckdb-r
2026-05-18T01:17:55.8456840Z Deleting the contents of '/home/runner/work/duckdb-r/duckdb-r'
2026-05-18T01:17:55.8461488Z ##[group]Initializing the repository
2026-05-18T01:17:55.8466591Z [command]/usr/bin/git init /home/runner/work/duckdb-r/duckdb-r
2026-05-18T01:17:55.8543458Z hint: Using 'master' as the name for the initial branch. This default branch name
2026-05-18T01:17:55.8544740Z hint: will change to "main" in Git 3.0. To configure the initial branch name
2026-05-18T01:17:55.8546589Z hint: to use in all of your new repositories, which will suppress this warning,
2026-05-18T01:17:55.8547451Z hint: call:
2026-05-18T01:17:55.8548257Z hint:
2026-05-18T01:17:55.8548987Z hint: 	git config --global init.defaultBranch <name>
2026-05-18T01:17:55.8549883Z hint:
2026-05-18T01:17:55.8550717Z hint: Names commonly chosen instead of 'master' are 'main', 'trunk' and
2026-05-18T01:17:55.8552078Z hint: 'development'. The just-created branch can be renamed via this command:
2026-05-18T01:17:55.8553146Z hint:
2026-05-18T01:17:55.8553718Z hint: 	git branch -m <name>
2026-05-18T01:17:55.8554351Z hint:
2026-05-18T01:17:55.8555243Z hint: Disable this message with "git config set advice.defaultBranchName false"
2026-05-18T01:17:55.8556952Z Initialized empty Git repository in /home/runner/work/duckdb-r/duckdb-r/.git/
2026-05-18T01:17:55.8559365Z [command]/usr/bin/git remote add origin https://github.com/krlmlr/duckdb-r
2026-05-18T01:17:55.8597930Z ##[endgroup]
2026-05-18T01:17:55.8598989Z ##[group]Disabling automatic garbage collection
2026-05-18T01:17:55.8602333Z [command]/usr/bin/git config --local gc.auto 0
2026-05-18T01:17:55.8632997Z ##[endgroup]
2026-05-18T01:17:55.8633994Z ##[group]Setting up auth
2026-05-18T01:17:55.8634731Z Removing SSH command configuration
2026-05-18T01:17:55.8640493Z [command]/usr/bin/git config --local --name-only --get-regexp core\.sshCommand
2026-05-18T01:17:55.8674696Z [command]/usr/bin/git submodule foreach --recursive sh -c "git config --local --name-only --get-regexp 'core\.sshCommand' && git config --local --unset-all 'core.sshCommand' || :"
2026-05-18T01:17:55.8993050Z Removing HTTP extra header
2026-05-18T01:17:55.8999358Z [command]/usr/bin/git config --local --name-only --get-regexp http\.https\:\/\/github\.com\/\.extraheader
2026-05-18T01:17:55.9032251Z [command]/usr/bin/git submodule foreach --recursive sh -c "git config --local --name-only --get-regexp 'http\.https\:\/\/github\.com\/\.extraheader' && git config --local --unset-all 'http.https://github.com/.extraheader' || :"
2026-05-18T01:17:55.9257838Z Removing includeIf entries pointing to credentials config files
2026-05-18T01:17:55.9263741Z [command]/usr/bin/git config --local --name-only --get-regexp ^includeIf\.gitdir:
2026-05-18T01:17:55.9296196Z [command]/usr/bin/git submodule foreach --recursive git config --local --show-origin --name-only --get-regexp remote.origin.url
2026-05-18T01:17:55.9534531Z [command]/usr/bin/git config --file /home/runner/work/_temp/git-credentials-1e744e52-285f-466d-b376-1d96f43c30d3.config http.https://github.com/.extraheader AUTHORIZATION: basic ***
2026-05-18T01:17:55.9574680Z [command]/usr/bin/git config --local includeIf.gitdir:/home/runner/work/duckdb-r/duckdb-r/.git.path /home/runner/work/_temp/git-credentials-1e744e52-285f-466d-b376-1d96f43c30d3.config
2026-05-18T01:17:55.9608982Z [command]/usr/bin/git config --local includeIf.gitdir:/home/runner/work/duckdb-r/duckdb-r/.git/worktrees/*.path /home/runner/work/_temp/git-credentials-1e744e52-285f-466d-b376-1d96f43c30d3.config
2026-05-18T01:17:55.9644654Z [command]/usr/bin/git config --local includeIf.gitdir:/github/workspace/.git.path /github/runner_temp/git-credentials-1e744e52-285f-466d-b376-1d96f43c30d3.config
2026-05-18T01:17:55.9680068Z [command]/usr/bin/git config --local includeIf.gitdir:/github/workspace/.git/worktrees/*.path /github/runner_temp/git-credentials-1e744e52-285f-466d-b376-1d96f43c30d3.config
2026-05-18T01:17:55.9712214Z ##[endgroup]
2026-05-18T01:17:55.9712888Z ##[group]Fetching the repository
2026-05-18T01:17:55.9721893Z [command]/usr/bin/git -c protocol.version=2 fetch --no-tags --prune --no-recurse-submodules --depth=1 origin c20877c1cf0f4926aaf1a7cd4931050d048ddfe7
2026-05-18T01:17:57.3467484Z From https://github.com/krlmlr/duckdb-r
2026-05-18T01:17:57.3469034Z  * branch            c20877c1cf0f4926aaf1a7cd4931050d048ddfe7 -> FETCH_HEAD
2026-05-18T01:17:57.3522394Z [command]/usr/bin/git rev-parse --verify --quiet c20877c1cf0f4926aaf1a7cd4931050d048ddfe7^{object}
2026-05-18T01:17:57.3550222Z c20877c1cf0f4926aaf1a7cd4931050d048ddfe7
2026-05-18T01:17:57.3556035Z ##[endgroup]
2026-05-18T01:17:57.3557276Z ##[group]Determining the checkout info
2026-05-18T01:17:57.3558532Z ##[endgroup]
2026-05-18T01:17:57.3562838Z [command]/usr/bin/git sparse-checkout disable
2026-05-18T01:17:57.3614012Z [command]/usr/bin/git config --local --unset-all extensions.worktreeConfig
2026-05-18T01:17:57.3646359Z ##[group]Checking out the ref
2026-05-18T01:17:57.3650968Z [command]/usr/bin/git checkout --progress --force c20877c1cf0f4926aaf1a7cd4931050d048ddfe7
2026-05-18T01:17:57.6242154Z Note: switching to 'c20877c1cf0f4926aaf1a7cd4931050d048ddfe7'.
2026-05-18T01:17:57.6243202Z 
2026-05-18T01:17:57.6243950Z You are in 'detached HEAD' state. You can look around, make experimental
2026-05-18T01:17:57.6245584Z changes and commit them, and you can discard any commits you make in this
2026-05-18T01:17:57.6247698Z state without impacting any branches by switching back to a branch.
2026-05-18T01:17:57.6248717Z 
2026-05-18T01:17:57.6249368Z If you want to create a new branch to retain commits you create, you may
2026-05-18T01:17:57.6250763Z do so (now or later) by using -c with the switch command. Example:
2026-05-18T01:17:57.6251480Z 
2026-05-18T01:17:57.6251784Z   git switch -c <new-branch-name>
2026-05-18T01:17:57.6252317Z 
2026-05-18T01:17:57.6252681Z Or undo this operation with:
2026-05-18T01:17:57.6253221Z 
2026-05-18T01:17:57.6253613Z   git switch -
2026-05-18T01:17:57.6254117Z 
2026-05-18T01:17:57.6254886Z Turn off this advice by setting config variable advice.detachedHead to false
2026-05-18T01:17:57.6255961Z 
2026-05-18T01:17:57.6256874Z HEAD is now at c20877c vendor: Update vendored sources to duckdb/duckdb@5909259229afa28a33cee6075dc37fa602477325
2026-05-18T01:17:57.6260262Z ##[endgroup]
2026-05-18T01:17:57.6298971Z [command]/usr/bin/git log -1 --format=%H
2026-05-18T01:17:57.6325591Z c20877c1cf0f4926aaf1a7cd4931050d048ddfe7
2026-05-18T01:17:57.6619766Z ##[group]Run echo "Actor: github-actions[bot]"
2026-05-18T01:17:57.6621259Z [36;1mecho "Actor: github-actions[bot]"[0m
2026-05-18T01:17:57.6622395Z [36;1m[0m
2026-05-18T01:17:57.6623232Z [36;1m# Check status of this workflow[0m
2026-05-18T01:17:57.6624329Z [36;1mstate="pending"[0m
2026-05-18T01:17:57.6625459Z [36;1msha=c20877c1cf0f4926aaf1a7cd4931050d048ddfe7[0m
2026-05-18T01:17:57.6626962Z [36;1mif [ -z "${sha}" ]; then[0m
2026-05-18T01:17:57.6628155Z [36;1m  sha=e57a48e059ccc9b06d3e702a9b76b2fc5440d91c[0m
2026-05-18T01:17:57.6629364Z [36;1mfi[0m
2026-05-18T01:17:57.6630227Z [36;1msha=$(git rev-parse ${sha})[0m
2026-05-18T01:17:57.6631251Z [36;1m[0m
2026-05-18T01:17:57.6632038Z [36;1mhtml_url=$(gh api \[0m
2026-05-18T01:17:57.6633175Z [36;1m  -H "Accept: application/vnd.github+json" \[0m
2026-05-18T01:17:57.6634493Z [36;1m  -H "X-GitHub-Api-Version: 2022-11-28" \[0m
2026-05-18T01:17:57.6636363Z [36;1m  repos/krlmlr/duckdb-r/actions/runs/26005691618 | jq -r .html_url)[0m
2026-05-18T01:17:57.6637836Z [36;1m[0m
2026-05-18T01:17:57.6638682Z [36;1mdescription="rcc / rcc-smoke"[0m
2026-05-18T01:17:57.6639727Z [36;1m[0m
2026-05-18T01:17:57.6640508Z [36;1mgh api \[0m
2026-05-18T01:17:57.6641361Z [36;1m  --method POST \[0m
2026-05-18T01:17:57.6642469Z [36;1m  -H "Accept: application/vnd.github+json" \[0m
2026-05-18T01:17:57.6643783Z [36;1m  -H "X-GitHub-Api-Version: 2022-11-28" \[0m
2026-05-18T01:17:57.6645067Z [36;1m  repos/krlmlr/duckdb-r/statuses/${sha} \[0m
2026-05-18T01:17:57.6647131Z [36;1m  -f "state=${state}" -f "target_url=${html_url}" -f "description=${description}" -f "context=rcc"[0m
2026-05-18T01:17:57.6691679Z shell: /usr/bin/bash --noprofile --norc -e -o pipefail {0}
2026-05-18T01:17:57.6693001Z env:
2026-05-18T01:17:57.6694395Z   GH_TOKEN: ***
2026-05-18T01:17:57.6695224Z ##[endgroup]
2026-05-18T01:17:57.6791672Z Actor: github-actions[bot]
2026-05-18T01:17:58.5947055Z {"url":"https://api.github.com/repos/krlmlr/duckdb-r/statuses/c20877c1cf0f4926aaf1a7cd4931050d048ddfe7","avatar_url":"https://avatars.githubusercontent.com/in/15368?v=4","id":47533275442,"node_id":"SC_kwDOKNSgSc8AAAALETQ5Mg","state":"pending","description":"rcc / rcc-smoke","target_url":"https://github.com/krlmlr/duckdb-r/actions/runs/26005691618","context":"rcc","created_at":"2026-05-18T01:17:58Z","updated_at":"2026-05-18T01:17:58Z","creator":{"login":"github-actions[bot]","id":41898282,"node_id":"MDM6Qm90NDE4OTgyODI=","avatar_url":"https://avatars.githubusercontent.com/in/15368?v=4","gravatar_id":"","url":"https://api.github.com/users/github-actions%5Bbot%5D","html_url":"https://github.com/apps/github-actions","followers_url":"https://api.github.com/users/github-actions%5Bbot%5D/followers","following_url":"https://api.github.com/users/github-actions%5Bbot%5D/following{/other_user}","gists_url":"https://api.github.com/users/github-actions%5Bbot%5D/gists{/gist_id}","starred_url":"https://api.github.com/users/github-actions%5Bbot%5D/starred{/owner}{/repo}","subscriptions_url":"https://api.github.com/users/github-actions%5Bbot%5D/subscriptions","organizations_url":"https://api.github.com/users/github-actions%5Bbot%5D/orgs","repos_url":"https://api.github.com/users/github-actions%5Bbot%5D/repos","events_url":"https://api.github.com/users/github-actions%5Bbot%5D/events{/privacy}","received_events_url":"https://api.github.com/users/github-actions%5Bbot%5D/received_events","type":"Bot","user_view_type":"public","site_admin":false}}
2026-05-18T01:17:58.6136861Z Prepare all required actions
2026-05-18T01:17:58.6172703Z ##[group]Run ./.github/workflows/rate-limit
2026-05-18T01:17:58.6173004Z with:
2026-05-18T01:17:58.6173335Z   token: ***
2026-05-18T01:17:58.6173529Z ##[endgroup]
2026-05-18T01:17:58.6250499Z ##[group]Run curl -s --header "authorization: ***" https://api.github.com/rate_limit
2026-05-18T01:17:58.6251289Z [36;1mcurl -s --header "authorization: ***" https://api.github.com/rate_limit[0m
2026-05-18T01:17:58.6288959Z shell: /usr/bin/bash --noprofile --norc -e -o pipefail {0}
2026-05-18T01:17:58.6289292Z ##[endgroup]
2026-05-18T01:17:58.7696521Z {
2026-05-18T01:17:58.7696893Z   "resources": {
2026-05-18T01:17:58.7697178Z     "core": {
2026-05-18T01:17:58.7697478Z       "limit": 5000,
2026-05-18T01:17:58.7697695Z       "used": 544,
2026-05-18T01:17:58.7697924Z       "remaining": 4456,
2026-05-18T01:17:58.7698144Z       "reset": 1779067159
2026-05-18T01:17:58.7698351Z     },
2026-05-18T01:17:58.7698517Z     "search": {
2026-05-18T01:17:58.7698797Z       "limit": 30,
2026-05-18T01:17:58.7698988Z       "used": 0,
2026-05-18T01:17:58.7699183Z       "remaining": 30,
2026-05-18T01:17:58.7699397Z       "reset": 1779067138
2026-05-18T01:17:58.7699598Z     },
2026-05-18T01:17:58.7699762Z     "graphql": {
2026-05-18T01:17:58.7699946Z       "limit": 5000,
2026-05-18T01:17:58.7700147Z       "used": 175,
2026-05-18T01:17:58.7700335Z       "remaining": 4825,
2026-05-18T01:17:58.7700539Z       "reset": 1779067211
2026-05-18T01:17:58.7700771Z     },
2026-05-18T01:17:58.7700994Z     "integration_manifest": {
2026-05-18T01:17:58.7701242Z       "limit": 5000,
2026-05-18T01:17:58.7701435Z       "used": 0,
2026-05-18T01:17:58.7701624Z       "remaining": 5000,
2026-05-18T01:17:58.7701829Z       "reset": 1779070678
2026-05-18T01:17:58.7702017Z     },
2026-05-18T01:17:58.7702192Z     "source_import": {
2026-05-18T01:17:58.7702384Z       "limit": 100,
2026-05-18T01:17:58.7702600Z       "used": 0,
2026-05-18T01:17:58.7702861Z       "remaining": 100,
2026-05-18T01:17:58.7703069Z       "reset": 1779067138
2026-05-18T01:17:58.7703270Z     },
2026-05-18T01:17:58.7703440Z     "code_scanning_upload": {
2026-05-18T01:17:58.7703663Z       "limit": 5000,
2026-05-18T01:17:58.7703841Z       "used": 544,
2026-05-18T01:17:58.7704031Z       "remaining": 4456,
2026-05-18T01:17:58.7704224Z       "reset": 1779067159
2026-05-18T01:17:58.7704411Z     },
2026-05-18T01:17:58.7704576Z     "code_scanning_autofix": {
2026-05-18T01:17:58.7704797Z       "limit": 10,
2026-05-18T01:17:58.7704968Z       "used": 0,
2026-05-18T01:17:58.7705150Z       "remaining": 10,
2026-05-18T01:17:58.7705702Z       "reset": 1779067138
2026-05-18T01:17:58.7706038Z     },
2026-05-18T01:17:58.7706227Z     "actions_runner_registration": {
2026-05-18T01:17:58.7706471Z       "limit": 10000,
2026-05-18T01:17:58.7706666Z       "used": 0,
2026-05-18T01:17:58.7706839Z       "remaining": 10000,
2026-05-18T01:17:58.7707040Z       "reset": 1779070678
2026-05-18T01:17:58.7707220Z     },
2026-05-18T01:17:58.7707387Z     "scim": {
2026-05-18T01:17:58.7707564Z       "limit": 15000,
2026-05-18T01:17:58.7707749Z       "used": 0,
2026-05-18T01:17:58.7707925Z       "remaining": 15000,
2026-05-18T01:17:58.7708117Z       "reset": 1779070678
2026-05-18T01:17:58.7708298Z     },
2026-05-18T01:17:58.7708475Z     "dependency_snapshots": {
2026-05-18T01:17:58.7708773Z       "limit": 100,
2026-05-18T01:17:58.7709028Z       "used": 0,
2026-05-18T01:17:58.7709268Z       "remaining": 100,
2026-05-18T01:17:58.7709545Z       "reset": 1779067138
2026-05-18T01:17:58.7709852Z     },
2026-05-18T01:17:58.7710090Z     "dependency_sbom": {
2026-05-18T01:17:58.7710311Z       "limit": 100,
2026-05-18T01:17:58.7710484Z       "used": 0,
2026-05-18T01:17:58.7710682Z       "remaining": 100,
2026-05-18T01:17:58.7710993Z       "reset": 1779067138
2026-05-18T01:17:58.7711179Z     },
2026-05-18T01:17:58.7711345Z     "audit_log": {
2026-05-18T01:17:58.7711522Z       "limit": 1750,
2026-05-18T01:17:58.7711711Z       "used": 0,
2026-05-18T01:17:58.7712204Z       "remaining": 1750,
2026-05-18T01:17:58.7712424Z       "reset": 1779070678
2026-05-18T01:17:58.7712615Z     },
2026-05-18T01:17:58.7712795Z     "audit_log_streaming": {
2026-05-18T01:17:58.7713011Z       "limit": 15,
2026-05-18T01:17:58.7713221Z       "used": 0,
2026-05-18T01:17:58.7713396Z       "remaining": 15,
2026-05-18T01:17:58.7713592Z       "reset": 1779070678
2026-05-18T01:17:58.7713783Z     },
2026-05-18T01:17:58.7713961Z     "code_search": {
2026-05-18T01:17:58.7714156Z       "limit": 10,
2026-05-18T01:17:58.7714328Z       "used": 0,
2026-05-18T01:17:58.7714507Z       "remaining": 10,
2026-05-18T01:17:58.7714701Z       "reset": 1779067138
2026-05-18T01:17:58.7714893Z     }
2026-05-18T01:17:58.7715045Z   },
2026-05-18T01:17:58.7715207Z   "rate": {
2026-05-18T01:17:58.7715374Z     "limit": 5000,
2026-05-18T01:17:58.7715550Z     "used": 544,
2026-05-18T01:17:58.7715871Z     "remaining": 4456,
2026-05-18T01:17:58.7716069Z     "reset": 1779067159
2026-05-18T01:17:58.7716259Z   }
2026-05-18T01:17:58.7716438Z }
2026-05-18T01:17:58.7771124Z Prepare all required actions
2026-05-18T01:17:58.7797616Z ##[group]Run ./.github/workflows/git-identity
2026-05-18T01:17:58.7797911Z ##[endgroup]
2026-05-18T01:17:58.7815677Z ##[group]Run env | sort
2026-05-18T01:17:58.7816235Z [36;1menv | sort[0m
2026-05-18T01:17:58.7816491Z [36;1mgit config --local user.name "$GITHUB_ACTOR"[0m
2026-05-18T01:17:58.7816901Z [36;1mgit config --local user.email "$GITHUB_ACTOR@users.noreply.github.com"[0m
2026-05-18T01:17:58.7854102Z shell: /usr/bin/bash --noprofile --norc -e -o pipefail {0}
2026-05-18T01:17:58.7854438Z ##[endgroup]
2026-05-18T01:17:58.7926900Z ACCEPT_EULA=Y
2026-05-18T01:17:58.7927465Z ACTIONS_ORCHESTRATION_ID=ca5f0ca2-38af-4023-842b-ae3a5acda3ea.rcc-smoke.__default
2026-05-18T01:17:58.7927994Z ACTIONS_RUNNER_ACTION_ARCHIVE_CACHE=/opt/actionarchivecache
2026-05-18T01:17:58.7928342Z AGENT_TOOLSDIRECTORY=/opt/hostedtoolcache
2026-05-18T01:17:58.7928635Z ANDROID_HOME=/usr/local/lib/android/sdk
2026-05-18T01:17:58.7929008Z ANDROID_NDK=/usr/local/lib/android/sdk/ndk/27.3.13750724
2026-05-18T01:17:58.7929381Z ANDROID_NDK_HOME=/usr/local/lib/android/sdk/ndk/27.3.13750724
2026-05-18T01:17:58.7929787Z ANDROID_NDK_LATEST_HOME=/usr/local/lib/android/sdk/ndk/29.0.14206865
2026-05-18T01:17:58.7930180Z ANDROID_NDK_ROOT=/usr/local/lib/android/sdk/ndk/27.3.13750724
2026-05-18T01:17:58.7930527Z ANDROID_SDK_ROOT=/usr/local/lib/android/sdk
2026-05-18T01:17:58.7930802Z ANT_HOME=/usr/share/ant
2026-05-18T01:17:58.7931037Z AZURE_EXTENSION_DIR=/opt/az/azcliextensions
2026-05-18T01:17:58.7931325Z BOOTSTRAP_HASKELL_NONINTERACTIVE=1
2026-05-18T01:17:58.7931849Z CHROMEWEBDRIVER=/usr/local/share/chromedriver-linux64
2026-05-18T01:17:58.7932164Z CHROME_BIN=/usr/bin/google-chrome
2026-05-18T01:17:58.7932394Z CI=true
2026-05-18T01:17:58.7932580Z CONDA=/usr/share/miniconda
2026-05-18T01:17:58.7932809Z DEBIAN_FRONTEND=noninteractive
2026-05-18T01:17:58.7933048Z DOTNET_MULTILEVEL_LOOKUP=0
2026-05-18T01:17:58.7933258Z DOTNET_NOLOGO=1
2026-05-18T01:17:58.7933474Z DOTNET_SKIP_FIRST_TIME_EXPERIENCE=1
2026-05-18T01:17:58.7933749Z EDGEWEBDRIVER=/usr/local/share/edge_driver
2026-05-18T01:17:58.7934014Z ENABLE_RUNNER_TRACING=true
2026-05-18T01:17:58.7934255Z GECKOWEBDRIVER=/usr/local/share/gecko_driver
2026-05-18T01:17:58.7934532Z GHCUP_INSTALL_BASE_PREFIX=/usr/local
2026-05-18T01:17:58.7934833Z GITHUB_ACTION=__self_2
2026-05-18T01:17:58.7935042Z GITHUB_ACTIONS=true
2026-05-18T01:17:58.7935396Z GITHUB_ACTION_PATH=/home/runner/work/duckdb-r/duckdb-r/./.github/workflows/git-identity
2026-05-18T01:17:58.7935945Z GITHUB_ACTION_REF=
2026-05-18T01:17:58.7936141Z GITHUB_ACTION_REPOSITORY=
2026-05-18T01:17:58.7936388Z GITHUB_ACTOR=github-actions[bot]
2026-05-18T01:17:58.7936624Z GITHUB_ACTOR_ID=41898282
2026-05-18T01:17:58.7936888Z GITHUB_API_URL=https://api.github.com
2026-05-18T01:17:58.7937141Z GITHUB_BASE_REF=
2026-05-18T01:17:58.7937545Z GITHUB_ENV=/home/runner/work/_temp/_runner_file_commands/set_env_fdf0565c-dc95-4097-9987-0ddd9cc40dc7
2026-05-18T01:17:58.7938028Z GITHUB_EVENT_NAME=workflow_dispatch
2026-05-18T01:17:58.7938364Z GITHUB_EVENT_PATH=/home/runner/work/_temp/_github_workflow/event.json
2026-05-18T01:17:58.7938763Z GITHUB_GRAPHQL_URL=https://api.github.com/graphql
2026-05-18T01:17:58.7939040Z GITHUB_HEAD_REF=
2026-05-18T01:17:58.7939230Z GITHUB_JOB=rcc-smoke
2026-05-18T01:17:58.7939640Z GITHUB_OUTPUT=/home/runner/work/_temp/_runner_file_commands/set_output_fdf0565c-dc95-4097-9987-0ddd9cc40dc7
2026-05-18T01:17:58.7940304Z GITHUB_PATH=/home/runner/work/_temp/_runner_file_commands/add_path_fdf0565c-dc95-4097-9987-0ddd9cc40dc7
2026-05-18T01:17:58.7940872Z GITHUB_REF=refs/heads/broken-8ed27dac053c20b1012b1f614efa1c213bb20699-dev
2026-05-18T01:17:58.7941343Z GITHUB_REF_NAME=broken-8ed27dac053c20b1012b1f614efa1c213bb20699-dev
2026-05-18T01:17:58.7941710Z GITHUB_REF_PROTECTED=false
2026-05-18T01:17:58.7941932Z GITHUB_REF_TYPE=branch
2026-05-18T01:17:58.7942155Z GITHUB_REPOSITORY=krlmlr/duckdb-r
2026-05-18T01:17:58.7942406Z GITHUB_REPOSITORY_ID=685023305
2026-05-18T01:17:58.7943025Z GITHUB_REPOSITORY_OWNER=krlmlr
2026-05-18T01:17:58.7943313Z GITHUB_REPOSITORY_OWNER_ID=1741643
2026-05-18T01:17:58.7943562Z GITHUB_RETENTION_DAYS=90
2026-05-18T01:17:58.7943770Z GITHUB_RUN_ATTEMPT=1
2026-05-18T01:17:58.7943980Z GITHUB_RUN_ID=26005691618
2026-05-18T01:17:58.7944199Z GITHUB_RUN_NUMBER=6644
2026-05-18T01:17:58.7944426Z GITHUB_SERVER_URL=https://github.com
2026-05-18T01:17:58.7944728Z GITHUB_SHA=e57a48e059ccc9b06d3e702a9b76b2fc5440d91c
2026-05-18T01:17:58.7945410Z GITHUB_STATE=/home/runner/work/_temp/_runner_file_commands/save_state_fdf0565c-dc95-4097-9987-0ddd9cc40dc7
2026-05-18T01:17:58.7946260Z GITHUB_STEP_SUMMARY=/home/runner/work/_temp/_runner_file_commands/step_summary_fdf0565c-dc95-4097-9987-0ddd9cc40dc7
2026-05-18T01:17:58.7946769Z GITHUB_TRIGGERING_ACTOR=github-actions[bot]
2026-05-18T01:17:58.7947058Z GITHUB_WORKFLOW=rcc
2026-05-18T01:17:58.7947578Z GITHUB_WORKFLOW_REF=krlmlr/duckdb-r/.github/workflows/R-CMD-check.yaml@refs/heads/broken-8ed27dac053c20b1012b1f614efa1c213bb20699-dev
2026-05-18T01:17:58.7948215Z GITHUB_WORKFLOW_SHA=e57a48e059ccc9b06d3e702a9b76b2fc5440d91c
2026-05-18T01:17:58.7948574Z GITHUB_WORKSPACE=/home/runner/work/duckdb-r/duckdb-r
2026-05-18T01:17:58.7948895Z GOROOT_1_22_X64=/opt/hostedtoolcache/go/1.22.12/x64
2026-05-18T01:17:58.7949202Z GOROOT_1_23_X64=/opt/hostedtoolcache/go/1.23.12/x64
2026-05-18T01:17:58.7949508Z GOROOT_1_24_X64=/opt/hostedtoolcache/go/1.24.13/x64
2026-05-18T01:17:58.7949797Z GOROOT_1_25_X64=/opt/hostedtoolcache/go/1.25.10/x64
2026-05-18T01:17:58.7950076Z GRADLE_HOME=/usr/share/gradle-9.5.1
2026-05-18T01:17:58.7950320Z HOME=/home/runner
2026-05-18T01:17:58.7950686Z HOMEBREW_CLEANUP_PERIODIC_FULL_DAYS=3650
2026-05-18T01:17:58.7950957Z HOMEBREW_NO_AUTO_UPDATE=1
2026-05-18T01:17:58.7951202Z INVOCATION_ID=53a63b44f0df427f8839ce45af9ad53d
2026-05-18T01:17:58.7951469Z ImageOS=ubuntu24
2026-05-18T01:17:58.7951665Z ImageVersion=20260513.135.3
2026-05-18T01:17:58.7951964Z JAVA_HOME=/usr/lib/jvm/temurin-17-jdk-amd64
2026-05-18T01:17:58.7952262Z JAVA_HOME_11_X64=/usr/lib/jvm/temurin-11-jdk-amd64
2026-05-18T01:17:58.7952569Z JAVA_HOME_17_X64=/usr/lib/jvm/temurin-17-jdk-amd64
2026-05-18T01:17:58.7952868Z JAVA_HOME_21_X64=/usr/lib/jvm/temurin-21-jdk-amd64
2026-05-18T01:17:58.7953157Z JAVA_HOME_25_X64=/usr/lib/jvm/temurin-25-jdk-amd64
2026-05-18T01:17:58.7953456Z JAVA_HOME_8_X64=/usr/lib/jvm/temurin-8-jdk-amd64
2026-05-18T01:17:58.7953718Z JOURNAL_STREAM=9:13865
2026-05-18T01:17:58.7953924Z LANG=C.UTF-8
2026-05-18T01:17:58.7954095Z LOGNAME=runner
2026-05-18T01:17:58.7954482Z MEMORY_PRESSURE_WATCH=/sys/fs/cgroup/system.slice/hosted-compute-agent.service/memory.pressure
2026-05-18T01:17:58.7954970Z MEMORY_PRESSURE_WRITE=c29tZSAyMDAwMDAgMjAwMDAwMAA=
2026-05-18T01:17:58.7955256Z NVM_DIR=/home/runner/.nvm
2026-05-18T01:17:58.7956435Z PATH=/snap/bin:/home/runner/.local/bin:/opt/pipx_bin:/home/runner/.cargo/bin:/home/runner/.config/composer/vendor/bin:/usr/local/.ghcup/bin:/home/runner/.dotnet/tools:/usr/local/sbin:/usr/local/bin:/usr/sbin:/usr/bin:/sbin:/bin:/usr/games:/usr/local/games:/snap/bin
2026-05-18T01:17:58.7957413Z PIPX_BIN_DIR=/opt/pipx_bin
2026-05-18T01:17:58.7957650Z PIPX_HOME=/opt/pipx
2026-05-18T01:17:58.7957900Z POWERSHELL_DISTRIBUTION_CHANNEL=GitHub-Actions-Linux
2026-05-18T01:17:58.7958586Z PSModulePath=/root/.local/share/powershell/Modules:/usr/local/share/powershell/Modules:/opt/microsoft/powershell/7/Modules:/usr/share/az_14.6.0
2026-05-18T01:17:58.7959414Z ***
2026-05-18T01:17:58.7959590Z RUNNER_ARCH=X64
2026-05-18T01:17:58.7959805Z RUNNER_ENVIRONMENT=github-hosted
2026-05-18T01:17:58.7960067Z RUNNER_NAME=GitHub Actions 1000156156
2026-05-18T01:17:58.7960321Z RUNNER_OS=Linux
2026-05-18T01:17:58.7960522Z RUNNER_TEMP=/home/runner/work/_temp
2026-05-18T01:17:58.7960779Z RUNNER_TOOL_CACHE=/opt/hostedtoolcache
2026-05-18T01:17:58.7961110Z RUNNER_TRACKING_ID=github_8691d17c-2d6b-4715-9b8a-2111c61bc879
2026-05-18T01:17:58.7961630Z RUNNER_WORKSPACE=/home/runner/work/duckdb-r
2026-05-18T01:17:58.7961953Z SELENIUM_JAR_PATH=/usr/share/java/selenium-server.jar
2026-05-18T01:17:58.7962406Z SGX_AESM_ADDR=1
2026-05-18T01:17:58.7962581Z SHELL=/bin/bash
2026-05-18T01:17:58.7962761Z SHLVL=1
2026-05-18T01:17:58.7962937Z SWIFT_PATH=/usr/share/swift/usr/bin
2026-05-18T01:17:58.7963183Z SYSTEMD_EXEC_PID=2091
2026-05-18T01:17:58.7963378Z USER=runner
2026-05-18T01:17:58.7963564Z USE_BAZEL_FALLBACK_VERSION=silent:
2026-05-18T01:17:58.7963831Z VCPKG_INSTALLATION_ROOT=/usr/local/share/vcpkg
2026-05-18T01:17:58.7964116Z XDG_CONFIG_HOME=/home/runner/.config
2026-05-18T01:17:58.7964443Z XDG_RUNTIME_DIR=/run/user/1001
2026-05-18T01:17:58.7964967Z _=/usr/bin/env
2026-05-18T01:17:58.8547254Z Prepare all required actions
2026-05-18T01:17:58.8573724Z ##[group]Run ./.github/workflows/custom/before-install
2026-05-18T01:17:58.8574068Z ##[endgroup]
2026-05-18T01:17:58.8593777Z ##[group]Run echo '_R_CHECK_PKG_SIZES_=FALSE' | tee -a $GITHUB_ENV
2026-05-18T01:17:58.8594251Z [36;1mecho '_R_CHECK_PKG_SIZES_=FALSE' | tee -a $GITHUB_ENV[0m
2026-05-18T01:17:58.8632438Z shell: /usr/bin/bash --noprofile --norc -e -o pipefail {0}
2026-05-18T01:17:58.8632777Z ##[endgroup]
2026-05-18T01:17:58.8701592Z _R_CHECK_PKG_SIZES_=FALSE
2026-05-18T01:17:58.8862290Z Prepare all required actions
2026-05-18T01:17:58.8862627Z Getting action download info
2026-05-18T01:17:59.0039921Z Download action repository 'r-lib/actions@v2' (SHA:a51a8012b0aab7c32ef9d19bf54da93f3254335e)
2026-05-18T01:17:59.2016261Z Download action repository 'hendrikmuhs/ccache-action@v1' (SHA:5ebbd400eff9e74630f759d94ddd7b6c26299639)
2026-05-18T01:17:59.3552542Z Getting action download info
2026-05-18T01:17:59.5307866Z Download action repository 'actions/cache@27d5ce7f107fe9357f9df03efb73ab90386fccae' (SHA:27d5ce7f107fe9357f9df03efb73ab90386fccae)
2026-05-18T01:17:59.6524439Z Download action repository 'r-lib/actions@9f58233a78a2a9fd874714be10f8bba627233339' (SHA:9f58233a78a2a9fd874714be10f8bba627233339)
2026-05-18T01:17:59.8352413Z Download action repository 'quarto-dev/quarto-actions@9e48da27e184aa238fcb49f5db75469626d43adb' (SHA:9e48da27e184aa238fcb49f5db75469626d43adb)
2026-05-18T01:17:59.9854003Z ##[group]Run ./.github/workflows/install
2026-05-18T01:17:59.9854332Z with:
2026-05-18T01:17:59.9854766Z   token: ***
2026-05-18T01:17:59.9854981Z   cache-version: rcc-smoke-2
2026-05-18T01:17:59.9855226Z   needs: build, check, website
2026-05-18T01:17:59.9855594Z   extra-packages: any::rcmdcheck r-lib/roxygen2 any::decor r-lib/pkgdown deps::.
2026-05-18T01:17:59.9856189Z   r-version: release
2026-05-18T01:17:59.9856392Z   install-r: true
2026-05-18T01:17:59.9856599Z   packages: deps::., any::sessioninfo
2026-05-18T01:17:59.9856847Z env:
2026-05-18T01:17:59.9857037Z   _R_CHECK_PKG_SIZES_: FALSE
2026-05-18T01:17:59.9857259Z ##[endgroup]
2026-05-18T01:17:59.9879997Z ##[group]Run echo "R_REMOTES_NO_ERRORS_FROM_WARNINGS=true" | tee -a $GITHUB_ENV
2026-05-18T01:17:59.9880542Z [36;1mecho "R_REMOTES_NO_ERRORS_FROM_WARNINGS=true" | tee -a $GITHUB_ENV[0m
2026-05-18T01:17:59.9880950Z [36;1mecho "R_KEEP_PKG_SOURCE=yes" | tee -a $GITHUB_ENV[0m
2026-05-18T01:17:59.9881325Z [36;1mecho "_R_CHECK_SYSTEM_CLOCK_=false" | tee -a $GITHUB_ENV[0m
2026-05-18T01:17:59.9881752Z [36;1mecho "_R_CHECK_FUTURE_FILE_TIMESTAMPS_=false" | tee -a $GITHUB_ENV[0m
2026-05-18T01:17:59.9882176Z [36;1m# prevent rgl issues because no X11 display is available[0m
2026-05-18T01:17:59.9882688Z [36;1mecho "RGL_USE_NULL=true" | tee -a $GITHUB_ENV[0m
2026-05-18T01:17:59.9913302Z [36;1m# from https://github.com/r-devel/r-dev-web/blob/main/CRAN/QA/Kurt/lib/R/Scripts/check_CRAN_incoming.R[0m
2026-05-18T01:17:59.9914257Z [36;1mecho "_R_CHECK_CRAN_INCOMING_CHECK_FILE_URIS_=true" | tee -a $GITHUB_ENV[0m
2026-05-18T01:17:59.9915020Z [36;1mecho "_R_CHECK_CRAN_INCOMING_NOTE_GNU_MAKE_=true" | tee -a $GITHUB_ENV[0m
2026-05-18T01:17:59.9915603Z [36;1mecho "_R_CHECK_PACKAGE_DEPENDS_IGNORE_MISSING_ENHANCES_=true" | tee -a $GITHUB_ENV[0m
2026-05-18T01:17:59.9916404Z [36;1mecho "_R_CHECK_CODE_CLASS_IS_STRING_=true" | tee -a $GITHUB_ENV[0m
2026-05-18T01:17:59.9916867Z [36;1mecho "_R_CHECK_CODOC_VARIABLES_IN_USAGES_=true" | tee -a $GITHUB_ENV[0m
2026-05-18T01:17:59.9917348Z [36;1mecho "_R_CHECK_CONNECTIONS_LEFT_OPEN_=true" | tee -a $GITHUB_ENV[0m
2026-05-18T01:17:59.9917787Z [36;1mecho "_R_CHECK_DATALIST_=true" | tee -a $GITHUB_ENV[0m
2026-05-18T01:17:59.9918186Z [36;1mecho "_R_CHECK_NEWS_IN_PLAIN_TEXT_=true" | tee -a $GITHUB_ENV[0m
2026-05-18T01:17:59.9918679Z [36;1mecho "_R_CHECK_PACKAGES_USED_CRAN_INCOMING_NOTES_=true" | tee -a $GITHUB_ENV[0m
2026-05-18T01:17:59.9919138Z [36;1mecho "_R_CHECK_RD_CONTENTS_KEYWORDS_=true" | tee -a $GITHUB_ENV[0m
2026-05-18T01:17:59.9919533Z [36;1mecho "_R_CHECK_R_DEPENDS_=warn" | tee -a $GITHUB_ENV[0m
2026-05-18T01:17:59.9919949Z [36;1mecho "_R_CHECK_S3_METHODS_SHOW_POSSIBLE_ISSUES_=true" | tee -a $GITHUB_ENV[0m
2026-05-18T01:17:59.9920399Z [36;1mecho "_R_CHECK_THINGS_IN_TEMP_DIR_=true" | tee -a $GITHUB_ENV[0m
2026-05-18T01:17:59.9920808Z [36;1mecho "_R_CHECK_UNDOC_USE_ALL_NAMES_=true" | tee -a $GITHUB_ENV[0m
2026-05-18T01:17:59.9921237Z [36;1mecho "_R_CHECK_URLS_SHOW_301_STATUS_=true" | tee -a $GITHUB_ENV[0m
2026-05-18T01:17:59.9921946Z [36;1mecho "_R_CXX_USE_NO_REMAP_=true" | tee -a $GITHUB_ENV[0m
2026-05-18T01:17:59.9922431Z [36;1m# There is no way to disable recency and frequency checks when the incoming checks are run[0m
2026-05-18T01:17:59.9922918Z [36;1m# echo "_R_CHECK_CRAN_INCOMING_=true" | tee -a $GITHUB_ENV[0m
2026-05-18T01:17:59.9923358Z [36;1mecho "_R_CHECK_CRAN_INCOMING_SKIP_LARGE_VERSION_=true" | tee -a $GITHUB_ENV[0m
2026-05-18T01:17:59.9923879Z [36;1mecho "_R_CHECK_FORCE_SUGGESTS_=false" | tee -a $GITHUB_ENV[0m
2026-05-18T01:17:59.9963057Z shell: /usr/bin/bash --noprofile --norc -e -o pipefail {0}
2026-05-18T01:17:59.9963390Z env:
2026-05-18T01:17:59.9963580Z   _R_CHECK_PKG_SIZES_: FALSE
2026-05-18T01:17:59.9963802Z ##[endgroup]
2026-05-18T01:18:00.0033911Z R_REMOTES_NO_ERRORS_FROM_WARNINGS=true
2026-05-18T01:18:00.0047027Z R_KEEP_PKG_SOURCE=yes
2026-05-18T01:18:00.0060778Z _R_CHECK_SYSTEM_CLOCK_=false
2026-05-18T01:18:00.0073907Z _R_CHECK_FUTURE_FILE_TIMESTAMPS_=false
2026-05-18T01:18:00.0087096Z RGL_USE_NULL=true
2026-05-18T01:18:00.0100535Z _R_CHECK_CRAN_INCOMING_CHECK_FILE_URIS_=true
2026-05-18T01:18:00.0113999Z _R_CHECK_CRAN_INCOMING_NOTE_GNU_MAKE_=true
2026-05-18T01:18:00.0127582Z _R_CHECK_PACKAGE_DEPENDS_IGNORE_MISSING_ENHANCES_=true
2026-05-18T01:18:00.0140631Z _R_CHECK_CODE_CLASS_IS_STRING_=true
2026-05-18T01:18:00.0153560Z _R_CHECK_CODOC_VARIABLES_IN_USAGES_=true
2026-05-18T01:18:00.0166596Z _R_CHECK_CONNECTIONS_LEFT_OPEN_=true
2026-05-18T01:18:00.0179401Z _R_CHECK_DATALIST_=true
2026-05-18T01:18:00.0192513Z _R_CHECK_NEWS_IN_PLAIN_TEXT_=true
2026-05-18T01:18:00.0205522Z _R_CHECK_PACKAGES_USED_CRAN_INCOMING_NOTES_=true
2026-05-18T01:18:00.0218385Z _R_CHECK_RD_CONTENTS_KEYWORDS_=true
2026-05-18T01:18:00.0231898Z _R_CHECK_R_DEPENDS_=warn
2026-05-18T01:18:00.0245231Z _R_CHECK_S3_METHODS_SHOW_POSSIBLE_ISSUES_=true
2026-05-18T01:18:00.0258733Z _R_CHECK_THINGS_IN_TEMP_DIR_=true
2026-05-18T01:18:00.0272393Z _R_CHECK_UNDOC_USE_ALL_NAMES_=true
2026-05-18T01:18:00.0285538Z _R_CHECK_URLS_SHOW_301_STATUS_=true
2026-05-18T01:18:00.0298938Z _R_CXX_USE_NO_REMAP_=true
2026-05-18T01:18:00.0312036Z _R_CHECK_CRAN_INCOMING_SKIP_LARGE_VERSION_=true
2026-05-18T01:18:00.0325294Z _R_CHECK_FORCE_SUGGESTS_=false
2026-05-18T01:18:00.0353860Z ##[group]Run echo "_R_CHECK_THINGS_IN_OTHER_DIRS_=true" | tee -a $GITHUB_ENV
2026-05-18T01:18:00.0354352Z [36;1mecho "_R_CHECK_THINGS_IN_OTHER_DIRS_=true" | tee -a $GITHUB_ENV[0m
2026-05-18T01:18:00.0389979Z shell: /usr/bin/bash --noprofile --norc -e -o pipefail {0}
2026-05-18T01:18:00.0390306Z env:
2026-05-18T01:18:00.0390511Z   _R_CHECK_PKG_SIZES_: FALSE
2026-05-18T01:18:00.0390770Z   R_REMOTES_NO_ERRORS_FROM_WARNINGS: true
2026-05-18T01:18:00.0391039Z   R_KEEP_PKG_SOURCE: yes
2026-05-18T01:18:00.0391259Z   _R_CHECK_SYSTEM_CLOCK_: false
2026-05-18T01:18:00.0391504Z   _R_CHECK_FUTURE_FILE_TIMESTAMPS_: false
2026-05-18T01:18:00.0391748Z   RGL_USE_NULL: true
2026-05-18T01:18:00.0391984Z   _R_CHECK_CRAN_INCOMING_CHECK_FILE_URIS_: true
2026-05-18T01:18:00.0392271Z   _R_CHECK_CRAN_INCOMING_NOTE_GNU_MAKE_: true
2026-05-18T01:18:00.0392599Z   _R_CHECK_PACKAGE_DEPENDS_IGNORE_MISSING_ENHANCES_: true
2026-05-18T01:18:00.0392910Z   _R_CHECK_CODE_CLASS_IS_STRING_: true
2026-05-18T01:18:00.0393182Z   _R_CHECK_CODOC_VARIABLES_IN_USAGES_: true
2026-05-18T01:18:00.0393454Z   _R_CHECK_CONNECTIONS_LEFT_OPEN_: true
2026-05-18T01:18:00.0393703Z   _R_CHECK_DATALIST_: true
2026-05-18T01:18:00.0393935Z   _R_CHECK_NEWS_IN_PLAIN_TEXT_: true
2026-05-18T01:18:00.0394210Z   _R_CHECK_PACKAGES_USED_CRAN_INCOMING_NOTES_: true
2026-05-18T01:18:00.0394512Z   _R_CHECK_RD_CONTENTS_KEYWORDS_: true
2026-05-18T01:18:00.0394756Z   _R_CHECK_R_DEPENDS_: warn
2026-05-18T01:18:00.0395010Z   _R_CHECK_S3_METHODS_SHOW_POSSIBLE_ISSUES_: true
2026-05-18T01:18:00.0395294Z   _R_CHECK_THINGS_IN_TEMP_DIR_: true
2026-05-18T01:18:00.0395534Z   _R_CHECK_UNDOC_USE_ALL_NAMES_: true
2026-05-18T01:18:00.0396048Z   _R_CHECK_URLS_SHOW_301_STATUS_: true
2026-05-18T01:18:00.0396320Z   _R_CXX_USE_NO_REMAP_: true
2026-05-18T01:18:00.0396579Z   _R_CHECK_CRAN_INCOMING_SKIP_LARGE_VERSION_: true
2026-05-18T01:18:00.0397063Z   _R_CHECK_FORCE_SUGGESTS_: false
2026-05-18T01:18:00.0397304Z ##[endgroup]
2026-05-18T01:18:00.0461175Z _R_CHECK_THINGS_IN_OTHER_DIRS_=true
2026-05-18T01:18:00.0484728Z ##[group]Run echo "_R_CHECK_BASHISMS_=true" | tee -a $GITHUB_ENV
2026-05-18T01:18:00.0485153Z [36;1mecho "_R_CHECK_BASHISMS_=true" | tee -a $GITHUB_ENV[0m
2026-05-18T01:18:00.0518101Z shell: /usr/bin/bash --noprofile --norc -e -o pipefail {0}
2026-05-18T01:18:00.0518435Z env:
2026-05-18T01:18:00.0518793Z   _R_CHECK_PKG_SIZES_: FALSE
2026-05-18T01:18:00.0519054Z   R_REMOTES_NO_ERRORS_FROM_WARNINGS: true
2026-05-18T01:18:00.0519315Z   R_KEEP_PKG_SOURCE: yes
2026-05-18T01:18:00.0519543Z   _R_CHECK_SYSTEM_CLOCK_: false
2026-05-18T01:18:00.0519793Z   _R_CHECK_FUTURE_FILE_TIMESTAMPS_: false
2026-05-18T01:18:00.0520062Z   RGL_USE_NULL: true
2026-05-18T01:18:00.0520299Z   _R_CHECK_CRAN_INCOMING_CHECK_FILE_URIS_: true
2026-05-18T01:18:00.0520597Z   _R_CHECK_CRAN_INCOMING_NOTE_GNU_MAKE_: true
2026-05-18T01:18:00.0520927Z   _R_CHECK_PACKAGE_DEPENDS_IGNORE_MISSING_ENHANCES_: true
2026-05-18T01:18:00.0521241Z   _R_CHECK_CODE_CLASS_IS_STRING_: true
2026-05-18T01:18:00.0521512Z   _R_CHECK_CODOC_VARIABLES_IN_USAGES_: true
2026-05-18T01:18:00.0521786Z   _R_CHECK_CONNECTIONS_LEFT_OPEN_: true
2026-05-18T01:18:00.0522041Z   _R_CHECK_DATALIST_: true
2026-05-18T01:18:00.0522272Z   _R_CHECK_NEWS_IN_PLAIN_TEXT_: true
2026-05-18T01:18:00.0522550Z   _R_CHECK_PACKAGES_USED_CRAN_INCOMING_NOTES_: true
2026-05-18T01:18:00.0522851Z   _R_CHECK_RD_CONTENTS_KEYWORDS_: true
2026-05-18T01:18:00.0523126Z   _R_CHECK_R_DEPENDS_: warn
2026-05-18T01:18:00.0523372Z   _R_CHECK_S3_METHODS_SHOW_POSSIBLE_ISSUES_: true
2026-05-18T01:18:00.0523660Z   _R_CHECK_THINGS_IN_TEMP_DIR_: true
2026-05-18T01:18:00.0523901Z   _R_CHECK_UNDOC_USE_ALL_NAMES_: true
2026-05-18T01:18:00.0524148Z   _R_CHECK_URLS_SHOW_301_STATUS_: true
2026-05-18T01:18:00.0524388Z   _R_CXX_USE_NO_REMAP_: true
2026-05-18T01:18:00.0524648Z   _R_CHECK_CRAN_INCOMING_SKIP_LARGE_VERSION_: true
2026-05-18T01:18:00.0524943Z   _R_CHECK_FORCE_SUGGESTS_: false
2026-05-18T01:18:00.0525178Z   _R_CHECK_THINGS_IN_OTHER_DIRS_: true
2026-05-18T01:18:00.0525420Z ##[endgroup]
2026-05-18T01:18:00.0590268Z _R_CHECK_BASHISMS_=true
2026-05-18T01:18:00.0613054Z ##[group]Run set -x
2026-05-18T01:18:00.0613270Z [36;1mset -x[0m
2026-05-18T01:18:00.0613460Z [36;1menv | sort[0m
2026-05-18T01:18:00.0647530Z shell: /usr/bin/bash --noprofile --norc -e -o pipefail {0}
2026-05-18T01:18:00.0647852Z env:
2026-05-18T01:18:00.0648067Z   _R_CHECK_PKG_SIZES_: FALSE
2026-05-18T01:18:00.0648319Z   R_REMOTES_NO_ERRORS_FROM_WARNINGS: true
2026-05-18T01:18:00.0648584Z   R_KEEP_PKG_SOURCE: yes
2026-05-18T01:18:00.0648796Z   _R_CHECK_SYSTEM_CLOCK_: false
2026-05-18T01:18:00.0649048Z   _R_CHECK_FUTURE_FILE_TIMESTAMPS_: false
2026-05-18T01:18:00.0649297Z   RGL_USE_NULL: true
2026-05-18T01:18:00.0649521Z   _R_CHECK_CRAN_INCOMING_CHECK_FILE_URIS_: true
2026-05-18T01:18:00.0649826Z   _R_CHECK_CRAN_INCOMING_NOTE_GNU_MAKE_: true
2026-05-18T01:18:00.0650151Z   _R_CHECK_PACKAGE_DEPENDS_IGNORE_MISSING_ENHANCES_: true
2026-05-18T01:18:00.0650459Z   _R_CHECK_CODE_CLASS_IS_STRING_: true
2026-05-18T01:18:00.0650716Z   _R_CHECK_CODOC_VARIABLES_IN_USAGES_: true
2026-05-18T01:18:00.0650993Z   _R_CHECK_CONNECTIONS_LEFT_OPEN_: true
2026-05-18T01:18:00.0651246Z   _R_CHECK_DATALIST_: true
2026-05-18T01:18:00.0651465Z   _R_CHECK_NEWS_IN_PLAIN_TEXT_: true
2026-05-18T01:18:00.0651747Z   _R_CHECK_PACKAGES_USED_CRAN_INCOMING_NOTES_: true
2026-05-18T01:18:00.0652036Z   _R_CHECK_RD_CONTENTS_KEYWORDS_: true
2026-05-18T01:18:00.0652277Z   _R_CHECK_R_DEPENDS_: warn
2026-05-18T01:18:00.0652522Z   _R_CHECK_S3_METHODS_SHOW_POSSIBLE_ISSUES_: true
2026-05-18T01:18:00.0652803Z   _R_CHECK_THINGS_IN_TEMP_DIR_: true
2026-05-18T01:18:00.0653045Z   _R_CHECK_UNDOC_USE_ALL_NAMES_: true
2026-05-18T01:18:00.0653289Z   _R_CHECK_URLS_SHOW_301_STATUS_: true
2026-05-18T01:18:00.0653531Z   _R_CXX_USE_NO_REMAP_: true
2026-05-18T01:18:00.0653781Z   _R_CHECK_CRAN_INCOMING_SKIP_LARGE_VERSION_: true
2026-05-18T01:18:00.0654253Z   _R_CHECK_FORCE_SUGGESTS_: false
2026-05-18T01:18:00.0654491Z   _R_CHECK_THINGS_IN_OTHER_DIRS_: true
2026-05-18T01:18:00.0654731Z   _R_CHECK_BASHISMS_: true
2026-05-18T01:18:00.0654937Z ##[endgroup]
2026-05-18T01:18:00.0711585Z + env
2026-05-18T01:18:00.0712819Z + sort
2026-05-18T01:18:00.0727336Z ACCEPT_EULA=Y
2026-05-18T01:18:00.0728150Z ACTIONS_ORCHESTRATION_ID=ca5f0ca2-38af-4023-842b-ae3a5acda3ea.rcc-smoke.__default
2026-05-18T01:18:00.0728932Z ACTIONS_RUNNER_ACTION_ARCHIVE_CACHE=/opt/actionarchivecache
2026-05-18T01:18:00.0729593Z AGENT_TOOLSDIRECTORY=/opt/hostedtoolcache
2026-05-18T01:18:00.0729878Z ANDROID_HOME=/usr/local/lib/android/sdk
2026-05-18T01:18:00.0730199Z ANDROID_NDK=/usr/local/lib/android/sdk/ndk/27.3.13750724
2026-05-18T01:18:00.0730555Z ANDROID_NDK_HOME=/usr/local/lib/android/sdk/ndk/27.3.13750724
2026-05-18T01:18:00.0731014Z ANDROID_NDK_LATEST_HOME=/usr/local/lib/android/sdk/ndk/29.0.14206865
2026-05-18T01:18:00.0731821Z ANDROID_NDK_ROOT=/usr/local/lib/android/sdk/ndk/27.3.13750724
2026-05-18T01:18:00.0732327Z ANDROID_SDK_ROOT=/usr/local/lib/android/sdk
2026-05-18T01:18:00.0732742Z ANT_HOME=/usr/share/ant
2026-05-18T01:18:00.0733090Z AZURE_EXTENSION_DIR=/opt/az/azcliextensions
2026-05-18T01:18:00.0733447Z BOOTSTRAP_HASKELL_NONINTERACTIVE=1
2026-05-18T01:18:00.0733747Z CHROMEWEBDRIVER=/usr/local/share/chromedriver-linux64
2026-05-18T01:18:00.0734059Z CHROME_BIN=/usr/bin/google-chrome
2026-05-18T01:18:00.0734286Z CI=true
2026-05-18T01:18:00.0734482Z CONDA=/usr/share/miniconda
2026-05-18T01:18:00.0734715Z DEBIAN_FRONTEND=noninteractive
2026-05-18T01:18:00.0734950Z DOTNET_MULTILEVEL_LOOKUP=0
2026-05-18T01:18:00.0735162Z DOTNET_NOLOGO=1
2026-05-18T01:18:00.0735364Z DOTNET_SKIP_FIRST_TIME_EXPERIENCE=1
2026-05-18T01:18:00.0735633Z EDGEWEBDRIVER=/usr/local/share/edge_driver
2026-05-18T01:18:00.0736109Z ENABLE_RUNNER_TRACING=true
2026-05-18T01:18:00.0736354Z GECKOWEBDRIVER=/usr/local/share/gecko_driver
2026-05-18T01:18:00.0736625Z GHCUP_INSTALL_BASE_PREFIX=/usr/local
2026-05-18T01:18:00.0736876Z GITHUB_ACTION=__self_4
2026-05-18T01:18:00.0737073Z GITHUB_ACTIONS=true
2026-05-18T01:18:00.0737423Z GITHUB_ACTION_PATH=/home/runner/work/duckdb-r/duckdb-r/./.github/workflows/install
2026-05-18T01:18:00.0737815Z GITHUB_ACTION_REF=
2026-05-18T01:18:00.0738018Z GITHUB_ACTION_REPOSITORY=
2026-05-18T01:18:00.0738259Z GITHUB_ACTOR=github-actions[bot]
2026-05-18T01:18:00.0738495Z GITHUB_ACTOR_ID=41898282
2026-05-18T01:18:00.0738741Z GITHUB_API_URL=https://api.github.com
2026-05-18T01:18:00.0738994Z GITHUB_BASE_REF=
2026-05-18T01:18:00.0739381Z GITHUB_ENV=/home/runner/work/_temp/_runner_file_commands/set_env_5dd53873-5332-49c1-bd90-7be5f0e404f5
2026-05-18T01:18:00.0739822Z GITHUB_EVENT_NAME=workflow_dispatch
2026-05-18T01:18:00.0740158Z GITHUB_EVENT_PATH=/home/runner/work/_temp/_github_workflow/event.json
2026-05-18T01:18:00.0740534Z GITHUB_GRAPHQL_URL=https://api.github.com/graphql
2026-05-18T01:18:00.0740815Z GITHUB_HEAD_REF=
2026-05-18T01:18:00.0741005Z GITHUB_JOB=rcc-smoke
2026-05-18T01:18:00.0741453Z GITHUB_OUTPUT=/home/runner/work/_temp/_runner_file_commands/set_output_5dd53873-5332-49c1-bd90-7be5f0e404f5
2026-05-18T01:18:00.0742094Z GITHUB_PATH=/home/runner/work/_temp/_runner_file_commands/add_path_5dd53873-5332-49c1-bd90-7be5f0e404f5
2026-05-18T01:18:00.0742640Z GITHUB_REF=refs/heads/broken-8ed27dac053c20b1012b1f614efa1c213bb20699-dev
2026-05-18T01:18:00.0743087Z GITHUB_REF_NAME=broken-8ed27dac053c20b1012b1f614efa1c213bb20699-dev
2026-05-18T01:18:00.0743420Z GITHUB_REF_PROTECTED=false
2026-05-18T01:18:00.0743646Z GITHUB_REF_TYPE=branch
2026-05-18T01:18:00.0743866Z GITHUB_REPOSITORY=krlmlr/duckdb-r
2026-05-18T01:18:00.0744104Z GITHUB_REPOSITORY_ID=685023305
2026-05-18T01:18:00.0744339Z GITHUB_REPOSITORY_OWNER=krlmlr
2026-05-18T01:18:00.0744564Z GITHUB_REPOSITORY_OWNER_ID=1741643
2026-05-18T01:18:00.0744807Z GITHUB_RETENTION_DAYS=90
2026-05-18T01:18:00.0745011Z GITHUB_RUN_ATTEMPT=1
2026-05-18T01:18:00.0745214Z GITHUB_RUN_ID=26005691618
2026-05-18T01:18:00.0745415Z GITHUB_RUN_NUMBER=6644
2026-05-18T01:18:00.0745989Z GITHUB_SERVER_URL=https://github.com
2026-05-18T01:18:00.0746363Z GITHUB_SHA=e57a48e059ccc9b06d3e702a9b76b2fc5440d91c
2026-05-18T01:18:00.0746867Z GITHUB_STATE=/home/runner/work/_temp/_runner_file_commands/save_state_5dd53873-5332-49c1-bd90-7be5f0e404f5
2026-05-18T01:18:00.0747541Z GITHUB_STEP_SUMMARY=/home/runner/work/_temp/_runner_file_commands/step_summary_5dd53873-5332-49c1-bd90-7be5f0e404f5
2026-05-18T01:18:00.0748037Z GITHUB_TRIGGERING_ACTOR=github-actions[bot]
2026-05-18T01:18:00.0748425Z GITHUB_WORKFLOW=rcc
2026-05-18T01:18:00.0748937Z GITHUB_WORKFLOW_REF=krlmlr/duckdb-r/.github/workflows/R-CMD-check.yaml@refs/heads/broken-8ed27dac053c20b1012b1f614efa1c213bb20699-dev
2026-05-18T01:18:00.0749564Z GITHUB_WORKFLOW_SHA=e57a48e059ccc9b06d3e702a9b76b2fc5440d91c
2026-05-18T01:18:00.0749912Z GITHUB_WORKSPACE=/home/runner/work/duckdb-r/duckdb-r
2026-05-18T01:18:00.0750235Z GOROOT_1_22_X64=/opt/hostedtoolcache/go/1.22.12/x64
2026-05-18T01:18:00.0750555Z GOROOT_1_23_X64=/opt/hostedtoolcache/go/1.23.12/x64
2026-05-18T01:18:00.0750840Z GOROOT_1_24_X64=/opt/hostedtoolcache/go/1.24.13/x64
2026-05-18T01:18:00.0751134Z GOROOT_1_25_X64=/opt/hostedtoolcache/go/1.25.10/x64
2026-05-18T01:18:00.0751546Z GRADLE_HOME=/usr/share/gradle-9.5.1
2026-05-18T01:18:00.0751790Z HOME=/home/runner
2026-05-18T01:18:00.0751996Z HOMEBREW_CLEANUP_PERIODIC_FULL_DAYS=3650
2026-05-18T01:18:00.0752359Z HOMEBREW_NO_AUTO_UPDATE=1
2026-05-18T01:18:00.0752604Z INVOCATION_ID=53a63b44f0df427f8839ce45af9ad53d
2026-05-18T01:18:00.0752877Z ImageOS=ubuntu24
2026-05-18T01:18:00.0753166Z ImageVersion=20260513.135.3
2026-05-18T01:18:00.0753402Z JAVA_HOME=/usr/lib/jvm/temurin-17-jdk-amd64
2026-05-18T01:18:00.0753707Z JAVA_HOME_11_X64=/usr/lib/jvm/temurin-11-jdk-amd64
2026-05-18T01:18:00.0754107Z JAVA_HOME_17_X64=/usr/lib/jvm/temurin-17-jdk-amd64
2026-05-18T01:18:00.0754401Z JAVA_HOME_21_X64=/usr/lib/jvm/temurin-21-jdk-amd64
2026-05-18T01:18:00.0754785Z JAVA_HOME_25_X64=/usr/lib/jvm/temurin-25-jdk-amd64
2026-05-18T01:18:00.0755095Z JAVA_HOME_8_X64=/usr/lib/jvm/temurin-8-jdk-amd64
2026-05-18T01:18:00.0755407Z JOURNAL_STREAM=9:13865
2026-05-18T01:18:00.0755652Z LANG=C.UTF-8
2026-05-18T01:18:00.0756027Z LOGNAME=runner
2026-05-18T01:18:00.0756403Z MEMORY_PRESSURE_WATCH=/sys/fs/cgroup/system.slice/hosted-compute-agent.service/memory.pressure
2026-05-18T01:18:00.0757101Z MEMORY_PRESSURE_WRITE=c29tZSAyMDAwMDAgMjAwMDAwMAA=
2026-05-18T01:18:00.0757386Z NVM_DIR=/home/runner/.nvm
2026-05-18T01:18:00.0758571Z PATH=/snap/bin:/home/runner/.local/bin:/opt/pipx_bin:/home/runner/.cargo/bin:/home/runner/.config/composer/vendor/bin:/usr/local/.ghcup/bin:/home/runner/.dotnet/tools:/usr/local/sbin:/usr/local/bin:/usr/sbin:/usr/bin:/sbin:/bin:/usr/games:/usr/local/games:/snap/bin
2026-05-18T01:18:00.0759849Z PIPX_BIN_DIR=/opt/pipx_bin
2026-05-18T01:18:00.0760206Z PIPX_HOME=/opt/pipx
2026-05-18T01:18:00.0760502Z POWERSHELL_DISTRIBUTION_CHANNEL=GitHub-Actions-Linux
2026-05-18T01:18:00.0761260Z PSModulePath=/root/.local/share/powershell/Modules:/usr/local/share/powershell/Modules:/opt/microsoft/powershell/7/Modules:/usr/share/az_14.6.0
2026-05-18T01:18:00.0762104Z ***
2026-05-18T01:18:00.0762276Z RGL_USE_NULL=true
2026-05-18T01:18:00.0762462Z RUNNER_ARCH=X64
2026-05-18T01:18:00.0762671Z RUNNER_ENVIRONMENT=github-hosted
2026-05-18T01:18:00.0762953Z RUNNER_NAME=GitHub Actions 1000156156
2026-05-18T01:18:00.0763202Z RUNNER_OS=Linux
2026-05-18T01:18:00.0763394Z RUNNER_TEMP=/home/runner/work/_temp
2026-05-18T01:18:00.0763659Z RUNNER_TOOL_CACHE=/opt/hostedtoolcache
2026-05-18T01:18:00.0763986Z RUNNER_TRACKING_ID=github_8691d17c-2d6b-4715-9b8a-2111c61bc879
2026-05-18T01:18:00.0764325Z RUNNER_WORKSPACE=/home/runner/work/duckdb-r
2026-05-18T01:18:00.0764587Z R_KEEP_PKG_SOURCE=yes
2026-05-18T01:18:00.0764799Z R_REMOTES_NO_ERRORS_FROM_WARNINGS=true
2026-05-18T01:18:00.0765089Z SELENIUM_JAR_PATH=/usr/share/java/selenium-server.jar
2026-05-18T01:18:00.0765371Z SGX_AESM_ADDR=1
2026-05-18T01:18:00.0765568Z SHELL=/bin/bash
2026-05-18T01:18:00.0766145Z SHLVL=1
2026-05-18T01:18:00.0766579Z SWIFT_PATH=/usr/share/swift/usr/bin
2026-05-18T01:18:00.0766822Z SYSTEMD_EXEC_PID=2091
2026-05-18T01:18:00.0767021Z USER=runner
2026-05-18T01:18:00.0767206Z USE_BAZEL_FALLBACK_VERSION=silent:
2026-05-18T01:18:00.0767482Z VCPKG_INSTALLATION_ROOT=/usr/local/share/vcpkg
2026-05-18T01:18:00.0767770Z XDG_CONFIG_HOME=/home/runner/.config
2026-05-18T01:18:00.0768016Z XDG_RUNTIME_DIR=/run/user/1001
2026-05-18T01:18:00.0768239Z _=/usr/bin/env
2026-05-18T01:18:00.0768418Z _R_CHECK_BASHISMS_=true
2026-05-18T01:18:00.0768762Z _R_CHECK_CODE_CLASS_IS_STRING_=true
2026-05-18T01:18:00.0769013Z _R_CHECK_CODOC_VARIABLES_IN_USAGES_=true
2026-05-18T01:18:00.0769273Z _R_CHECK_CONNECTIONS_LEFT_OPEN_=true
2026-05-18T01:18:00.0769533Z _R_CHECK_CRAN_INCOMING_CHECK_FILE_URIS_=true
2026-05-18T01:18:00.0769816Z _R_CHECK_CRAN_INCOMING_NOTE_GNU_MAKE_=true
2026-05-18T01:18:00.0770092Z _R_CHECK_CRAN_INCOMING_SKIP_LARGE_VERSION_=true
2026-05-18T01:18:00.0770362Z _R_CHECK_DATALIST_=true
2026-05-18T01:18:00.0770569Z _R_CHECK_FORCE_SUGGESTS_=false
2026-05-18T01:18:00.0770808Z _R_CHECK_FUTURE_FILE_TIMESTAMPS_=false
2026-05-18T01:18:00.0771075Z _R_CHECK_NEWS_IN_PLAIN_TEXT_=true
2026-05-18T01:18:00.0771338Z _R_CHECK_PACKAGES_USED_CRAN_INCOMING_NOTES_=true
2026-05-18T01:18:00.0771660Z _R_CHECK_PACKAGE_DEPENDS_IGNORE_MISSING_ENHANCES_=true
2026-05-18T01:18:00.0771945Z _R_CHECK_PKG_SIZES_=FALSE
2026-05-18T01:18:00.0772174Z _R_CHECK_RD_CONTENTS_KEYWORDS_=true
2026-05-18T01:18:00.0772405Z _R_CHECK_R_DEPENDS_=warn
2026-05-18T01:18:00.0772655Z _R_CHECK_S3_METHODS_SHOW_POSSIBLE_ISSUES_=true
2026-05-18T01:18:00.0772920Z _R_CHECK_SYSTEM_CLOCK_=false
2026-05-18T01:18:00.0773151Z _R_CHECK_THINGS_IN_OTHER_DIRS_=true
2026-05-18T01:18:00.0773431Z _R_CHECK_THINGS_IN_TEMP_DIR_=true
2026-05-18T01:18:00.0773665Z _R_CHECK_UNDOC_USE_ALL_NAMES_=true
2026-05-18T01:18:00.0773909Z _R_CHECK_URLS_SHOW_301_STATUS_=true
2026-05-18T01:18:00.0774134Z _R_CXX_USE_NO_REMAP_=true
2026-05-18T01:18:00.0798734Z ##[group]Run sudo apt-get update
2026-05-18T01:18:00.0799034Z [36;1msudo apt-get update[0m
2026-05-18T01:18:00.0799299Z [36;1msudo apt-get install -y aspell[0m
2026-05-18T01:18:00.0799674Z [36;1mecho "_R_CHECK_CRAN_INCOMING_USE_ASPELL_=true" | tee -a $GITHUB_ENV[0m
2026-05-18T01:18:00.0836274Z shell: /usr/bin/bash --noprofile --norc -e -o pipefail {0}
2026-05-18T01:18:00.0836708Z env:
2026-05-18T01:18:00.0836948Z   _R_CHECK_PKG_SIZES_: FALSE
2026-05-18T01:18:00.0837291Z   R_REMOTES_NO_ERRORS_FROM_WARNINGS: true
2026-05-18T01:18:00.0837639Z   R_KEEP_PKG_SOURCE: yes
2026-05-18T01:18:00.0837932Z   _R_CHECK_SYSTEM_CLOCK_: false
2026-05-18T01:18:00.0838254Z   _R_CHECK_FUTURE_FILE_TIMESTAMPS_: false
2026-05-18T01:18:00.0838619Z   RGL_USE_NULL: true
2026-05-18T01:18:00.0838939Z   _R_CHECK_CRAN_INCOMING_CHECK_FILE_URIS_: true
2026-05-18T01:18:00.0839318Z   _R_CHECK_CRAN_INCOMING_NOTE_GNU_MAKE_: true
2026-05-18T01:18:00.0839751Z   _R_CHECK_PACKAGE_DEPENDS_IGNORE_MISSING_ENHANCES_: true
2026-05-18T01:18:00.0840193Z   _R_CHECK_CODE_CLASS_IS_STRING_: true
2026-05-18T01:18:00.0840635Z   _R_CHECK_CODOC_VARIABLES_IN_USAGES_: true
2026-05-18T01:18:00.0841051Z   _R_CHECK_CONNECTIONS_LEFT_OPEN_: true
2026-05-18T01:18:00.0841420Z   _R_CHECK_DATALIST_: true
2026-05-18T01:18:00.0841773Z   _R_CHECK_NEWS_IN_PLAIN_TEXT_: true
2026-05-18T01:18:00.0842054Z   _R_CHECK_PACKAGES_USED_CRAN_INCOMING_NOTES_: true
2026-05-18T01:18:00.0842348Z   _R_CHECK_RD_CONTENTS_KEYWORDS_: true
2026-05-18T01:18:00.0842589Z   _R_CHECK_R_DEPENDS_: warn
2026-05-18T01:18:00.0842843Z   _R_CHECK_S3_METHODS_SHOW_POSSIBLE_ISSUES_: true
2026-05-18T01:18:00.0843136Z   _R_CHECK_THINGS_IN_TEMP_DIR_: true
2026-05-18T01:18:00.0843380Z   _R_CHECK_UNDOC_USE_ALL_NAMES_: true
2026-05-18T01:18:00.0843632Z   _R_CHECK_URLS_SHOW_301_STATUS_: true
2026-05-18T01:18:00.0843867Z   _R_CXX_USE_NO_REMAP_: true
2026-05-18T01:18:00.0844123Z   _R_CHECK_CRAN_INCOMING_SKIP_LARGE_VERSION_: true
2026-05-18T01:18:00.0844405Z   _R_CHECK_FORCE_SUGGESTS_: false
2026-05-18T01:18:00.0844656Z   _R_CHECK_THINGS_IN_OTHER_DIRS_: true
2026-05-18T01:18:00.0845114Z   _R_CHECK_BASHISMS_: true
2026-05-18T01:18:00.0845337Z ##[endgroup]
2026-05-18T01:18:00.1697266Z Get:1 file:/etc/apt/apt-mirrors.txt Mirrorlist [144 B]
2026-05-18T01:18:00.2065009Z Hit:6 https://packages.microsoft.com/repos/azure-cli noble InRelease
2026-05-18T01:18:00.2067779Z Get:7 https://packages.microsoft.com/ubuntu/24.04/prod noble InRelease [3600 B]
2026-05-18T01:18:00.2377236Z Get:8 https://dl.google.com/linux/chrome-stable/deb stable InRelease [1825 B]
2026-05-18T01:18:00.2814799Z Hit:2 http://azure.archive.ubuntu.com/ubuntu noble InRelease
2026-05-18T01:18:00.2834813Z Get:3 http://azure.archive.ubuntu.com/ubuntu noble-updates InRelease [126 kB]
2026-05-18T01:18:00.2882051Z Get:4 http://azure.archive.ubuntu.com/ubuntu noble-backports InRelease [126 kB]
2026-05-18T01:18:00.2908640Z Get:5 http://azure.archive.ubuntu.com/ubuntu noble-security InRelease [126 kB]
2026-05-18T01:18:00.3404556Z Get:9 https://packages.microsoft.com/ubuntu/24.04/prod noble/main arm64 Packages [120 kB]
2026-05-18T01:18:00.3548124Z Get:10 https://packages.microsoft.com/ubuntu/24.04/prod noble/main amd64 Packages [147 kB]
2026-05-18T01:18:00.4088694Z Get:11 https://dl.google.com/linux/chrome-stable/deb stable/main amd64 Packages [1208 B]
2026-05-18T01:18:00.5121436Z Get:12 http://azure.archive.ubuntu.com/ubuntu noble-updates/main amd64 Packages [2003 kB]
2026-05-18T01:18:00.5238980Z Get:13 http://azure.archive.ubuntu.com/ubuntu noble-updates/main Translation-en [354 kB]
2026-05-18T01:18:00.5266125Z Get:14 http://azure.archive.ubuntu.com/ubuntu noble-updates/main amd64 Components [177 kB]
2026-05-18T01:18:00.5284645Z Get:15 http://azure.archive.ubuntu.com/ubuntu noble-updates/universe amd64 Packages [1689 kB]
2026-05-18T01:18:00.5388583Z Get:16 http://azure.archive.ubuntu.com/ubuntu noble-updates/universe amd64 Components [386 kB]
2026-05-18T01:18:00.5419492Z Get:17 http://azure.archive.ubuntu.com/ubuntu noble-updates/restricted amd64 Packages [3187 kB]
2026-05-18T01:18:00.5624323Z Get:18 http://azure.archive.ubuntu.com/ubuntu noble-updates/restricted Translation-en [738 kB]
2026-05-18T01:18:00.5681428Z Get:19 http://azure.archive.ubuntu.com/ubuntu noble-updates/multiverse amd64 Components [940 B]
2026-05-18T01:18:00.5692287Z Get:20 http://azure.archive.ubuntu.com/ubuntu noble-backports/main amd64 Components [5760 B]
2026-05-18T01:18:00.5705141Z Get:21 http://azure.archive.ubuntu.com/ubuntu noble-backports/universe amd64 Components [10.5 kB]
2026-05-18T01:18:00.6802468Z Get:22 http://azure.archive.ubuntu.com/ubuntu noble-security/main amd64 Packages [1668 kB]
2026-05-18T01:18:00.6902147Z Get:23 http://azure.archive.ubuntu.com/ubuntu noble-security/main amd64 Components [21.9 kB]
2026-05-18T01:18:00.6912614Z Get:24 http://azure.archive.ubuntu.com/ubuntu noble-security/universe amd64 Packages [1187 kB]
2026-05-18T01:18:00.6984412Z Get:25 http://azure.archive.ubuntu.com/ubuntu noble-security/universe amd64 Components [74.1 kB]
2026-05-18T01:18:05.3493783Z Fetched 12.2 MB in 2s (7466 kB/s)
2026-05-18T01:18:06.2299882Z Reading package lists...
2026-05-18T01:18:06.2641754Z Reading package lists...
2026-05-18T01:18:06.4986493Z Building dependency tree...
2026-05-18T01:18:06.4994472Z Reading state information...
2026-05-18T01:18:06.6892368Z The following additional packages will be installed:
2026-05-18T01:18:06.6901842Z   aspell-en
2026-05-18T01:18:06.6909596Z Suggested packages:
2026-05-18T01:18:06.6910020Z   aspell-doc spellutils
2026-05-18T01:18:06.7129788Z The following NEW packages will be installed:
2026-05-18T01:18:06.7142413Z   aspell aspell-en
2026-05-18T01:18:06.7351770Z 0 upgraded, 2 newly installed, 0 to remove and 7 not upgraded.
2026-05-18T01:18:06.7352343Z Need to get 391 kB of archives.
2026-05-18T01:18:06.7352825Z After this operation, 783 kB of additional disk space will be used.
2026-05-18T01:18:06.7353438Z Get:1 file:/etc/apt/apt-mirrors.txt Mirrorlist [144 B]
2026-05-18T01:18:06.7614248Z Get:2 http://azure.archive.ubuntu.com/ubuntu noble/main amd64 aspell amd64 0.60.8.1-1build1 [88.1 kB]
2026-05-18T01:18:06.7701913Z Get:3 http://azure.archive.ubuntu.com/ubuntu noble/main amd64 aspell-en all 2020.12.07-0-1 [303 kB]
2026-05-18T01:18:07.0490353Z Fetched 391 kB in 0s (8010 kB/s)
2026-05-18T01:18:07.0706321Z Selecting previously unselected package aspell.
2026-05-18T01:18:07.0911704Z (Reading database ... 
2026-05-18T01:18:07.0912111Z (Reading database ... 5%
2026-05-18T01:18:07.0912505Z (Reading database ... 10%
2026-05-18T01:18:07.0912819Z (Reading database ... 15%
2026-05-18T01:18:07.0913114Z (Reading database ... 20%
2026-05-18T01:18:07.0913762Z (Reading database ... 25%
2026-05-18T01:18:07.0913959Z (Reading database ... 30%
2026-05-18T01:18:07.0914776Z (Reading database ... 35%
2026-05-18T01:18:07.0914986Z (Reading database ... 40%
2026-05-18T01:18:07.0915191Z (Reading database ... 45%
2026-05-18T01:18:07.0915384Z (Reading database ... 50%
2026-05-18T01:18:07.0962685Z (Reading database ... 55%
2026-05-18T01:18:07.2893420Z (Reading database ... 60%
2026-05-18T01:18:07.4549519Z (Reading database ... 65%
2026-05-18T01:18:07.6569357Z (Reading database ... 70%
2026-05-18T01:18:07.7995519Z (Reading database ... 75%
2026-05-18T01:18:08.0482850Z (Reading database ... 80%
2026-05-18T01:18:08.2539292Z (Reading database ... 85%
2026-05-18T01:18:08.3518003Z (Reading database ... 90%
2026-05-18T01:18:08.5391387Z (Reading database ... 95%
2026-05-18T01:18:08.5391825Z (Reading database ... 100%
2026-05-18T01:18:08.5392339Z (Reading database ... 202288 files and directories currently installed.)
2026-05-18T01:18:08.5440667Z Preparing to unpack .../aspell_0.60.8.1-1build1_amd64.deb ...
2026-05-18T01:18:08.5466601Z Unpacking aspell (0.60.8.1-1build1) ...
2026-05-18T01:18:08.5755150Z Selecting previously unselected package aspell-en.
2026-05-18T01:18:08.5888297Z Preparing to unpack .../aspell-en_2020.12.07-0-1_all.deb ...
2026-05-18T01:18:08.5897506Z Unpacking aspell-en (2020.12.07-0-1) ...
2026-05-18T01:18:08.6484132Z Setting up aspell (0.60.8.1-1build1) ...
2026-05-18T01:18:08.6981785Z Setting up aspell-en (2020.12.07-0-1) ...
2026-05-18T01:18:08.7895121Z Processing triggers for man-db (2.12.0-4build2) ...
2026-05-18T01:18:08.7915953Z Not building database; man-db/auto-update is not 'true'.
2026-05-18T01:18:08.7932049Z Processing triggers for dictionaries-common (1.29.7) ...
2026-05-18T01:18:08.9147030Z aspell-autobuildhash: processing: en [en-common].
2026-05-18T01:18:09.0625689Z aspell-autobuildhash: processing: en [en-variant_0].
2026-05-18T01:18:09.0685117Z aspell-autobuildhash: processing: en [en-variant_1].
2026-05-18T01:18:09.0759435Z aspell-autobuildhash: processing: en [en-variant_2].
2026-05-18T01:18:09.0837924Z aspell-autobuildhash: processing: en [en-w_accents-only].
2026-05-18T01:18:09.0941805Z aspell-autobuildhash: processing: en [en-wo_accents-only].
2026-05-18T01:18:09.1046814Z aspell-autobuildhash: processing: en [en_AU-variant_0].
2026-05-18T01:18:09.1100056Z aspell-autobuildhash: processing: en [en_AU-variant_1].
2026-05-18T01:18:09.1166616Z aspell-autobuildhash: processing: en [en_AU-w_accents-only].
2026-05-18T01:18:09.1242140Z aspell-autobuildhash: processing: en [en_AU-wo_accents-only].
2026-05-18T01:18:09.1319231Z aspell-autobuildhash: processing: en [en_CA-variant_0].
2026-05-18T01:18:09.1374221Z aspell-autobuildhash: processing: en [en_CA-variant_1].
2026-05-18T01:18:09.1441487Z aspell-autobuildhash: processing: en [en_CA-w_accents-only].
2026-05-18T01:18:09.1512075Z aspell-autobuildhash: processing: en [en_CA-wo_accents-only].
2026-05-18T01:18:09.1583452Z aspell-autobuildhash: processing: en [en_GB-ise-w_accents-only].
2026-05-18T01:18:09.1656924Z aspell-autobuildhash: processing: en [en_GB-ise-wo_accents-only].
2026-05-18T01:18:09.1728910Z aspell-autobuildhash: processing: en [en_GB-ize-w_accents-only].
2026-05-18T01:18:09.1800143Z aspell-autobuildhash: processing: en [en_GB-ize-wo_accents-only].
2026-05-18T01:18:09.1870586Z aspell-autobuildhash: processing: en [en_GB-variant_0].
2026-05-18T01:18:09.1921640Z aspell-autobuildhash: processing: en [en_GB-variant_1].
2026-05-18T01:18:09.1987388Z aspell-autobuildhash: processing: en [en_US-w_accents-only].
2026-05-18T01:18:09.2061127Z aspell-autobuildhash: processing: en [en_US-wo_accents-only].
2026-05-18T01:18:09.8291172Z 
2026-05-18T01:18:09.8293382Z Running kernel seems to be up-to-date.
2026-05-18T01:18:09.8293745Z 
2026-05-18T01:18:09.8293871Z No services need to be restarted.
2026-05-18T01:18:09.8294111Z 
2026-05-18T01:18:09.8294241Z No containers need to be restarted.
2026-05-18T01:18:09.8294479Z 
2026-05-18T01:18:09.8294645Z No user sessions are running outdated binaries.
2026-05-18T01:18:09.8295318Z 
2026-05-18T01:18:09.8295609Z No VM guests are running outdated hypervisor (qemu) binaries on this host.
2026-05-18T01:18:10.9904696Z _R_CHECK_CRAN_INCOMING_USE_ASPELL_=true
2026-05-18T01:18:10.9952347Z ##[group]Run r-lib/actions/setup-pandoc@v2
2026-05-18T01:18:10.9952620Z with:
2026-05-18T01:18:10.9952806Z   pandoc-version: 3.8.3
2026-05-18T01:18:10.9953005Z env:
2026-05-18T01:18:10.9953189Z   _R_CHECK_PKG_SIZES_: FALSE
2026-05-18T01:18:10.9953427Z   R_REMOTES_NO_ERRORS_FROM_WARNINGS: true
2026-05-18T01:18:10.9953705Z   R_KEEP_PKG_SOURCE: yes
2026-05-18T01:18:10.9953927Z   _R_CHECK_SYSTEM_CLOCK_: false
2026-05-18T01:18:10.9954165Z   _R_CHECK_FUTURE_FILE_TIMESTAMPS_: false
2026-05-18T01:18:10.9954407Z   RGL_USE_NULL: true
2026-05-18T01:18:10.9954628Z   _R_CHECK_CRAN_INCOMING_CHECK_FILE_URIS_: true
2026-05-18T01:18:10.9954916Z   _R_CHECK_CRAN_INCOMING_NOTE_GNU_MAKE_: true
2026-05-18T01:18:10.9955214Z   _R_CHECK_PACKAGE_DEPENDS_IGNORE_MISSING_ENHANCES_: true
2026-05-18T01:18:10.9955547Z   _R_CHECK_CODE_CLASS_IS_STRING_: true
2026-05-18T01:18:10.9956332Z   _R_CHECK_CODOC_VARIABLES_IN_USAGES_: true
2026-05-18T01:18:10.9956614Z   _R_CHECK_CONNECTIONS_LEFT_OPEN_: true
2026-05-18T01:18:10.9956863Z   _R_CHECK_DATALIST_: true
2026-05-18T01:18:10.9957077Z   _R_CHECK_NEWS_IN_PLAIN_TEXT_: true
2026-05-18T01:18:10.9957351Z   _R_CHECK_PACKAGES_USED_CRAN_INCOMING_NOTES_: true
2026-05-18T01:18:10.9957628Z   _R_CHECK_RD_CONTENTS_KEYWORDS_: true
2026-05-18T01:18:10.9957865Z   _R_CHECK_R_DEPENDS_: warn
2026-05-18T01:18:10.9958108Z   _R_CHECK_S3_METHODS_SHOW_POSSIBLE_ISSUES_: true
2026-05-18T01:18:10.9958387Z   _R_CHECK_THINGS_IN_TEMP_DIR_: true
2026-05-18T01:18:10.9958626Z   _R_CHECK_UNDOC_USE_ALL_NAMES_: true
2026-05-18T01:18:10.9958867Z   _R_CHECK_URLS_SHOW_301_STATUS_: true
2026-05-18T01:18:10.9959103Z   _R_CXX_USE_NO_REMAP_: true
2026-05-18T01:18:10.9959347Z   _R_CHECK_CRAN_INCOMING_SKIP_LARGE_VERSION_: true
2026-05-18T01:18:10.9959628Z   _R_CHECK_FORCE_SUGGESTS_: false
2026-05-18T01:18:10.9959882Z   _R_CHECK_THINGS_IN_OTHER_DIRS_: true
2026-05-18T01:18:10.9960123Z   _R_CHECK_BASHISMS_: true
2026-05-18T01:18:10.9960344Z   _R_CHECK_CRAN_INCOMING_USE_ASPELL_: true
2026-05-18T01:18:10.9960594Z ##[endgroup]
2026-05-18T01:18:11.0831445Z ##[group]Download pandoc
2026-05-18T01:18:11.5710485Z [command]/usr/bin/tar xz --warning=no-unknown-keyword --overwrite -C /home/runner/work/_temp/30dec583-5ec5-4206-8082-25227efcfa7b -f /home/runner/work/_temp/cd23dcc5-c6ac-4278-add6-2f9a3c2ec13d
2026-05-18T01:18:12.6094623Z ##[group]Run r-lib/actions/setup-r@v2
2026-05-18T01:18:12.6094899Z with:
2026-05-18T01:18:12.6095083Z   r-version: release
2026-05-18T01:18:12.6095277Z   install-r: true
2026-05-18T01:18:12.6095480Z   use-public-rspm: true
2026-05-18T01:18:12.6095680Z   Ncpus: 1
2026-05-18T01:18:12.6096490Z   remove-openmp-macos: true
2026-05-18T01:18:12.6096749Z   windows-path-include-rtools: true
2026-05-18T01:18:12.6097015Z   windows-path-include-mingw: true
2026-05-18T01:18:12.6097252Z   update-rtools: false
2026-05-18T01:18:12.6097473Z   working-directory: .
2026-05-18T01:18:12.6097654Z env:
2026-05-18T01:18:12.6097830Z   _R_CHECK_PKG_SIZES_: FALSE
2026-05-18T01:18:12.6098070Z   R_REMOTES_NO_ERRORS_FROM_WARNINGS: true
2026-05-18T01:18:12.6098316Z   R_KEEP_PKG_SOURCE: yes
2026-05-18T01:18:12.6098522Z   _R_CHECK_SYSTEM_CLOCK_: false
2026-05-18T01:18:12.6098747Z   _R_CHECK_FUTURE_FILE_TIMESTAMPS_: false
2026-05-18T01:18:12.6098986Z   RGL_USE_NULL: true
2026-05-18T01:18:12.6099202Z   _R_CHECK_CRAN_INCOMING_CHECK_FILE_URIS_: true
2026-05-18T01:18:12.6099710Z   _R_CHECK_CRAN_INCOMING_NOTE_GNU_MAKE_: true
2026-05-18T01:18:12.6100018Z   _R_CHECK_PACKAGE_DEPENDS_IGNORE_MISSING_ENHANCES_: true
2026-05-18T01:18:12.6100328Z   _R_CHECK_CODE_CLASS_IS_STRING_: true
2026-05-18T01:18:12.6100584Z   _R_CHECK_CODOC_VARIABLES_IN_USAGES_: true
2026-05-18T01:18:12.6100841Z   _R_CHECK_CONNECTIONS_LEFT_OPEN_: true
2026-05-18T01:18:12.6101088Z   _R_CHECK_DATALIST_: true
2026-05-18T01:18:12.6101297Z   _R_CHECK_NEWS_IN_PLAIN_TEXT_: true
2026-05-18T01:18:12.6101716Z   _R_CHECK_PACKAGES_USED_CRAN_INCOMING_NOTES_: true
2026-05-18T01:18:12.6101994Z   _R_CHECK_RD_CONTENTS_KEYWORDS_: true
2026-05-18T01:18:12.6102235Z   _R_CHECK_R_DEPENDS_: warn
2026-05-18T01:18:12.6102469Z   _R_CHECK_S3_METHODS_SHOW_POSSIBLE_ISSUES_: true
2026-05-18T01:18:12.6102740Z   _R_CHECK_THINGS_IN_TEMP_DIR_: true
2026-05-18T01:18:12.6102983Z   _R_CHECK_UNDOC_USE_ALL_NAMES_: true
2026-05-18T01:18:12.6103216Z   _R_CHECK_URLS_SHOW_301_STATUS_: true
2026-05-18T01:18:12.6103458Z   _R_CXX_USE_NO_REMAP_: true
2026-05-18T01:18:12.6103707Z   _R_CHECK_CRAN_INCOMING_SKIP_LARGE_VERSION_: true
2026-05-18T01:18:12.6103994Z   _R_CHECK_FORCE_SUGGESTS_: false
2026-05-18T01:18:12.6104230Z   _R_CHECK_THINGS_IN_OTHER_DIRS_: true
2026-05-18T01:18:12.6104472Z   _R_CHECK_BASHISMS_: true
2026-05-18T01:18:12.6104704Z   _R_CHECK_CRAN_INCOMING_USE_ASPELL_: true
2026-05-18T01:18:12.6104944Z ##[endgroup]
2026-05-18T01:18:12.7156905Z (node:3061) [DEP0169] DeprecationWarning: `url.parse()` behavior is not standardized and prone to errors that have security implications. Use the WHATWG URL API instead. CVEs are not issued for `url.parse()` vulnerabilities.
2026-05-18T01:18:12.7158121Z (Use `node --trace-deprecation ...` to show where the warning was created)
2026-05-18T01:18:17.7210631Z ##[error]Error: Request timeout: /rversions/resolve/release/linux-ubuntu-24.04/x86_64
2026-05-18T01:18:22.5039117Z ##[group]Run # Check status of this workflow
2026-05-18T01:18:22.5039475Z [36;1m# Check status of this workflow[0m
2026-05-18T01:18:22.5039752Z [36;1mif [ "failure" == "success" ]; then[0m
2026-05-18T01:18:22.5040017Z [36;1m  state="success"[0m
2026-05-18T01:18:22.5040232Z [36;1melse[0m
2026-05-18T01:18:22.5040410Z [36;1m  state="failure"[0m
2026-05-18T01:18:22.5040616Z [36;1mfi[0m
2026-05-18T01:18:22.5040787Z [36;1m[0m
2026-05-18T01:18:22.5040941Z [36;1msha=[0m
2026-05-18T01:18:22.5041132Z [36;1mif [ -z "${sha}" ]; then[0m
2026-05-18T01:18:22.5041421Z [36;1m  sha=c20877c1cf0f4926aaf1a7cd4931050d048ddfe7[0m
2026-05-18T01:18:22.5041717Z [36;1mfi[0m
2026-05-18T01:18:22.5041890Z [36;1mif [ -z "${sha}" ]; then[0m
2026-05-18T01:18:22.5042163Z [36;1m  sha=e57a48e059ccc9b06d3e702a9b76b2fc5440d91c[0m
2026-05-18T01:18:22.5042423Z [36;1mfi[0m
2026-05-18T01:18:22.5042612Z [36;1m  sha=$(git rev-parse ${sha})[0m
2026-05-18T01:18:22.5042855Z [36;1m[0m
2026-05-18T01:18:22.5043074Z [36;1mhtml_url=$(gh api \[0m
2026-05-18T01:18:22.5043361Z [36;1m  -H "Accept: application/vnd.github+json" \[0m
2026-05-18T01:18:22.5043695Z [36;1m  -H "X-GitHub-Api-Version: 2022-11-28" \[0m
2026-05-18T01:18:22.5044074Z [36;1m  repos/krlmlr/duckdb-r/actions/runs/26005691618 | jq -r .html_url)[0m
2026-05-18T01:18:22.5044430Z [36;1m[0m
2026-05-18T01:18:22.5044617Z [36;1mdescription="rcc / rcc-smoke"[0m
2026-05-18T01:18:22.5044854Z [36;1m[0m
2026-05-18T01:18:22.5045024Z [36;1mgh api \[0m
2026-05-18T01:18:22.5045220Z [36;1m  --method POST \[0m
2026-05-18T01:18:22.5045485Z [36;1m  -H "Accept: application/vnd.github+json" \[0m
2026-05-18T01:18:22.5046025Z [36;1m  -H "X-GitHub-Api-Version: 2022-11-28" \[0m
2026-05-18T01:18:22.5046333Z [36;1m  repos/krlmlr/duckdb-r/statuses/${sha} \[0m
2026-05-18T01:18:22.5046784Z [36;1m  -f "state=${state}" -f "target_url=${html_url}" -f "description=${description}" -f "context=rcc"[0m
2026-05-18T01:18:22.5084130Z shell: /usr/bin/bash --noprofile --norc -e -o pipefail {0}
2026-05-18T01:18:22.5084453Z env:
2026-05-18T01:18:22.5084639Z   _R_CHECK_PKG_SIZES_: FALSE
2026-05-18T01:18:22.5084881Z   R_REMOTES_NO_ERRORS_FROM_WARNINGS: true
2026-05-18T01:18:22.5085141Z   R_KEEP_PKG_SOURCE: yes
2026-05-18T01:18:22.5085349Z   _R_CHECK_SYSTEM_CLOCK_: false
2026-05-18T01:18:22.5085589Z   _R_CHECK_FUTURE_FILE_TIMESTAMPS_: false
2026-05-18T01:18:22.5086013Z   RGL_USE_NULL: true
2026-05-18T01:18:22.5086247Z   _R_CHECK_CRAN_INCOMING_CHECK_FILE_URIS_: true
2026-05-18T01:18:22.5086540Z   _R_CHECK_CRAN_INCOMING_NOTE_GNU_MAKE_: true
2026-05-18T01:18:22.5086852Z   _R_CHECK_PACKAGE_DEPENDS_IGNORE_MISSING_ENHANCES_: true
2026-05-18T01:18:22.5087369Z   _R_CHECK_CODE_CLASS_IS_STRING_: true
2026-05-18T01:18:22.5087624Z   _R_CHECK_CODOC_VARIABLES_IN_USAGES_: true
2026-05-18T01:18:22.5087897Z   _R_CHECK_CONNECTIONS_LEFT_OPEN_: true
2026-05-18T01:18:22.5088138Z   _R_CHECK_DATALIST_: true
2026-05-18T01:18:22.5088363Z   _R_CHECK_NEWS_IN_PLAIN_TEXT_: true
2026-05-18T01:18:22.5088640Z   _R_CHECK_PACKAGES_USED_CRAN_INCOMING_NOTES_: true
2026-05-18T01:18:22.5088935Z   _R_CHECK_RD_CONTENTS_KEYWORDS_: true
2026-05-18T01:18:22.5089180Z   _R_CHECK_R_DEPENDS_: warn
2026-05-18T01:18:22.5089422Z   _R_CHECK_S3_METHODS_SHOW_POSSIBLE_ISSUES_: true
2026-05-18T01:18:22.5089697Z   _R_CHECK_THINGS_IN_TEMP_DIR_: true
2026-05-18T01:18:22.5089932Z   _R_CHECK_UNDOC_USE_ALL_NAMES_: true
2026-05-18T01:18:22.5090181Z   _R_CHECK_URLS_SHOW_301_STATUS_: true
2026-05-18T01:18:22.5090422Z   _R_CXX_USE_NO_REMAP_: true
2026-05-18T01:18:22.5090680Z   _R_CHECK_CRAN_INCOMING_SKIP_LARGE_VERSION_: true
2026-05-18T01:18:22.5090958Z   _R_CHECK_FORCE_SUGGESTS_: false
2026-05-18T01:18:22.5091216Z   _R_CHECK_THINGS_IN_OTHER_DIRS_: true
2026-05-18T01:18:22.5091465Z   _R_CHECK_BASHISMS_: true
2026-05-18T01:18:22.5091692Z   _R_CHECK_CRAN_INCOMING_USE_ASPELL_: true
2026-05-18T01:18:22.5092380Z   GH_TOKEN: ***
2026-05-18T01:18:22.5092577Z ##[endgroup]
2026-05-18T01:18:23.0676077Z {"url":"https://api.github.com/repos/krlmlr/duckdb-r/statuses/c20877c1cf0f4926aaf1a7cd4931050d048ddfe7","avatar_url":"https://avatars.githubusercontent.com/in/15368?v=4","id":47533283491,"node_id":"SC_kwDOKNSgSc8AAAALETRYow","state":"failure","description":"rcc / rcc-smoke","target_url":"https://github.com/krlmlr/duckdb-r/actions/runs/26005691618","context":"rcc","created_at":"2026-05-18T01:18:22Z","updated_at":"2026-05-18T01:18:22Z","creator":{"login":"github-actions[bot]","id":41898282,"node_id":"MDM6Qm90NDE4OTgyODI=","avatar_url":"https://avatars.githubusercontent.com/in/15368?v=4","gravatar_id":"","url":"https://api.github.com/users/github-actions%5Bbot%5D","html_url":"https://github.com/apps/github-actions","followers_url":"https://api.github.com/users/github-actions%5Bbot%5D/followers","following_url":"https://api.github.com/users/github-actions%5Bbot%5D/following{/other_user}","gists_url":"https://api.github.com/users/github-actions%5Bbot%5D/gists{/gist_id}","starred_url":"https://api.github.com/users/github-actions%5Bbot%5D/starred{/owner}{/repo}","subscriptions_url":"https://api.github.com/users/github-actions%5Bbot%5D/subscriptions","organizations_url":"https://api.github.com/users/github-actions%5Bbot%5D/orgs","repos_url":"https://api.github.com/users/github-actions%5Bbot%5D/repos","events_url":"https://api.github.com/users/github-actions%5Bbot%5D/events{/privacy}","received_events_url":"https://api.github.com/users/github-actions%5Bbot%5D/received_events","type":"Bot","user_view_type":"public","site_admin":false}}
2026-05-18T01:18:23.0815596Z Post job cleanup.
2026-05-18T01:18:23.0871573Z Post job cleanup.
2026-05-18T01:18:23.1758580Z [command]/usr/bin/git version
2026-05-18T01:18:23.1796039Z git version 2.54.0
2026-05-18T01:18:23.1833808Z Temporarily overriding HOME='/home/runner/work/_temp/61191b27-3414-4119-9626-707e5af5c256' before making global git config changes
2026-05-18T01:18:23.1835034Z Adding repository directory to the temporary git global config as a safe directory
2026-05-18T01:18:23.1840185Z [command]/usr/bin/git config --global --add safe.directory /home/runner/work/duckdb-r/duckdb-r
2026-05-18T01:18:23.1872264Z Removing SSH command configuration
2026-05-18T01:18:23.1879095Z [command]/usr/bin/git config --local --name-only --get-regexp core\.sshCommand
2026-05-18T01:18:23.1914155Z [command]/usr/bin/git submodule foreach --recursive sh -c "git config --local --name-only --get-regexp 'core\.sshCommand' && git config --local --unset-all 'core.sshCommand' || :"
2026-05-18T01:18:23.2157215Z Removing HTTP extra header
2026-05-18T01:18:23.2162942Z [command]/usr/bin/git config --local --name-only --get-regexp http\.https\:\/\/github\.com\/\.extraheader
2026-05-18T01:18:23.2198699Z [command]/usr/bin/git submodule foreach --recursive sh -c "git config --local --name-only --get-regexp 'http\.https\:\/\/github\.com\/\.extraheader' && git config --local --unset-all 'http.https://github.com/.extraheader' || :"
2026-05-18T01:18:23.2437142Z Removing includeIf entries pointing to credentials config files
2026-05-18T01:18:23.2444732Z [command]/usr/bin/git config --local --name-only --get-regexp ^includeIf\.gitdir:
2026-05-18T01:18:23.2505903Z includeif.gitdir:/home/runner/work/duckdb-r/duckdb-r/.git.path
2026-05-18T01:18:23.2506634Z includeif.gitdir:/home/runner/work/duckdb-r/duckdb-r/.git/worktrees/*.path
2026-05-18T01:18:23.2507270Z includeif.gitdir:/github/workspace/.git.path
2026-05-18T01:18:23.2507803Z includeif.gitdir:/github/workspace/.git/worktrees/*.path
2026-05-18T01:18:23.2526744Z [command]/usr/bin/git config --local --get-all includeif.gitdir:/home/runner/work/duckdb-r/duckdb-r/.git.path
2026-05-18T01:18:23.2545995Z /home/runner/work/_temp/git-credentials-1e744e52-285f-466d-b376-1d96f43c30d3.config
2026-05-18T01:18:23.2557296Z [command]/usr/bin/git config --local --unset includeif.gitdir:/home/runner/work/duckdb-r/duckdb-r/.git.path /home/runner/work/_temp/git-credentials-1e744e52-285f-466d-b376-1d96f43c30d3.config
2026-05-18T01:18:23.2595960Z [command]/usr/bin/git config --local --get-all includeif.gitdir:/home/runner/work/duckdb-r/duckdb-r/.git/worktrees/*.path
2026-05-18T01:18:23.2620056Z /home/runner/work/_temp/git-credentials-1e744e52-285f-466d-b376-1d96f43c30d3.config
2026-05-18T01:18:23.2630383Z [command]/usr/bin/git config --local --unset includeif.gitdir:/home/runner/work/duckdb-r/duckdb-r/.git/worktrees/*.path /home/runner/work/_temp/git-credentials-1e744e52-285f-466d-b376-1d96f43c30d3.config
2026-05-18T01:18:23.2663718Z [command]/usr/bin/git config --local --get-all includeif.gitdir:/github/workspace/.git.path
2026-05-18T01:18:23.2687127Z /github/runner_temp/git-credentials-1e744e52-285f-466d-b376-1d96f43c30d3.config
2026-05-18T01:18:23.2695226Z [command]/usr/bin/git config --local --unset includeif.gitdir:/github/workspace/.git.path /github/runner_temp/git-credentials-1e744e52-285f-466d-b376-1d96f43c30d3.config
2026-05-18T01:18:23.2727805Z [command]/usr/bin/git config --local --get-all includeif.gitdir:/github/workspace/.git/worktrees/*.path
2026-05-18T01:18:23.2751272Z /github/runner_temp/git-credentials-1e744e52-285f-466d-b376-1d96f43c30d3.config
2026-05-18T01:18:23.2762614Z [command]/usr/bin/git config --local --unset includeif.gitdir:/github/workspace/.git/worktrees/*.path /github/runner_temp/git-credentials-1e744e52-285f-466d-b376-1d96f43c30d3.config
2026-05-18T01:18:23.2801539Z [command]/usr/bin/git submodule foreach --recursive git config --local --show-origin --name-only --get-regexp remote.origin.url
2026-05-18T01:18:23.3062086Z Removing credentials config '/home/runner/work/_temp/git-credentials-1e744e52-285f-466d-b376-1d96f43c30d3.config'
2026-05-18T01:18:23.3233901Z Evaluate and set job outputs
2026-05-18T01:18:23.3239983Z Cleaning up orphan processes
2026-05-17T23:21:20.7240000Z Evaluating rcc-smoke.if
2026-05-17T23:21:20.7240000Z Evaluating: success()
2026-05-17T23:21:20.7240000Z Result: true
2026-05-17T23:21:20.7250000Z Requested labels: ubuntu-24.04
2026-05-17T23:21:20.7250000Z Job defined at: krlmlr/duckdb-r/.github/workflows/R-CMD-check.yaml@refs/heads/broken-8ed27dac053c20b1012b1f614efa1c213bb20699-dev
2026-05-17T23:21:20.7250000Z Waiting for a runner to pick up this job...
2026-05-18T01:17:52.9970000Z Job is about to start running on the hosted runner: GitHub Actions 1000156156
2026-05-18T01:17:52.9970000Z Job is waiting for a hosted runner to come online.